models/apple.obj 	points number: 8118
K = 24
ModelNum = 10
Moving steps : 10
ach banchtest (10 times) totally: 10.00
cluster time (10 times) totally: 0.00
normalsize = 24
Projection time banchtest(10 times) CPU(SSE) totaly:4
duality mapping
duality mapping time (10 times) totally: 1.00
Polytopes: 24
reading 9 model configs(plus fixed one,total = 10)
build boundingbox time : 0.00
init time to build AABBTrees for model and kcbp (9 paris): 214.00
reading dynamic config transforms : 10
Collision detection cost time: 4.00
Collisions of kcbp pairs: 2
Collisions of model pairs: 2
models/apple.obj 	points number: 8118
K = 24
ModelNum = 10
Moving steps : 50
ach banchtest (10 times) totally: 9.00
cluster time (10 times) totally: 1.00
normalsize = 24
Projection time banchtest(10 times) CPU(SSE) totaly:3
duality mapping
duality mapping time (10 times) totally: 2.00
Polytopes: 24
reading 9 model configs(plus fixed one,total = 10)
build boundingbox time : 0.00
init time to build AABBTrees for model and kcbp (9 paris): 213.00
reading dynamic config transforms : 50
Collision detection cost time: 10.00
Collisions of kcbp pairs: 12
Collisions of model pairs: 10
models/apple.obj 	points number: 8118
K = 24
ModelNum = 10
Moving steps : 100
ach banchtest (10 times) totally: 15.00
cluster time (10 times) totally: 0.00
normalsize = 24
Projection time banchtest(10 times) CPU(SSE) totaly:4
duality mapping
duality mapping time (10 times) totally: 1.00
Polytopes: 24
reading 9 model configs(plus fixed one,total = 10)
build boundingbox time : 0.00
init time to build AABBTrees for model and kcbp (9 paris): 209.00
reading dynamic config transforms : 100
Collision detection cost time: 18.00
Collisions of kcbp pairs: 23
Collisions of model pairs: 20
models/apple.obj 	points number: 8118
K = 24
ModelNum = 10
Moving steps : 200
ach banchtest (10 times) totally: 19.00
cluster time (10 times) totally: 1.00
normalsize = 24
Projection time banchtest(10 times) CPU(SSE) totaly:5
duality mapping
duality mapping time (10 times) totally: 1.00
Polytopes: 24
reading 9 model configs(plus fixed one,total = 10)
build boundingbox time : 1.00
init time to build AABBTrees for model and kcbp (9 paris): 209.00
reading dynamic config transforms : 200
Collision detection cost time: 39.00
Collisions of kcbp pairs: 45
Collisions of model pairs: 42
models/apple.obj 	points number: 8118
K = 24
ModelNum = 10
Moving steps : 300
ach banchtest (10 times) totally: 15.00
cluster time (10 times) totally: 0.00
normalsize = 24
Projection time banchtest(10 times) CPU(SSE) totaly:4
duality mapping
duality mapping time (10 times) totally: 2.00
Polytopes: 24
reading 9 model configs(plus fixed one,total = 10)
build boundingbox time : 0.00
init time to build AABBTrees for model and kcbp (9 paris): 209.00
reading dynamic config transforms : 300
Collision detection cost time: 57.00
Collisions of kcbp pairs: 67
Collisions of model pairs: 61
models/apple.obj 	points number: 8118
K = 24
ModelNum = 10
Moving steps : 400
ach banchtest (10 times) totally: 12.00
cluster time (10 times) totally: 0.00
normalsize = 24
Projection time banchtest(10 times) CPU(SSE) totaly:4
duality mapping
duality mapping time (10 times) totally: 2.00
Polytopes: 24
reading 9 model configs(plus fixed one,total = 10)
build boundingbox time : 0.00
init time to build AABBTrees for model and kcbp (9 paris): 209.00
reading dynamic config transforms : 400
Collision detection cost time: 77.00
Collisions of kcbp pairs: 87
Collisions of model pairs: 79
models/apple.obj 	points number: 8118
K = 24
ModelNum = 10
Moving steps : 500
ach banchtest (10 times) totally: 9.00
cluster time (10 times) totally: 1.00
normalsize = 24
Projection time banchtest(10 times) CPU(SSE) totaly:3
duality mapping
duality mapping time (10 times) totally: 1.00
Polytopes: 24
reading 9 model configs(plus fixed one,total = 10)
build boundingbox time : 0.00
init time to build AABBTrees for model and kcbp (9 paris): 206.00
reading dynamic config transforms : 500
Collision detection cost time: 114.00
Collisions of kcbp pairs: 109
Collisions of model pairs: 99
models/apple.obj 	points number: 8118
K = 24
ModelNum = 10
Moving steps : 600
ach banchtest (10 times) totally: 10.00
cluster time (10 times) totally: 0.00
normalsize = 24
Projection time banchtest(10 times) CPU(SSE) totaly:4
duality mapping
duality mapping time (10 times) totally: 1.00
Polytopes: 24
reading 9 model configs(plus fixed one,total = 10)
build boundingbox time : 1.00
init time to build AABBTrees for model and kcbp (9 paris): 206.00
reading dynamic config transforms : 600
Collision detection cost time: 137.00
Collisions of kcbp pairs: 133
Collisions of model pairs: 121
models/apple.obj 	points number: 8118
K = 24
ModelNum = 10
Moving steps : 700
ach banchtest (10 times) totally: 9.00
cluster time (10 times) totally: 1.00
normalsize = 24
Projection time banchtest(10 times) CPU(SSE) totaly:3
duality mapping
duality mapping time (10 times) totally: 2.00
Polytopes: 24
reading 9 model configs(plus fixed one,total = 10)
build boundingbox time : 0.00
init time to build AABBTrees for model and kcbp (9 paris): 207.00
reading dynamic config transforms : 700
Collision detection cost time: 161.00
Collisions of kcbp pairs: 165
Collisions of model pairs: 149
models/apple.obj 	points number: 8118
K = 24
ModelNum = 10
Moving steps : 800
ach banchtest (10 times) totally: 23.00
cluster time (10 times) totally: 1.00
normalsize = 24
Projection time banchtest(10 times) CPU(SSE) totaly:9
duality mapping
duality mapping time (10 times) totally: 2.00
Polytopes: 24
reading 9 model configs(plus fixed one,total = 10)
build boundingbox time : 0.00
init time to build AABBTrees for model and kcbp (9 paris): 209.00
reading dynamic config transforms : 800
Collision detection cost time: 187.00
Collisions of kcbp pairs: 188
Collisions of model pairs: 169
models/apple.obj 	points number: 8118
K = 24
ModelNum = 10
Moving steps : 900
ach banchtest (10 times) totally: 22.00
cluster time (10 times) totally: 1.00
normalsize = 24
Projection time banchtest(10 times) CPU(SSE) totaly:7
duality mapping
duality mapping time (10 times) totally: 2.00
Polytopes: 24
reading 9 model configs(plus fixed one,total = 10)
build boundingbox time : 0.00
init time to build AABBTrees for model and kcbp (9 paris): 211.00
reading dynamic config transforms : 900
Collision detection cost time: 216.00
Collisions of kcbp pairs: 215
Collisions of model pairs: 192
models/apple.obj 	points number: 8118
K = 24
ModelNum = 10
Moving steps : 1000
ach banchtest (10 times) totally: 18.00
cluster time (10 times) totally: 1.00
normalsize = 24
Projection time banchtest(10 times) CPU(SSE) totaly:4
duality mapping
duality mapping time (10 times) totally: 1.00
Polytopes: 24
reading 9 model configs(plus fixed one,total = 10)
build boundingbox time : 0.00
init time to build AABBTrees for model and kcbp (9 paris): 214.00
reading dynamic config transforms : 1000
Collision detection cost time: 232.00
Collisions of kcbp pairs: 230
Collisions of model pairs: 204
