models/bunny2.obj 	points number: 2503
K = 24
ModelNum = 10
Moving steps : 10
ach banchtest (10 times) totally: 6.00
cluster time (10 times) totally: 1.00
normalsize = 24
Projection time banchtest(10 times) CPU(SSE) totaly:1
duality mapping
duality mapping time (10 times) totally: 1.00
Polytopes: 24
reading 9 model configs(plus fixed one,total = 10)
build boundingbox time : 0.00
init time to build AABBTrees for model and kcbp (9 paris): 102.00
reading dynamic config transforms : 10
Collision detection cost time: 4.00
Collisions of kcbp pairs: 5
Collisions of model pairs: 2
models/bunny2.obj 	points number: 2503
K = 24
ModelNum = 10
Moving steps : 50
ach banchtest (10 times) totally: 13.00
cluster time (10 times) totally: 2.00
normalsize = 24
Projection time banchtest(10 times) CPU(SSE) totaly:2
duality mapping
duality mapping time (10 times) totally: 3.00
Polytopes: 24
reading 9 model configs(plus fixed one,total = 10)
build boundingbox time : 0.00
init time to build AABBTrees for model and kcbp (9 paris): 107.00
reading dynamic config transforms : 50
Collision detection cost time: 12.00
Collisions of kcbp pairs: 15
Collisions of model pairs: 11
models/bunny2.obj 	points number: 2503
K = 24
ModelNum = 10
Moving steps : 100
ach banchtest (10 times) totally: 6.00
cluster time (10 times) totally: 1.00
normalsize = 24
Projection time banchtest(10 times) CPU(SSE) totaly:1
duality mapping
duality mapping time (10 times) totally: 1.00
Polytopes: 24
reading 9 model configs(plus fixed one,total = 10)
build boundingbox time : 0.00
init time to build AABBTrees for model and kcbp (9 paris): 102.00
reading dynamic config transforms : 100
Collision detection cost time: 21.00
Collisions of kcbp pairs: 25
Collisions of model pairs: 20
models/bunny2.obj 	points number: 2503
K = 24
ModelNum = 10
Moving steps : 200
ach banchtest (10 times) totally: 5.00
cluster time (10 times) totally: 1.00
normalsize = 24
Projection time banchtest(10 times) CPU(SSE) totaly:1
duality mapping
duality mapping time (10 times) totally: 1.00
Polytopes: 24
reading 9 model configs(plus fixed one,total = 10)
build boundingbox time : 0.00
init time to build AABBTrees for model and kcbp (9 paris): 102.00
reading dynamic config transforms : 200
Collision detection cost time: 42.00
Collisions of kcbp pairs: 54
Collisions of model pairs: 43
models/bunny2.obj 	points number: 2503
K = 24
ModelNum = 10
Moving steps : 300
ach banchtest (10 times) totally: 14.00
cluster time (10 times) totally: 2.00
normalsize = 24
Projection time banchtest(10 times) CPU(SSE) totaly:3
duality mapping
duality mapping time (10 times) totally: 3.00
Polytopes: 24
reading 9 model configs(plus fixed one,total = 10)
build boundingbox time : 0.00
init time to build AABBTrees for model and kcbp (9 paris): 112.00
reading dynamic config transforms : 300
Collision detection cost time: 57.00
Collisions of kcbp pairs: 76
Collisions of model pairs: 62
models/bunny2.obj 	points number: 2503
K = 24
ModelNum = 10
Moving steps : 400
ach banchtest (10 times) totally: 6.00
cluster time (10 times) totally: 1.00
normalsize = 24
Projection time banchtest(10 times) CPU(SSE) totaly:1
duality mapping
duality mapping time (10 times) totally: 3.00
Polytopes: 24
reading 9 model configs(plus fixed one,total = 10)
build boundingbox time : 0.00
init time to build AABBTrees for model and kcbp (9 paris): 113.00
reading dynamic config transforms : 400
Collision detection cost time: 79.00
Collisions of kcbp pairs: 103
Collisions of model pairs: 82
models/bunny2.obj 	points number: 2503
K = 24
ModelNum = 10
Moving steps : 500
ach banchtest (10 times) totally: 6.00
cluster time (10 times) totally: 1.00
normalsize = 24
Projection time banchtest(10 times) CPU(SSE) totaly:1
duality mapping
duality mapping time (10 times) totally: 1.00
Polytopes: 24
reading 9 model configs(plus fixed one,total = 10)
build boundingbox time : 0.00
init time to build AABBTrees for model and kcbp (9 paris): 102.00
reading dynamic config transforms : 500
Collision detection cost time: 102.00
Collisions of kcbp pairs: 129
Collisions of model pairs: 102
models/bunny2.obj 	points number: 2503
K = 24
ModelNum = 10
Moving steps : 600
ach banchtest (10 times) totally: 13.00
cluster time (10 times) totally: 2.00
normalsize = 24
Projection time banchtest(10 times) CPU(SSE) totaly:3
duality mapping
duality mapping time (10 times) totally: 3.00
Polytopes: 24
reading 9 model configs(plus fixed one,total = 10)
build boundingbox time : 0.00
init time to build AABBTrees for model and kcbp (9 paris): 107.00
reading dynamic config transforms : 600
Collision detection cost time: 124.00
Collisions of kcbp pairs: 156
Collisions of model pairs: 122
models/bunny2.obj 	points number: 2503
K = 24
ModelNum = 10
Moving steps : 700
ach banchtest (10 times) totally: 6.00
cluster time (10 times) totally: 1.00
normalsize = 24
Projection time banchtest(10 times) CPU(SSE) totaly:1
duality mapping
duality mapping time (10 times) totally: 1.00
Polytopes: 24
reading 9 model configs(plus fixed one,total = 10)
build boundingbox time : 0.00
init time to build AABBTrees for model and kcbp (9 paris): 103.00
reading dynamic config transforms : 700
Collision detection cost time: 144.00
Collisions of kcbp pairs: 187
Collisions of model pairs: 147
models/bunny2.obj 	points number: 2503
K = 24
ModelNum = 10
Moving steps : 800
ach banchtest (10 times) totally: 5.00
cluster time (10 times) totally: 1.00
normalsize = 24
Projection time banchtest(10 times) CPU(SSE) totaly:1
duality mapping
duality mapping time (10 times) totally: 1.00
Polytopes: 24
reading 9 model configs(plus fixed one,total = 10)
build boundingbox time : 0.00
init time to build AABBTrees for model and kcbp (9 paris): 105.00
reading dynamic config transforms : 800
Collision detection cost time: 172.00
Collisions of kcbp pairs: 217
Collisions of model pairs: 170
models/bunny2.obj 	points number: 2503
K = 24
ModelNum = 10
Moving steps : 900
ach banchtest (10 times) totally: 8.00
cluster time (10 times) totally: 2.00
normalsize = 24
Projection time banchtest(10 times) CPU(SSE) totaly:2
duality mapping
duality mapping time (10 times) totally: 3.00
Polytopes: 24
reading 9 model configs(plus fixed one,total = 10)
build boundingbox time : 0.00
init time to build AABBTrees for model and kcbp (9 paris): 109.00
reading dynamic config transforms : 900
Collision detection cost time: 193.00
Collisions of kcbp pairs: 243
Collisions of model pairs: 191
models/bunny2.obj 	points number: 2503
K = 24
ModelNum = 10
Moving steps : 1000
ach banchtest (10 times) totally: 13.00
cluster time (10 times) totally: 2.00
normalsize = 24
Projection time banchtest(10 times) CPU(SSE) totaly:3
duality mapping
duality mapping time (10 times) totally: 3.00
Polytopes: 24
reading 9 model configs(plus fixed one,total = 10)
build boundingbox time : 0.00
init time to build AABBTrees for model and kcbp (9 paris): 107.00
reading dynamic config transforms : 1000
Collision detection cost time: 210.00
Collisions of kcbp pairs: 259
Collisions of model pairs: 202
