models/hand.obj 	points number: 64349
K = 24
ModelNum = 10
Moving steps : 10
ach banchtest (10 times) totally: 27.00
cluster time (10 times) totally: 1.00
normalsize = 24
Projection time banchtest(10 times) CPU(SSE) totaly:26
duality mapping
duality mapping time (10 times) totally: 2.00
Polytopes: 24
reading 9 model configs(plus fixed one,total = 10)
build boundingbox time : 2.00
init time to build AABBTrees for model and GJK for kcbp (9 pairs): 4428.00
reading dynamic config transforms : 10
Collision detection cost time: 0.00
Collisions of kcbp pairs: 0
Collisions of model pairs: 0
models/hand.obj 	points number: 64349
K = 24
ModelNum = 10
Moving steps : 50
ach banchtest (10 times) totally: 27.00
cluster time (10 times) totally: 1.00
normalsize = 24
Projection time banchtest(10 times) CPU(SSE) totaly:27
duality mapping
duality mapping time (10 times) totally: 1.00
Polytopes: 24
reading 9 model configs(plus fixed one,total = 10)
build boundingbox time : 2.00
init time to build AABBTrees for model and GJK for kcbp (9 pairs): 4436.00
reading dynamic config transforms : 50
Collision detection cost time: 0.00
Collisions of kcbp pairs: 2
Collisions of model pairs: 1
models/hand.obj 	points number: 64349
K = 24
ModelNum = 10
Moving steps : 100
ach banchtest (10 times) totally: 27.00
cluster time (10 times) totally: 1.00
normalsize = 24
Projection time banchtest(10 times) CPU(SSE) totaly:26
duality mapping
duality mapping time (10 times) totally: 2.00
Polytopes: 24
reading 9 model configs(plus fixed one,total = 10)
build boundingbox time : 2.00
init time to build AABBTrees for model and GJK for kcbp (9 pairs): 4430.00
reading dynamic config transforms : 100
Collision detection cost time: 7.00
Collisions of kcbp pairs: 6
Collisions of model pairs: 3
models/hand.obj 	points number: 64349
K = 24
ModelNum = 10
Moving steps : 200
ach banchtest (10 times) totally: 27.00
cluster time (10 times) totally: 1.00
normalsize = 24
Projection time banchtest(10 times) CPU(SSE) totaly:26
duality mapping
duality mapping time (10 times) totally: 1.00
Polytopes: 24
reading 9 model configs(plus fixed one,total = 10)
build boundingbox time : 2.00
init time to build AABBTrees for model and GJK for kcbp (9 pairs): 4415.00
reading dynamic config transforms : 200
Collision detection cost time: 12.00
Collisions of kcbp pairs: 19
Collisions of model pairs: 14
models/hand.obj 	points number: 64349
K = 24
ModelNum = 10
Moving steps : 300
ach banchtest (10 times) totally: 26.00
cluster time (10 times) totally: 1.00
normalsize = 24
Projection time banchtest(10 times) CPU(SSE) totaly:26
duality mapping
duality mapping time (10 times) totally: 2.00
Polytopes: 24
reading 9 model configs(plus fixed one,total = 10)
build boundingbox time : 2.00
init time to build AABBTrees for model and GJK for kcbp (9 pairs): 4434.00
reading dynamic config transforms : 300
Collision detection cost time: 14.00
Collisions of kcbp pairs: 30
Collisions of model pairs: 20
models/hand.obj 	points number: 64349
K = 24
ModelNum = 10
Moving steps : 400
ach banchtest (10 times) totally: 27.00
cluster time (10 times) totally: 1.00
normalsize = 24
Projection time banchtest(10 times) CPU(SSE) totaly:26
duality mapping
duality mapping time (10 times) totally: 1.00
Polytopes: 24
reading 9 model configs(plus fixed one,total = 10)
build boundingbox time : 2.00
init time to build AABBTrees for model and GJK for kcbp (9 pairs): 4454.00
reading dynamic config transforms : 400
Collision detection cost time: 17.00
Collisions of kcbp pairs: 38
Collisions of model pairs: 27
models/hand.obj 	points number: 64349
K = 24
ModelNum = 10
Moving steps : 500
ach banchtest (10 times) totally: 27.00
cluster time (10 times) totally: 0.00
normalsize = 24
Projection time banchtest(10 times) CPU(SSE) totaly:27
duality mapping
duality mapping time (10 times) totally: 1.00
Polytopes: 24
reading 9 model configs(plus fixed one,total = 10)
build boundingbox time : 2.00
init time to build AABBTrees for model and GJK for kcbp (9 pairs): 4439.00
reading dynamic config transforms : 500
Collision detection cost time: 22.00
Collisions of kcbp pairs: 46
Collisions of model pairs: 33
models/hand.obj 	points number: 64349
K = 24
ModelNum = 10
Moving steps : 600
ach banchtest (10 times) totally: 27.00
cluster time (10 times) totally: 1.00
normalsize = 24
Projection time banchtest(10 times) CPU(SSE) totaly:27
duality mapping
duality mapping time (10 times) totally: 1.00
Polytopes: 24
reading 9 model configs(plus fixed one,total = 10)
build boundingbox time : 1.00
init time to build AABBTrees for model and GJK for kcbp (9 pairs): 4444.00
reading dynamic config transforms : 600
Collision detection cost time: 25.00
Collisions of kcbp pairs: 55
Collisions of model pairs: 41
models/hand.obj 	points number: 64349
K = 24
ModelNum = 10
Moving steps : 700
ach banchtest (10 times) totally: 27.00
cluster time (10 times) totally: 1.00
normalsize = 24
Projection time banchtest(10 times) CPU(SSE) totaly:26
duality mapping
duality mapping time (10 times) totally: 1.00
Polytopes: 24
reading 9 model configs(plus fixed one,total = 10)
build boundingbox time : 2.00
init time to build AABBTrees for model and GJK for kcbp (9 pairs): 4477.00
reading dynamic config transforms : 700
Collision detection cost time: 35.00
Collisions of kcbp pairs: 67
Collisions of model pairs: 48
models/hand.obj 	points number: 64349
K = 24
ModelNum = 10
Moving steps : 800
ach banchtest (10 times) totally: 27.00
cluster time (10 times) totally: 1.00
normalsize = 24
Projection time banchtest(10 times) CPU(SSE) totaly:26
duality mapping
duality mapping time (10 times) totally: 1.00
Polytopes: 24
reading 9 model configs(plus fixed one,total = 10)
build boundingbox time : 2.00
init time to build AABBTrees for model and GJK for kcbp (9 pairs): 4508.00
reading dynamic config transforms : 800
Collision detection cost time: 42.00
Collisions of kcbp pairs: 74
Collisions of model pairs: 55
models/hand.obj 	points number: 64349
K = 24
ModelNum = 10
Moving steps : 900
ach banchtest (10 times) totally: 27.00
cluster time (10 times) totally: 1.00
normalsize = 24
Projection time banchtest(10 times) CPU(SSE) totaly:26
duality mapping
duality mapping time (10 times) totally: 1.00
Polytopes: 24
reading 9 model configs(plus fixed one,total = 10)
build boundingbox time : 1.00
init time to build AABBTrees for model and GJK for kcbp (9 pairs): 4425.00
reading dynamic config transforms : 900
Collision detection cost time: 48.00
Collisions of kcbp pairs: 86
Collisions of model pairs: 62
models/hand.obj 	points number: 64349
K = 24
ModelNum = 10
Moving steps : 1000
ach banchtest (10 times) totally: 28.00
cluster time (10 times) totally: 0.00
normalsize = 24
Projection time banchtest(10 times) CPU(SSE) totaly:27
duality mapping
duality mapping time (10 times) totally: 1.00
Polytopes: 24
reading 9 model configs(plus fixed one,total = 10)
build boundingbox time : 2.00
init time to build AABBTrees for model and GJK for kcbp (9 pairs): 4427.00
reading dynamic config transforms : 1000
Collision detection cost time: 54.00
Collisions of kcbp pairs: 90
Collisions of model pairs: 65
