models/hand.obj 	points number: 64349
K = 24
ModelNum = 10
Moving steps : 10
ach banchtest (10 times) totally: 27.00
cluster time (10 times) totally: 1.00
normalsize = 24
Projection time banchtest(10 times) CPU(SSE) totaly:26
duality mapping
duality mapping time (10 times) totally: 1.00
Polytopes: 24
reading 9 model configs(plus fixed one,total = 10)
build boundingbox time : 2.00
init time to build AABBTrees for model and kcbp (9 paris): 4507.00
reading dynamic config transforms : 10
Collision detection cost time: 1.00
Collisions of kcbp pairs: 0
Collisions of model pairs: 0
models/hand.obj 	points number: 64349
K = 24
ModelNum = 10
Moving steps : 50
ach banchtest (10 times) totally: 28.00
cluster time (10 times) totally: 1.00
normalsize = 24
Projection time banchtest(10 times) CPU(SSE) totaly:26
duality mapping
duality mapping time (10 times) totally: 1.00
Polytopes: 24
reading 9 model configs(plus fixed one,total = 10)
build boundingbox time : 2.00
init time to build AABBTrees for model and kcbp (9 paris): 4452.00
reading dynamic config transforms : 50
Collision detection cost time: 4.00
Collisions of kcbp pairs: 2
Collisions of model pairs: 1
models/hand.obj 	points number: 64349
K = 24
ModelNum = 10
Moving steps : 100
ach banchtest (10 times) totally: 27.00
cluster time (10 times) totally: 1.00
normalsize = 24
Projection time banchtest(10 times) CPU(SSE) totaly:26
duality mapping
duality mapping time (10 times) totally: 2.00
Polytopes: 24
reading 9 model configs(plus fixed one,total = 10)
build boundingbox time : 2.00
init time to build AABBTrees for model and kcbp (9 paris): 4459.00
reading dynamic config transforms : 100
Collision detection cost time: 13.00
Collisions of kcbp pairs: 6
Collisions of model pairs: 3
models/hand.obj 	points number: 64349
K = 24
ModelNum = 10
Moving steps : 200
ach banchtest (10 times) totally: 27.00
cluster time (10 times) totally: 1.00
normalsize = 24
Projection time banchtest(10 times) CPU(SSE) totaly:26
duality mapping
duality mapping time (10 times) totally: 1.00
Polytopes: 24
reading 9 model configs(plus fixed one,total = 10)
build boundingbox time : 2.00
init time to build AABBTrees for model and kcbp (9 paris): 4457.00
reading dynamic config transforms : 200
Collision detection cost time: 27.00
Collisions of kcbp pairs: 19
Collisions of model pairs: 14
models/hand.obj 	points number: 64349
K = 24
ModelNum = 10
Moving steps : 300
ach banchtest (10 times) totally: 27.00
cluster time (10 times) totally: 0.00
normalsize = 24
Projection time banchtest(10 times) CPU(SSE) totaly:27
duality mapping
duality mapping time (10 times) totally: 1.00
Polytopes: 24
reading 9 model configs(plus fixed one,total = 10)
build boundingbox time : 2.00
init time to build AABBTrees for model and kcbp (9 paris): 4482.00
reading dynamic config transforms : 300
Collision detection cost time: 35.00
Collisions of kcbp pairs: 30
Collisions of model pairs: 20
models/hand.obj 	points number: 64349
K = 24
ModelNum = 10
Moving steps : 400
ach banchtest (10 times) totally: 27.00
cluster time (10 times) totally: 1.00
normalsize = 24
Projection time banchtest(10 times) CPU(SSE) totaly:26
duality mapping
duality mapping time (10 times) totally: 2.00
Polytopes: 24
reading 9 model configs(plus fixed one,total = 10)
build boundingbox time : 2.00
init time to build AABBTrees for model and kcbp (9 paris): 4479.00
reading dynamic config transforms : 400
Collision detection cost time: 45.00
Collisions of kcbp pairs: 38
Collisions of model pairs: 27
models/hand.obj 	points number: 64349
K = 24
ModelNum = 10
Moving steps : 500
ach banchtest (10 times) totally: 27.00
cluster time (10 times) totally: 1.00
normalsize = 24
Projection time banchtest(10 times) CPU(SSE) totaly:26
duality mapping
duality mapping time (10 times) totally: 1.00
Polytopes: 24
reading 9 model configs(plus fixed one,total = 10)
build boundingbox time : 2.00
init time to build AABBTrees for model and kcbp (9 paris): 4474.00
reading dynamic config transforms : 500
Collision detection cost time: 58.00
Collisions of kcbp pairs: 46
Collisions of model pairs: 33
models/hand.obj 	points number: 64349
K = 24
ModelNum = 10
Moving steps : 600
ach banchtest (10 times) totally: 27.00
cluster time (10 times) totally: 1.00
normalsize = 24
Projection time banchtest(10 times) CPU(SSE) totaly:27
duality mapping
duality mapping time (10 times) totally: 1.00
Polytopes: 24
reading 9 model configs(plus fixed one,total = 10)
build boundingbox time : 2.00
init time to build AABBTrees for model and kcbp (9 paris): 4467.00
reading dynamic config transforms : 600
Collision detection cost time: 71.00
Collisions of kcbp pairs: 55
Collisions of model pairs: 41
models/hand.obj 	points number: 64349
K = 24
ModelNum = 10
Moving steps : 700
ach banchtest (10 times) totally: 27.00
cluster time (10 times) totally: 1.00
normalsize = 24
Projection time banchtest(10 times) CPU(SSE) totaly:27
duality mapping
duality mapping time (10 times) totally: 2.00
Polytopes: 24
reading 9 model configs(plus fixed one,total = 10)
build boundingbox time : 2.00
init time to build AABBTrees for model and kcbp (9 paris): 4413.00
reading dynamic config transforms : 700
Collision detection cost time: 88.00
Collisions of kcbp pairs: 67
Collisions of model pairs: 48
models/hand.obj 	points number: 64349
K = 24
ModelNum = 10
Moving steps : 800
ach banchtest (10 times) totally: 27.00
cluster time (10 times) totally: 1.00
normalsize = 24
Projection time banchtest(10 times) CPU(SSE) totaly:26
duality mapping
duality mapping time (10 times) totally: 2.00
Polytopes: 24
reading 9 model configs(plus fixed one,total = 10)
build boundingbox time : 2.00
init time to build AABBTrees for model and kcbp (9 paris): 4463.00
reading dynamic config transforms : 800
Collision detection cost time: 101.00
Collisions of kcbp pairs: 74
Collisions of model pairs: 55
models/hand.obj 	points number: 64349
K = 24
ModelNum = 10
Moving steps : 900
ach banchtest (10 times) totally: 27.00
cluster time (10 times) totally: 1.00
normalsize = 24
Projection time banchtest(10 times) CPU(SSE) totaly:27
duality mapping
duality mapping time (10 times) totally: 1.00
Polytopes: 24
reading 9 model configs(plus fixed one,total = 10)
build boundingbox time : 2.00
init time to build AABBTrees for model and kcbp (9 paris): 4499.00
reading dynamic config transforms : 900
Collision detection cost time: 118.00
Collisions of kcbp pairs: 86
Collisions of model pairs: 62
models/hand.obj 	points number: 64349
K = 24
ModelNum = 10
Moving steps : 1000
ach banchtest (10 times) totally: 27.00
cluster time (10 times) totally: 1.00
normalsize = 24
Projection time banchtest(10 times) CPU(SSE) totaly:26
duality mapping
duality mapping time (10 times) totally: 2.00
Polytopes: 24
reading 9 model configs(plus fixed one,total = 10)
build boundingbox time : 2.00
init time to build AABBTrees for model and kcbp (9 paris): 4472.00
reading dynamic config transforms : 1000
Collision detection cost time: 128.00
Collisions of kcbp pairs: 90
Collisions of model pairs: 65
