models/hand.obj 	points number: 64349
K = 24
ModelNum = 10
ach banchtest (10 times) totally: 27.00
cluster time (10 times) totally: 1.00
normalsize = 24
Projection time banchtest(10 times) CPU(SSE) totaly:27
duality mapping
duality mapping time (10 times) totally: 1.00
Polytopes: 24
reading 9 model configs(plus fixed one,total = 10)
build boundingbox time : 2.00
collision detection box time: 0.00
box collision size: 1
build AABB time : 497.00
build AABB count: 2
The Following result uses KCBP(AABB) filter first
build AABB time 4 KCBP : 0.00
kcbp collision size(AABB filter) : 0
kcbp model check count: 2
total collision time(KCBP AABB filter) : 0.00
collision pairs : 0
The Following result uses KCBP(GJK) filter first
init GJK time 4 KCBP : 0.00
kcbp collision size(GJK filter) : 0
total collision time(KCBP GJK filter) : 0.00
collision pairs : 0
models/hand.obj 	points number: 64349
K = 24
ModelNum = 20
ach banchtest (20 times) totally: 53.00
cluster time (20 times) totally: 2.00
normalsize = 24
Projection time banchtest(20 times) CPU(SSE) totaly:52
duality mapping
duality mapping time (20 times) totally: 2.00
Polytopes: 24
reading 19 model configs(plus fixed one,total = 20)
build boundingbox time : 6.00
collision detection box time: 0.00
box collision size: 3
build AABB time : 1216.00
build AABB count: 5
The Following result uses KCBP(AABB) filter first
build AABB time 4 KCBP : 0.00
kcbp collision size(AABB filter) : 2
kcbp model check count: 5
total collision time(KCBP AABB filter) : 0.00
collision pairs : 2
The Following result uses KCBP(GJK) filter first
init GJK time 4 KCBP : 0.00
kcbp collision size(GJK filter) : 2
total collision time(KCBP GJK filter) : 0.00
collision pairs : 2
models/hand.obj 	points number: 64349
K = 24
ModelNum = 30
ach banchtest (30 times) totally: 80.00
cluster time (30 times) totally: 2.00
normalsize = 24
Projection time banchtest(30 times) CPU(SSE) totaly:77
duality mapping
duality mapping time (30 times) totally: 4.00
Polytopes: 24
reading 29 model configs(plus fixed one,total = 30)
build boundingbox time : 6.00
collision detection box time: 0.00
box collision size: 29
build AABB time : 5352.00
build AABB count: 22
The Following result uses KCBP(AABB) filter first
build AABB time 4 KCBP : 0.00
kcbp collision size(AABB filter) : 11
kcbp model check count: 22
total collision time(KCBP AABB filter) : 1.00
collision pairs : 7
The Following result uses KCBP(GJK) filter first
init GJK time 4 KCBP : 1.00
kcbp collision size(GJK filter) : 11
total collision time(KCBP GJK filter) : 0.00
collision pairs : 7
models/hand.obj 	points number: 64349
K = 24
ModelNum = 40
ach banchtest (40 times) totally: 106.00
cluster time (40 times) totally: 3.00
normalsize = 24
Projection time banchtest(40 times) CPU(SSE) totaly:103
duality mapping
duality mapping time (40 times) totally: 5.00
Polytopes: 24
reading 39 model configs(plus fixed one,total = 40)
build boundingbox time : 11.00
collision detection box time: 0.00
box collision size: 15
build AABB time : 6543.00
build AABB count: 27
The Following result uses KCBP(AABB) filter first
build AABB time 4 KCBP : 1.00
kcbp collision size(AABB filter) : 11
kcbp model check count: 27
total collision time(KCBP AABB filter) : 1.00
collision pairs : 8
The Following result uses KCBP(GJK) filter first
init GJK time 4 KCBP : 1.00
kcbp collision size(GJK filter) : 11
total collision time(KCBP GJK filter) : 0.00
collision pairs : 8
models/hand.obj 	points number: 64349
K = 24
ModelNum = 50
ach banchtest (50 times) totally: 134.00
cluster time (50 times) totally: 4.00
normalsize = 24
Projection time banchtest(50 times) CPU(SSE) totaly:132
duality mapping
duality mapping time (50 times) totally: 6.00
Polytopes: 24
reading 49 model configs(plus fixed one,total = 50)
build boundingbox time : 13.00
collision detection box time: 0.00
box collision size: 27
build AABB time : 7646.00
build AABB count: 31
The Following result uses KCBP(AABB) filter first
build AABB time 4 KCBP : 2.00
kcbp collision size(AABB filter) : 16
kcbp model check count: 31
total collision time(KCBP AABB filter) : 1.00
collision pairs : 11
The Following result uses KCBP(GJK) filter first
init GJK time 4 KCBP : 1.00
kcbp collision size(GJK filter) : 16
total collision time(KCBP GJK filter) : 0.00
collision pairs : 11
models/hand.obj 	points number: 64349
K = 24
ModelNum = 60
ach banchtest (60 times) totally: 160.00
cluster time (60 times) totally: 4.00
normalsize = 24
Projection time banchtest(60 times) CPU(SSE) totaly:155
duality mapping
duality mapping time (60 times) totally: 7.00
Polytopes: 24
reading 59 model configs(plus fixed one,total = 60)
build boundingbox time : 16.00
collision detection box time: 0.00
box collision size: 43
build AABB time : 11855.00
build AABB count: 48
The Following result uses KCBP(AABB) filter first
build AABB time 4 KCBP : 2.00
kcbp collision size(AABB filter) : 28
kcbp model check count: 48
total collision time(KCBP AABB filter) : 2.00
collision pairs : 16
The Following result uses KCBP(GJK) filter first
init GJK time 4 KCBP : 1.00
kcbp collision size(GJK filter) : 28
total collision time(KCBP GJK filter) : 1.00
collision pairs : 16
models/hand.obj 	points number: 64349
K = 24
ModelNum = 70
ach banchtest (70 times) totally: 186.00
cluster time (70 times) totally: 5.00
normalsize = 24
Projection time banchtest(70 times) CPU(SSE) totaly:179
models/hand.obj 	points number: 64349
K = 24
ModelNum = 80
ach banchtest (80 times) totally: 212.00
cluster time (80 times) totally: 6.00
normalsize = 24
Projection time banchtest(80 times) CPU(SSE) totaly:203
models/hand.obj 	points number: 64349
K = 24
ModelNum = 90
ach banchtest (90 times) totally: 236.00
cluster time (90 times) totally: 7.00
normalsize = 24
Projection time banchtest(90 times) CPU(SSE) totaly:231
models/hand.obj 	points number: 64349
K = 24
ModelNum = 100
ach banchtest (100 times) totally: 264.00
cluster time (100 times) totally: 8.00
normalsize = 24
Projection time banchtest(100 times) CPU(SSE) totaly:269
