models/apple.obj 	points number: 8118
K = 24
ModelNum = 2
Moving steps : 10
ach banchtest (2 times) totally: 5.00
cluster time (2 times) totally: 0.00
normalsize = 24
Projection time banchtest(2 times) CPU(SSE) totaly:1
duality mapping
duality mapping time (2 times) totally: 0.00
Polytopes: 24
reading 1 model configs(plus fixed one,total = 2)
build boundingbox time : 1.00
init time to build AABBTrees for model and kcbp (1 paris): 31.00
reading dynamic config transforms : 10
Collision detection cost time: 0.00
Collisions of kcbp pairs: 0
Collisions of model pairs: 0
models/apple.obj 	points number: 8118
K = 24
ModelNum = 2
Moving steps : 50
ach banchtest (2 times) totally: 4.00
cluster time (2 times) totally: 1.00
normalsize = 24
Projection time banchtest(2 times) CPU(SSE) totaly:1
duality mapping
duality mapping time (2 times) totally: 1.00
Polytopes: 24
reading 1 model configs(plus fixed one,total = 2)
build boundingbox time : 0.00
init time to build AABBTrees for model and kcbp (1 paris): 24.00
reading dynamic config transforms : 50
Collision detection cost time: 1.00
Collisions of kcbp pairs: 0
Collisions of model pairs: 0
models/apple.obj 	points number: 8118
K = 24
ModelNum = 2
Moving steps : 100
ach banchtest (2 times) totally: 2.00
cluster time (2 times) totally: 0.00
normalsize = 24
Projection time banchtest(2 times) CPU(SSE) totaly:1
duality mapping
duality mapping time (2 times) totally: 0.00
Polytopes: 24
reading 1 model configs(plus fixed one,total = 2)
build boundingbox time : 0.00
init time to build AABBTrees for model and kcbp (1 paris): 24.00
reading dynamic config transforms : 100
Collision detection cost time: 8.00
Collisions of kcbp pairs: 4
Collisions of model pairs: 4
models/apple.obj 	points number: 8118
K = 24
ModelNum = 2
Moving steps : 200
ach banchtest (2 times) totally: 5.00
cluster time (2 times) totally: 0.00
normalsize = 24
Projection time banchtest(2 times) CPU(SSE) totaly:2
duality mapping
duality mapping time (2 times) totally: 0.00
Polytopes: 24
reading 1 model configs(plus fixed one,total = 2)
build boundingbox time : 0.00
init time to build AABBTrees for model and kcbp (1 paris): 29.00
reading dynamic config transforms : 200
Collision detection cost time: 1.00
Collisions of kcbp pairs: 1
Collisions of model pairs: 1
models/apple.obj 	points number: 8118
K = 24
ModelNum = 2
Moving steps : 300
ach banchtest (2 times) totally: 3.00
cluster time (2 times) totally: 0.00
normalsize = 24
Projection time banchtest(2 times) CPU(SSE) totaly:1
duality mapping
duality mapping time (2 times) totally: 0.00
Polytopes: 24
reading 1 model configs(plus fixed one,total = 2)
build boundingbox time : 0.00
init time to build AABBTrees for model and kcbp (1 paris): 23.00
reading dynamic config transforms : 300
Collision detection cost time: 2.00
Collisions of kcbp pairs: 2
Collisions of model pairs: 2
models/apple.obj 	points number: 8118
K = 24
ModelNum = 2
Moving steps : 400
ach banchtest (2 times) totally: 2.00
cluster time (2 times) totally: 0.00
normalsize = 24
Projection time banchtest(2 times) CPU(SSE) totaly:1
duality mapping
duality mapping time (2 times) totally: 0.00
Polytopes: 24
reading 1 model configs(plus fixed one,total = 2)
build boundingbox time : 0.00
init time to build AABBTrees for model and kcbp (1 paris): 25.00
reading dynamic config transforms : 400
Collision detection cost time: 6.00
Collisions of kcbp pairs: 6
Collisions of model pairs: 5
models/apple.obj 	points number: 8118
K = 24
ModelNum = 2
Moving steps : 500
ach banchtest (2 times) totally: 2.00
cluster time (2 times) totally: 1.00
normalsize = 24
Projection time banchtest(2 times) CPU(SSE) totaly:0
duality mapping
duality mapping time (2 times) totally: 1.00
Polytopes: 24
reading 1 model configs(plus fixed one,total = 2)
build boundingbox time : 0.00
init time to build AABBTrees for model and kcbp (1 paris): 27.00
reading dynamic config transforms : 500
Collision detection cost time: 10.00
Collisions of kcbp pairs: 8
Collisions of model pairs: 8
models/apple.obj 	points number: 8118
K = 24
ModelNum = 2
Moving steps : 600
ach banchtest (2 times) totally: 4.00
cluster time (2 times) totally: 1.00
normalsize = 24
Projection time banchtest(2 times) CPU(SSE) totaly:1
duality mapping
duality mapping time (2 times) totally: 1.00
Polytopes: 24
reading 1 model configs(plus fixed one,total = 2)
build boundingbox time : 0.00
init time to build AABBTrees for model and kcbp (1 paris): 23.00
reading dynamic config transforms : 600
Collision detection cost time: 12.00
Collisions of kcbp pairs: 12
Collisions of model pairs: 12
models/apple.obj 	points number: 8118
K = 24
ModelNum = 2
Moving steps : 700
ach banchtest (2 times) totally: 4.00
cluster time (2 times) totally: 1.00
normalsize = 24
Projection time banchtest(2 times) CPU(SSE) totaly:1
duality mapping
duality mapping time (2 times) totally: 1.00
Polytopes: 24
reading 1 model configs(plus fixed one,total = 2)
build boundingbox time : 0.00
init time to build AABBTrees for model and kcbp (1 paris): 25.00
reading dynamic config transforms : 700
Collision detection cost time: 14.00
Collisions of kcbp pairs: 13
Collisions of model pairs: 13
models/apple.obj 	points number: 8118
K = 24
ModelNum = 2
Moving steps : 800
ach banchtest (2 times) totally: 5.00
cluster time (2 times) totally: 0.00
normalsize = 24
Projection time banchtest(2 times) CPU(SSE) totaly:2
duality mapping
duality mapping time (2 times) totally: 0.00
Polytopes: 24
reading 1 model configs(plus fixed one,total = 2)
build boundingbox time : 1.00
init time to build AABBTrees for model and kcbp (1 paris): 25.00
reading dynamic config transforms : 800
Collision detection cost time: 12.00
Collisions of kcbp pairs: 12
Collisions of model pairs: 12
models/apple.obj 	points number: 8118
K = 24
ModelNum = 2
Moving steps : 900
ach banchtest (2 times) totally: 4.00
cluster time (2 times) totally: 0.00
normalsize = 24
Projection time banchtest(2 times) CPU(SSE) totaly:2
duality mapping
duality mapping time (2 times) totally: 1.00
Polytopes: 24
reading 1 model configs(plus fixed one,total = 2)
build boundingbox time : 0.00
init time to build AABBTrees for model and kcbp (1 paris): 26.00
reading dynamic config transforms : 900
Collision detection cost time: 9.00
Collisions of kcbp pairs: 11
Collisions of model pairs: 11
models/apple.obj 	points number: 8118
K = 24
ModelNum = 2
Moving steps : 1000
ach banchtest (2 times) totally: 5.00
cluster time (2 times) totally: 0.00
normalsize = 24
Projection time banchtest(2 times) CPU(SSE) totaly:2
duality mapping
duality mapping time (2 times) totally: 0.00
Polytopes: 24
reading 1 model configs(plus fixed one,total = 2)
build boundingbox time : 0.00
init time to build AABBTrees for model and kcbp (1 paris): 28.00
reading dynamic config transforms : 1000
Collision detection cost time: 27.00
Collisions of kcbp pairs: 22
Collisions of model pairs: 20
