models/hand.obj 	points number: 64349
K = 24
ModelNum = 2
Moving steps : 10
ach banchtest (2 times) totally: 6.00
cluster time (2 times) totally: 0.00
normalsize = 24
Projection time banchtest(2 times) CPU(SSE) totaly:5
duality mapping
duality mapping time (2 times) totally: 1.00
Polytopes: 24
reading 1 model configs(plus fixed one,total = 2)
build boundingbox time : 0.00
init time to build AABBTrees for model and kcbp (1 paris): 520.00
reading dynamic config transforms : 10
Collision detection cost time: 0.00
Collisions of kcbp pairs: 0
Collisions of model pairs: 0
models/hand.obj 	points number: 64349
K = 24
ModelNum = 2
Moving steps : 50
ach banchtest (2 times) totally: 5.00
cluster time (2 times) totally: 1.00
normalsize = 24
Projection time banchtest(2 times) CPU(SSE) totaly:5
duality mapping
duality mapping time (2 times) totally: 0.00
Polytopes: 24
reading 1 model configs(plus fixed one,total = 2)
build boundingbox time : 1.00
init time to build AABBTrees for model and kcbp (1 paris): 489.00
reading dynamic config transforms : 50
Collision detection cost time: 0.00
Collisions of kcbp pairs: 0
Collisions of model pairs: 0
models/hand.obj 	points number: 64349
K = 24
ModelNum = 2
Moving steps : 100
ach banchtest (2 times) totally: 6.00
cluster time (2 times) totally: 1.00
normalsize = 24
Projection time banchtest(2 times) CPU(SSE) totaly:6
duality mapping
duality mapping time (2 times) totally: 0.00
Polytopes: 24
reading 1 model configs(plus fixed one,total = 2)
build boundingbox time : 0.00
init time to build AABBTrees for model and kcbp (1 paris): 488.00
reading dynamic config transforms : 100
Collision detection cost time: 2.00
Collisions of kcbp pairs: 2
Collisions of model pairs: 1
models/hand.obj 	points number: 64349
K = 24
ModelNum = 2
Moving steps : 200
ach banchtest (2 times) totally: 5.00
cluster time (2 times) totally: 0.00
normalsize = 24
Projection time banchtest(2 times) CPU(SSE) totaly:6
duality mapping
duality mapping time (2 times) totally: 0.00
Polytopes: 24
reading 1 model configs(plus fixed one,total = 2)
build boundingbox time : 1.00
init time to build AABBTrees for model and kcbp (1 paris): 488.00
reading dynamic config transforms : 200
Collision detection cost time: 2.00
Collisions of kcbp pairs: 0
Collisions of model pairs: 0
models/hand.obj 	points number: 64349
K = 24
ModelNum = 2
Moving steps : 300
ach banchtest (2 times) totally: 5.00
cluster time (2 times) totally: 1.00
normalsize = 24
Projection time banchtest(2 times) CPU(SSE) totaly:5
duality mapping
duality mapping time (2 times) totally: 0.00
Polytopes: 24
reading 1 model configs(plus fixed one,total = 2)
build boundingbox time : 0.00
init time to build AABBTrees for model and kcbp (1 paris): 493.00
reading dynamic config transforms : 300
Collision detection cost time: 1.00
Collisions of kcbp pairs: 1
Collisions of model pairs: 1
models/hand.obj 	points number: 64349
K = 24
ModelNum = 2
Moving steps : 400
ach banchtest (2 times) totally: 6.00
cluster time (2 times) totally: 0.00
normalsize = 24
Projection time banchtest(2 times) CPU(SSE) totaly:5
duality mapping
duality mapping time (2 times) totally: 1.00
Polytopes: 24
reading 1 model configs(plus fixed one,total = 2)
build boundingbox time : 0.00
init time to build AABBTrees for model and kcbp (1 paris): 489.00
reading dynamic config transforms : 400
Collision detection cost time: 6.00
Collisions of kcbp pairs: 1
Collisions of model pairs: 0
models/hand.obj 	points number: 64349
K = 24
ModelNum = 2
Moving steps : 500
ach banchtest (2 times) totally: 5.00
cluster time (2 times) totally: 0.00
normalsize = 24
Projection time banchtest(2 times) CPU(SSE) totaly:6
duality mapping
duality mapping time (2 times) totally: 0.00
Polytopes: 24
reading 1 model configs(plus fixed one,total = 2)
build boundingbox time : 1.00
init time to build AABBTrees for model and kcbp (1 paris): 490.00
reading dynamic config transforms : 500
Collision detection cost time: 5.00
Collisions of kcbp pairs: 2
Collisions of model pairs: 2
models/hand.obj 	points number: 64349
K = 24
ModelNum = 2
Moving steps : 600
ach banchtest (2 times) totally: 5.00
cluster time (2 times) totally: 1.00
normalsize = 24
Projection time banchtest(2 times) CPU(SSE) totaly:5
duality mapping
duality mapping time (2 times) totally: 0.00
Polytopes: 24
reading 1 model configs(plus fixed one,total = 2)
build boundingbox time : 0.00
init time to build AABBTrees for model and kcbp (1 paris): 489.00
reading dynamic config transforms : 600
Collision detection cost time: 7.00
Collisions of kcbp pairs: 6
Collisions of model pairs: 4
models/hand.obj 	points number: 64349
K = 24
ModelNum = 2
Moving steps : 700
ach banchtest (2 times) totally: 7.00
cluster time (2 times) totally: 0.00
normalsize = 24
Projection time banchtest(2 times) CPU(SSE) totaly:6
duality mapping
duality mapping time (2 times) totally: 0.00
Polytopes: 24
reading 1 model configs(plus fixed one,total = 2)
build boundingbox time : 1.00
init time to build AABBTrees for model and kcbp (1 paris): 503.00
reading dynamic config transforms : 700
Collision detection cost time: 24.00
Collisions of kcbp pairs: 6
Collisions of model pairs: 2
models/hand.obj 	points number: 64349
K = 24
ModelNum = 2
Moving steps : 800
ach banchtest (2 times) totally: 6.00
cluster time (2 times) totally: 0.00
normalsize = 24
Projection time banchtest(2 times) CPU(SSE) totaly:5
duality mapping
duality mapping time (2 times) totally: 1.00
Polytopes: 24
reading 1 model configs(plus fixed one,total = 2)
build boundingbox time : 0.00
init time to build AABBTrees for model and kcbp (1 paris): 492.00
reading dynamic config transforms : 800
Collision detection cost time: 8.00
Collisions of kcbp pairs: 5
Collisions of model pairs: 4
models/hand.obj 	points number: 64349
K = 24
ModelNum = 2
Moving steps : 900
ach banchtest (2 times) totally: 6.00
cluster time (2 times) totally: 0.00
normalsize = 24
Projection time banchtest(2 times) CPU(SSE) totaly:6
duality mapping
duality mapping time (2 times) totally: 0.00
Polytopes: 24
reading 1 model configs(plus fixed one,total = 2)
build boundingbox time : 0.00
init time to build AABBTrees for model and kcbp (1 paris): 488.00
reading dynamic config transforms : 900
Collision detection cost time: 9.00
Collisions of kcbp pairs: 4
Collisions of model pairs: 4
models/hand.obj 	points number: 64349
K = 24
ModelNum = 2
Moving steps : 1000
ach banchtest (2 times) totally: 5.00
cluster time (2 times) totally: 1.00
normalsize = 24
Projection time banchtest(2 times) CPU(SSE) totaly:5
duality mapping
duality mapping time (2 times) totally: 0.00
Polytopes: 24
reading 1 model configs(plus fixed one,total = 2)
build boundingbox time : 0.00
init time to build AABBTrees for model and kcbp (1 paris): 491.00
reading dynamic config transforms : 1000
Collision detection cost time: 10.00
Collisions of kcbp pairs: 10
Collisions of model pairs: 6
