  ColBoxtree.cpp
  ColConvexHull.cpp
D:\github\kcbp_cgal_cuda\CollDet\common\qhull\qhull.h(673): warning C4273: “qh_printsummary”: dll 链接不一致
          D:\github\kcbp_cgal_cuda\CollDet\common\qhull\qhull.h(652) : 参见“qh_printsummary”的前一个定义
D:\github\kcbp_cgal_cuda\CollDet\common\qhull\qhull_a.h(120): warning C4273: “qh_printsummary”: dll 链接不一致
          D:\github\kcbp_cgal_cuda\CollDet\common\qhull\qhull.h(652) : 参见“qh_printsummary”的前一个定义
  ColDopTree.cpp
..\..\coll\ColDopTree.cpp(140): warning C4351: 新增行为: 默认情况下初始化数组“col::DopTransform::o”的元素
..\..\coll\ColDopTree.cpp(140): warning C4351: 新增行为: 默认情况下初始化数组“col::DopTransform::Bb”的元素
..\..\coll\ColDopTree.cpp(310): warning C4351: 新增行为: 默认情况下初始化数组“col::Dop::d”的元素
  ColExceptions.cpp
  ColGrid.cpp
  ColGridCell.cpp
  ColGridObj.cpp
  ColIntersect.cpp
  Collision.cpp
..\..\coll\Collision.cpp(123): warning C4351: 新增行为: 默认情况下初始化数组“col::Data::dop”的元素
  ColObj.cpp
  ColPipelineData.cpp
  ColRequest.cpp
  ColTopology.cpp
  ColUtils.cpp
  ColVisDebug.cpp
  lulgs.cpp
  nrutil.cpp
  正在生成代码...
     正在创建库 ..\..\install\lib\win\Release\CollDet.lib 和对象 ..\..\install\lib\win\Release\CollDet.exp
  CollDet.vcxproj -> D:\github\kcbp_cgal_cuda\CollDet\visual_studio\CollDet\..\..\install\lib\win\Release\CollDet.dll
