D:\CPP\COLLISION DETECTION\COLLDET\COLLDET\INSTALL\LIB\WIN\RELEASE\NRUTIL.OBJ
D:\CPP\COLLISION DETECTION\COLLDET\COLLDET\INSTALL\LIB\WIN\RELEASE\LULGS.OBJ
D:\CPP\COLLISION DETECTION\COLLDET\COLLDET\INSTALL\LIB\WIN\RELEASE\COLVISDEBUG.OBJ
D:\CPP\COLLISION DETECTION\COLLDET\COLLDET\INSTALL\LIB\WIN\RELEASE\COLUTILS.OBJ
D:\CPP\COLLISION DETECTION\COLLDET\COLLDET\INSTALL\LIB\WIN\RELEASE\COLTOPOLOGY.OBJ
D:\CPP\COLLISION DETECTION\COLLDET\COLLDET\INSTALL\LIB\WIN\RELEASE\COLREQUEST.OBJ
D:\CPP\COLLISION DETECTION\COLLDET\COLLDET\INSTALL\LIB\WIN\RELEASE\COLPIPELINEDATA.OBJ
D:\CPP\COLLISION DETECTION\COLLDET\COLLDET\INSTALL\LIB\WIN\RELEASE\COLOBJ.OBJ
D:\CPP\COLLISION DETECTION\COLLDET\COLLDET\INSTALL\LIB\WIN\RELEASE\COLLISION.OBJ
D:\CPP\COLLISION DETECTION\COLLDET\COLLDET\INSTALL\LIB\WIN\RELEASE\COLINTERSECT.OBJ
D:\CPP\COLLISION DETECTION\COLLDET\COLLDET\INSTALL\LIB\WIN\RELEASE\COLGRIDOBJ.OBJ
D:\CPP\COLLISION DETECTION\COLLDET\COLLDET\INSTALL\LIB\WIN\RELEASE\COLGRIDCELL.OBJ
D:\CPP\COLLISION DETECTION\COLLDET\COLLDET\INSTALL\LIB\WIN\RELEASE\COLGRID.OBJ
D:\CPP\COLLISION DETECTION\COLLDET\COLLDET\INSTALL\LIB\WIN\RELEASE\COLEXCEPTIONS.OBJ
D:\CPP\COLLISION DETECTION\COLLDET\COLLDET\INSTALL\LIB\WIN\RELEASE\COLDOPTREE.OBJ
D:\CPP\COLLISION DETECTION\COLLDET\COLLDET\INSTALL\LIB\WIN\RELEASE\COLCONVEXHULL.OBJ
D:\CPP\COLLISION DETECTION\COLLDET\COLLDET\INSTALL\LIB\WIN\RELEASE\COLBOXTREE.OBJ
D:\CPP\COLLISION DETECTION\COLLDET\COLLDET\INSTALL\LIB\WIN\RELEASE\VC110.PDB
D:\cpp\collision detection\CollDet\CollDet\install\lib\win\Release\CollDet.lib
D:\cpp\collision detection\CollDet\CollDet\install\lib\win\Release\CollDet.exp
D:\CPP\COLLISION DETECTION\COLLDET\COLLDET\INSTALL\LIB\WIN\RELEASE\COLLDET.DLL
D:\cpp\collision detection\CollDet\CollDet\install\lib\win\Release\ColBoxtree.obj
D:\cpp\collision detection\CollDet\CollDet\install\lib\win\Release\ColConvexHull.obj
D:\cpp\collision detection\CollDet\CollDet\install\lib\win\Release\ColDopTree.obj
D:\cpp\collision detection\CollDet\CollDet\install\lib\win\Release\ColExceptions.obj
D:\cpp\collision detection\CollDet\CollDet\install\lib\win\Release\ColGrid.obj
D:\cpp\collision detection\CollDet\CollDet\install\lib\win\Release\ColGridCell.obj
D:\cpp\collision detection\CollDet\CollDet\install\lib\win\Release\ColGridObj.obj
D:\cpp\collision detection\CollDet\CollDet\install\lib\win\Release\ColIntersect.obj
D:\cpp\collision detection\CollDet\CollDet\install\lib\win\Release\Collision.obj
D:\cpp\collision detection\CollDet\CollDet\install\lib\win\Release\ColObj.obj
D:\cpp\collision detection\CollDet\CollDet\install\lib\win\Release\ColPipelineData.obj
D:\cpp\collision detection\CollDet\CollDet\install\lib\win\Release\ColRequest.obj
D:\cpp\collision detection\CollDet\CollDet\install\lib\win\Release\ColTopology.obj
D:\cpp\collision detection\CollDet\CollDet\install\lib\win\Release\ColUtils.obj
D:\cpp\collision detection\CollDet\CollDet\install\lib\win\Release\ColVisDebug.obj
D:\cpp\collision detection\CollDet\CollDet\install\lib\win\Release\lulgs.obj
D:\cpp\collision detection\CollDet\CollDet\install\lib\win\Release\nrutil.obj
D:\cpp\collision detection\CollDet\CollDet\install\lib\win\Release\cl.command.1.tlog
D:\cpp\collision detection\CollDet\CollDet\install\lib\win\Release\CL.read.1.tlog
D:\cpp\collision detection\CollDet\CollDet\install\lib\win\Release\CL.write.1.tlog
D:\cpp\collision detection\CollDet\CollDet\install\lib\win\Release\CollDet.write.1.tlog
D:\cpp\collision detection\CollDet\CollDet\install\lib\win\Release\link-cvtres.read.1.tlog
D:\cpp\collision detection\CollDet\CollDet\install\lib\win\Release\link-cvtres.write.1.tlog
D:\cpp\collision detection\CollDet\CollDet\install\lib\win\Release\link-rc.read.1.tlog
D:\cpp\collision detection\CollDet\CollDet\install\lib\win\Release\link-rc.write.1.tlog
D:\cpp\collision detection\CollDet\CollDet\install\lib\win\Release\link.command.1.tlog
D:\cpp\collision detection\CollDet\CollDet\install\lib\win\Release\link.read.1.tlog
D:\cpp\collision detection\CollDet\CollDet\install\lib\win\Release\link.write.1.tlog
D:\cpp\collision detection\CollDet\CollDet\install\lib\win\Release\qhull.exp
D:\cpp\collision detection\CollDet\CollDet\install\lib\win\Release\vc110.pdb
D:\cpp\collision detection\CollDet\CollDet\visual_studio\CollDet\..\..\install\lib\win\Release\CollDet.dll
