models/dinosaur.obj 	points number: 40277
K = 6
ModelNum = 100
ach banchtest (100 times) totally: 176.00
cluster time (100 times) totally: 0.00
normalsize = 6
Projection time banchtest(100 times) CPU(SSE) totaly:49
duality mapping
duality mapping time (100 times) totally: 2.00
Polytopes: 6
reading 99 model configs(plus fixed one,total = 100)
build boundingbox time : 14.00
collision detection box time: 0.00
box collision size: 106
build AABB time : 9325.00
build AABB count: 77
The Following result uses KCBP(AABB) filter first
build AABB time 4 KCBP : 0.00
kcbp collision size(AABB filter) : 76
kcbp model check count: 77
total collision time(KCBP AABB filter) : 3.00
collision pairs : 21
The Following result uses KCBP(GJK) filter first
init GJK time 4 KCBP : 1.00
kcbp collision size(GJK filter) : 76
total collision time(KCBP GJK filter) : 2.00
collision pairs : 21
models/dinosaur.obj 	points number: 40277
K = 8
ModelNum = 100
ach banchtest (100 times) totally: 177.00
cluster time (100 times) totally: 1.00
normalsize = 8
Projection time banchtest(100 times) CPU(SSE) totaly:62
duality mapping
duality mapping time (100 times) totally: 3.00
Polytopes: 8
reading 99 model configs(plus fixed one,total = 100)
build boundingbox time : 15.00
collision detection box time: 0.00
box collision size: 106
build AABB time : 9587.00
build AABB count: 77
The Following result uses KCBP(AABB) filter first
build AABB time 4 KCBP : 1.00
kcbp collision size(AABB filter) : 50
kcbp model check count: 77
total collision time(KCBP AABB filter) : 3.00
collision pairs : 21
The Following result uses KCBP(GJK) filter first
init GJK time 4 KCBP : 1.00
kcbp collision size(GJK filter) : 50
total collision time(KCBP GJK filter) : 2.00
collision pairs : 21
models/dinosaur.obj 	points number: 40277
K = 10
ModelNum = 100
ach banchtest (100 times) totally: 173.00
cluster time (100 times) totally: 1.00
normalsize = 10
Projection time banchtest(100 times) CPU(SSE) totaly:73
duality mapping
duality mapping time (100 times) totally: 3.00
Polytopes: 10
reading 99 model configs(plus fixed one,total = 100)
build boundingbox time : 13.00
collision detection box time: 0.00
box collision size: 106
build AABB time : 9452.00
build AABB count: 77
The Following result uses KCBP(AABB) filter first
build AABB time 4 KCBP : 0.00
kcbp collision size(AABB filter) : 43
kcbp model check count: 77
total collision time(KCBP AABB filter) : 4.00
collision pairs : 21
The Following result uses KCBP(GJK) filter first
init GJK time 4 KCBP : 1.00
kcbp collision size(GJK filter) : 43
total collision time(KCBP GJK filter) : 3.00
collision pairs : 21
models/dinosaur.obj 	points number: 40277
K = 12
ModelNum = 100
ach banchtest (100 times) totally: 199.00
cluster time (100 times) totally: 1.00
normalsize = 12
Projection time banchtest(100 times) CPU(SSE) totaly:103
duality mapping
duality mapping time (100 times) totally: 5.00
Polytopes: 12
reading 99 model configs(plus fixed one,total = 100)
build boundingbox time : 19.00
collision detection box time: 0.00
box collision size: 106
build AABB time : 9376.00
build AABB count: 77
The Following result uses KCBP(AABB) filter first
build AABB time 4 KCBP : 1.00
kcbp collision size(AABB filter) : 41
kcbp model check count: 77
total collision time(KCBP AABB filter) : 4.00
collision pairs : 21
The Following result uses KCBP(GJK) filter first
init GJK time 4 KCBP : 1.00
kcbp collision size(GJK filter) : 41
total collision time(KCBP GJK filter) : 3.00
collision pairs : 21
models/dinosaur.obj 	points number: 40277
K = 14
ModelNum = 100
ach banchtest (100 times) totally: 175.00
cluster time (100 times) totally: 2.00
normalsize = 14
Projection time banchtest(100 times) CPU(SSE) totaly:99
duality mapping
duality mapping time (100 times) totally: 6.00
Polytopes: 14
reading 99 model configs(plus fixed one,total = 100)
build boundingbox time : 14.00
collision detection box time: 0.00
box collision size: 106
build AABB time : 9528.00
build AABB count: 77
The Following result uses KCBP(AABB) filter first
build AABB time 4 KCBP : 1.00
kcbp collision size(AABB filter) : 40
kcbp model check count: 77
total collision time(KCBP AABB filter) : 4.00
collision pairs : 21
The Following result uses KCBP(GJK) filter first
init GJK time 4 KCBP : 1.00
kcbp collision size(GJK filter) : 40
total collision time(KCBP GJK filter) : 3.00
collision pairs : 21
models/dinosaur.obj 	points number: 40277
K = 16
ModelNum = 100
ach banchtest (100 times) totally: 173.00
cluster time (100 times) totally: 2.00
normalsize = 16
Projection time banchtest(100 times) CPU(SSE) totaly:111
duality mapping
duality mapping time (100 times) totally: 6.00
Polytopes: 16
reading 99 model configs(plus fixed one,total = 100)
build boundingbox time : 13.00
collision detection box time: 0.00
box collision size: 106
build AABB time : 9283.00
build AABB count: 77
The Following result uses KCBP(AABB) filter first
build AABB time 4 KCBP : 2.00
kcbp collision size(AABB filter) : 41
kcbp model check count: 77
total collision time(KCBP AABB filter) : 4.00
collision pairs : 21
The Following result uses KCBP(GJK) filter first
init GJK time 4 KCBP : 1.00
kcbp collision size(GJK filter) : 41
total collision time(KCBP GJK filter) : 3.00
collision pairs : 21
models/dinosaur.obj 	points number: 40277
K = 18
ModelNum = 100
ach banchtest (100 times) totally: 173.00
cluster time (100 times) totally: 2.00
normalsize = 18
Projection time banchtest(100 times) CPU(SSE) totaly:126
duality mapping
duality mapping time (100 times) totally: 8.00
Polytopes: 18
reading 99 model configs(plus fixed one,total = 100)
build boundingbox time : 14.00
collision detection box time: 0.00
box collision size: 106
build AABB time : 9446.00
build AABB count: 77
The Following result uses KCBP(AABB) filter first
build AABB time 4 KCBP : 2.00
kcbp collision size(AABB filter) : 39
kcbp model check count: 77
total collision time(KCBP AABB filter) : 4.00
collision pairs : 21
The Following result uses KCBP(GJK) filter first
init GJK time 4 KCBP : 1.00
kcbp collision size(GJK filter) : 39
total collision time(KCBP GJK filter) : 4.00
collision pairs : 21
models/dinosaur.obj 	points number: 40277
K = 20
ModelNum = 100
ach banchtest (100 times) totally: 182.00
cluster time (100 times) totally: 2.00
normalsize = 20
Projection time banchtest(100 times) CPU(SSE) totaly:137
duality mapping
duality mapping time (100 times) totally: 9.00
Polytopes: 20
reading 99 model configs(plus fixed one,total = 100)
build boundingbox time : 15.00
collision detection box time: 0.00
box collision size: 106
build AABB time : 9378.00
build AABB count: 77
The Following result uses KCBP(AABB) filter first
build AABB time 4 KCBP : 2.00
kcbp collision size(AABB filter) : 37
kcbp model check count: 77
total collision time(KCBP AABB filter) : 5.00
collision pairs : 21
The Following result uses KCBP(GJK) filter first
init GJK time 4 KCBP : 2.00
kcbp collision size(GJK filter) : 37
total collision time(KCBP GJK filter) : 3.00
collision pairs : 21
models/dinosaur.obj 	points number: 40277
K = 22
ModelNum = 100
ach banchtest (100 times) totally: 181.00
cluster time (100 times) totally: 2.00
normalsize = 22
Projection time banchtest(100 times) CPU(SSE) totaly:151
duality mapping
duality mapping time (100 times) totally: 10.00
Polytopes: 22
reading 99 model configs(plus fixed one,total = 100)
build boundingbox time : 14.00
collision detection box time: 0.00
box collision size: 106
build AABB time : 9985.00
build AABB count: 77
The Following result uses KCBP(AABB) filter first
build AABB time 4 KCBP : 3.00
kcbp collision size(AABB filter) : 37
kcbp model check count: 77
total collision time(KCBP AABB filter) : 5.00
collision pairs : 21
The Following result uses KCBP(GJK) filter first
init GJK time 4 KCBP : 2.00
kcbp collision size(GJK filter) : 37
total collision time(KCBP GJK filter) : 3.00
collision pairs : 21
models/dinosaur.obj 	points number: 40277
K = 24
ModelNum = 100
ach banchtest (100 times) totally: 189.00
cluster time (100 times) totally: 3.00
normalsize = 24
Projection time banchtest(100 times) CPU(SSE) totaly:167
duality mapping
duality mapping time (100 times) totally: 12.00
Polytopes: 24
reading 99 model configs(plus fixed one,total = 100)
build boundingbox time : 18.00
collision detection box time: 0.00
box collision size: 106
build AABB time : 9879.00
build AABB count: 77
The Following result uses KCBP(AABB) filter first
build AABB time 4 KCBP : 4.00
kcbp collision size(AABB filter) : 37
kcbp model check count: 77
total collision time(KCBP AABB filter) : 7.00
collision pairs : 21
The Following result uses KCBP(GJK) filter first
init GJK time 4 KCBP : 3.00
kcbp collision size(GJK filter) : 37
total collision time(KCBP GJK filter) : 3.00
collision pairs : 21
models/dinosaur.obj 	points number: 40277
K = 26
ModelNum = 100
ach banchtest (100 times) totally: 192.00
cluster time (100 times) totally: 3.00
normalsize = 26
Projection time banchtest(100 times) CPU(SSE) totaly:198
duality mapping
duality mapping time (100 times) totally: 15.00
Polytopes: 26
reading 99 model configs(plus fixed one,total = 100)
build boundingbox time : 14.00
collision detection box time: 0.00
box collision size: 106
build AABB time : 9864.00
build AABB count: 77
The Following result uses KCBP(AABB) filter first
build AABB time 4 KCBP : 3.00
kcbp collision size(AABB filter) : 37
kcbp model check count: 77
total collision time(KCBP AABB filter) : 6.00
collision pairs : 21
The Following result uses KCBP(GJK) filter first
init GJK time 4 KCBP : 3.00
kcbp collision size(GJK filter) : 37
total collision time(KCBP GJK filter) : 4.00
collision pairs : 21
models/dinosaur.obj 	points number: 40277
K = 28
ModelNum = 100
ach banchtest (100 times) totally: 183.00
cluster time (100 times) totally: 3.00
normalsize = 28
Projection time banchtest(100 times) CPU(SSE) totaly:197
duality mapping
duality mapping time (100 times) totally: 14.00
Polytopes: 28
reading 99 model configs(plus fixed one,total = 100)
build boundingbox time : 11.00
collision detection box time: 0.00
box collision size: 106
build AABB time : 10025.00
build AABB count: 77
The Following result uses KCBP(AABB) filter first
build AABB time 4 KCBP : 5.00
kcbp collision size(AABB filter) : 36
kcbp model check count: 77
total collision time(KCBP AABB filter) : 6.00
collision pairs : 21
The Following result uses KCBP(GJK) filter first
init GJK time 4 KCBP : 4.00
kcbp collision size(GJK filter) : 36
total collision time(KCBP GJK filter) : 3.00
collision pairs : 21
models/dinosaur.obj 	points number: 40277
K = 30
ModelNum = 100
ach banchtest (100 times) totally: 198.00
cluster time (100 times) totally: 3.00
normalsize = 30
Projection time banchtest(100 times) CPU(SSE) totaly:225
duality mapping
duality mapping time (100 times) totally: 15.00
Polytopes: 30
reading 99 model configs(plus fixed one,total = 100)
build boundingbox time : 13.00
collision detection box time: 0.00
box collision size: 106
build AABB time : 9909.00
build AABB count: 77
The Following result uses KCBP(AABB) filter first
build AABB time 4 KCBP : 5.00
kcbp collision size(AABB filter) : 36
kcbp model check count: 77
total collision time(KCBP AABB filter) : 8.00
collision pairs : 21
The Following result uses KCBP(GJK) filter first
init GJK time 4 KCBP : 4.00
kcbp collision size(GJK filter) : 36
total collision time(KCBP GJK filter) : 3.00
collision pairs : 21
models/dinosaur.obj 	points number: 40277
K = 32
ModelNum = 100
ach banchtest (100 times) totally: 192.00
cluster time (100 times) totally: 3.00
normalsize = 32
Projection time banchtest(100 times) CPU(SSE) totaly:221
duality mapping
duality mapping time (100 times) totally: 15.00
Polytopes: 32
reading 99 model configs(plus fixed one,total = 100)
build boundingbox time : 13.00
collision detection box time: 0.00
box collision size: 106
build AABB time : 9965.00
build AABB count: 77
The Following result uses KCBP(AABB) filter first
build AABB time 4 KCBP : 5.00
kcbp collision size(AABB filter) : 37
kcbp model check count: 77
total collision time(KCBP AABB filter) : 7.00
collision pairs : 21
The Following result uses KCBP(GJK) filter first
init GJK time 4 KCBP : 3.00
kcbp collision size(GJK filter) : 37
total collision time(KCBP GJK filter) : 3.00
collision pairs : 21
models/dinosaur.obj 	points number: 40277
K = 34
ModelNum = 100
ach banchtest (100 times) totally: 182.00
cluster time (100 times) totally: 3.00
normalsize = 34
Projection time banchtest(100 times) CPU(SSE) totaly:233
duality mapping
duality mapping time (100 times) totally: 20.00
Polytopes: 34
reading 99 model configs(plus fixed one,total = 100)
build boundingbox time : 14.00
collision detection box time: 0.00
box collision size: 106
build AABB time : 10145.00
build AABB count: 77
The Following result uses KCBP(AABB) filter first
build AABB time 4 KCBP : 6.00
kcbp collision size(AABB filter) : 37
kcbp model check count: 77
total collision time(KCBP AABB filter) : 7.00
collision pairs : 21
The Following result uses KCBP(GJK) filter first
init GJK time 4 KCBP : 4.00
kcbp collision size(GJK filter) : 37
total collision time(KCBP GJK filter) : 4.00
collision pairs : 21
models/dinosaur.obj 	points number: 40277
K = 36
ModelNum = 100
ach banchtest (100 times) totally: 182.00
cluster time (100 times) totally: 2.00
normalsize = 35
Projection time banchtest(100 times) CPU(SSE) totaly:235
duality mapping
duality mapping time (100 times) totally: 18.00
Polytopes: 35
reading 99 model configs(plus fixed one,total = 100)
build boundingbox time : 17.00
collision detection box time: 0.00
box collision size: 106
build AABB time : 9732.00
build AABB count: 77
The Following result uses KCBP(AABB) filter first
build AABB time 4 KCBP : 5.00
kcbp collision size(AABB filter) : 37
kcbp model check count: 77
total collision time(KCBP AABB filter) : 8.00
collision pairs : 21
The Following result uses KCBP(GJK) filter first
init GJK time 4 KCBP : 4.00
kcbp collision size(GJK filter) : 37
total collision time(KCBP GJK filter) : 4.00
collision pairs : 21
models/dinosaur.obj 	points number: 40277
K = 38
ModelNum = 100
ach banchtest (100 times) totally: 174.00
cluster time (100 times) totally: 3.00
normalsize = 38
Projection time banchtest(100 times) CPU(SSE) totaly:252
duality mapping
duality mapping time (100 times) totally: 20.00
Polytopes: 38
reading 99 model configs(plus fixed one,total = 100)
build boundingbox time : 12.00
collision detection box time: 0.00
box collision size: 106
build AABB time : 9614.00
build AABB count: 77
The Following result uses KCBP(AABB) filter first
build AABB time 4 KCBP : 6.00
kcbp collision size(AABB filter) : 37
kcbp model check count: 77
total collision time(KCBP AABB filter) : 7.00
collision pairs : 21
The Following result uses KCBP(GJK) filter first
init GJK time 4 KCBP : 4.00
kcbp collision size(GJK filter) : 37
total collision time(KCBP GJK filter) : 4.00
collision pairs : 21
models/dinosaur.obj 	points number: 40277
K = 40
ModelNum = 100
ach banchtest (100 times) totally: 178.00
cluster time (100 times) totally: 3.00
normalsize = 39
Projection time banchtest(100 times) CPU(SSE) totaly:260
duality mapping
duality mapping time (100 times) totally: 21.00
Polytopes: 39
reading 99 model configs(plus fixed one,total = 100)
build boundingbox time : 14.00
collision detection box time: 0.00
box collision size: 106
build AABB time : 9613.00
build AABB count: 77
The Following result uses KCBP(AABB) filter first
build AABB time 4 KCBP : 7.00
kcbp collision size(AABB filter) : 37
kcbp model check count: 77
total collision time(KCBP AABB filter) : 8.00
collision pairs : 21
The Following result uses KCBP(GJK) filter first
init GJK time 4 KCBP : 5.00
kcbp collision size(GJK filter) : 37
total collision time(KCBP GJK filter) : 4.00
collision pairs : 21
models/dinosaur.obj 	points number: 40277
K = 42
ModelNum = 100
ach banchtest (100 times) totally: 178.00
cluster time (100 times) totally: 3.00
normalsize = 42
Projection time banchtest(100 times) CPU(SSE) totaly:282
duality mapping
duality mapping time (100 times) totally: 23.00
Polytopes: 42
reading 99 model configs(plus fixed one,total = 100)
build boundingbox time : 15.00
collision detection box time: 0.00
box collision size: 106
build AABB time : 9599.00
build AABB count: 77
The Following result uses KCBP(AABB) filter first
build AABB time 4 KCBP : 7.00
kcbp collision size(AABB filter) : 38
kcbp model check count: 77
total collision time(KCBP AABB filter) : 7.00
collision pairs : 21
The Following result uses KCBP(GJK) filter first
init GJK time 4 KCBP : 5.00
kcbp collision size(GJK filter) : 37
total collision time(KCBP GJK filter) : 4.00
collision pairs : 21
models/dinosaur.obj 	points number: 40277
K = 44
ModelNum = 100
ach banchtest (100 times) totally: 176.00
cluster time (100 times) totally: 4.00
normalsize = 44
Projection time banchtest(100 times) CPU(SSE) totaly:291
duality mapping
duality mapping time (100 times) totally: 25.00
Polytopes: 44
reading 99 model configs(plus fixed one,total = 100)
build boundingbox time : 14.00
collision detection box time: 0.00
box collision size: 106
build AABB time : 9625.00
build AABB count: 77
The Following result uses KCBP(AABB) filter first
build AABB time 4 KCBP : 7.00
kcbp collision size(AABB filter) : 37
kcbp model check count: 77
total collision time(KCBP AABB filter) : 9.00
collision pairs : 21
The Following result uses KCBP(GJK) filter first
init GJK time 4 KCBP : 6.00
kcbp collision size(GJK filter) : 37
total collision time(KCBP GJK filter) : 4.00
collision pairs : 21
models/dinosaur.obj 	points number: 40277
K = 46
ModelNum = 100
ach banchtest (100 times) totally: 175.00
cluster time (100 times) totally: 4.00
normalsize = 46
Projection time banchtest(100 times) CPU(SSE) totaly:305
duality mapping
duality mapping time (100 times) totally: 27.00
Polytopes: 46
reading 99 model configs(plus fixed one,total = 100)
build boundingbox time : 13.00
collision detection box time: 0.00
box collision size: 106
build AABB time : 9606.00
build AABB count: 77
The Following result uses KCBP(AABB) filter first
build AABB time 4 KCBP : 7.00
kcbp collision size(AABB filter) : 36
kcbp model check count: 77
total collision time(KCBP AABB filter) : 10.00
collision pairs : 21
The Following result uses KCBP(GJK) filter first
init GJK time 4 KCBP : 5.00
kcbp collision size(GJK filter) : 36
total collision time(KCBP GJK filter) : 4.00
collision pairs : 21
