models/hand.obj 	points number: 64349
K = 6
ModelNum = 60
ach banchtest (60 times) totally: 175.00
cluster time (60 times) totally: 0.00
normalsize = 6
Projection time banchtest(60 times) CPU(SSE) totaly:46
duality mapping
duality mapping time (60 times) totally: 1.00
Polytopes: 6
reading 59 model configs(plus fixed one,total = 60)
build boundingbox time : 16.00
collision detection box time: 0.00
box collision size: 43
build AABB time : 12104.00
build AABB count: 48
The Following result uses KCBP(AABB) filter first
build AABB time 4 KCBP : 1.00
kcbp collision size(AABB filter) : 41
kcbp model check count: 48
total collision time(KCBP AABB filter) : 1.00
collision pairs : 16
The Following result uses KCBP(GJK) filter first
init GJK time 4 KCBP : 0.00
kcbp collision size(GJK filter) : 41
total collision time(KCBP GJK filter) : 1.00
collision pairs : 16
models/hand.obj 	points number: 64349
K = 8
ModelNum = 60
ach banchtest (60 times) totally: 166.00
cluster time (60 times) totally: 2.00
normalsize = 8
Projection time banchtest(60 times) CPU(SSE) totaly:61
duality mapping
duality mapping time (60 times) totally: 2.00
Polytopes: 8
reading 59 model configs(plus fixed one,total = 60)
build boundingbox time : 15.00
collision detection box time: 0.00
box collision size: 43
build AABB time : 12136.00
build AABB count: 48
The Following result uses KCBP(AABB) filter first
build AABB time 4 KCBP : 0.00
kcbp collision size(AABB filter) : 33
kcbp model check count: 48
total collision time(KCBP AABB filter) : 1.00
collision pairs : 16
The Following result uses KCBP(GJK) filter first
init GJK time 4 KCBP : 1.00
kcbp collision size(GJK filter) : 33
total collision time(KCBP GJK filter) : 1.00
collision pairs : 16
models/hand.obj 	points number: 64349
K = 10
ModelNum = 60
ach banchtest (60 times) totally: 160.00
cluster time (60 times) totally: 2.00
normalsize = 10
Projection time banchtest(60 times) CPU(SSE) totaly:72
duality mapping
duality mapping time (60 times) totally: 2.00
Polytopes: 10
reading 59 model configs(plus fixed one,total = 60)
build boundingbox time : 15.00
collision detection box time: 0.00
box collision size: 43
build AABB time : 12173.00
build AABB count: 48
The Following result uses KCBP(AABB) filter first
build AABB time 4 KCBP : 1.00
kcbp collision size(AABB filter) : 32
kcbp model check count: 48
total collision time(KCBP AABB filter) : 1.00
collision pairs : 16
The Following result uses KCBP(GJK) filter first
init GJK time 4 KCBP : 1.00
kcbp collision size(GJK filter) : 32
total collision time(KCBP GJK filter) : 0.00
collision pairs : 16
models/hand.obj 	points number: 64349
K = 12
ModelNum = 60
ach banchtest (60 times) totally: 161.00
cluster time (60 times) totally: 3.00
normalsize = 12
Projection time banchtest(60 times) CPU(SSE) totaly:84
duality mapping
duality mapping time (60 times) totally: 3.00
Polytopes: 12
reading 59 model configs(plus fixed one,total = 60)
build boundingbox time : 16.00
collision detection box time: 0.00
box collision size: 43
build AABB time : 12208.00
build AABB count: 48
The Following result uses KCBP(AABB) filter first
build AABB time 4 KCBP : 1.00
kcbp collision size(AABB filter) : 29
kcbp model check count: 48
total collision time(KCBP AABB filter) : 2.00
collision pairs : 16
The Following result uses KCBP(GJK) filter first
init GJK time 4 KCBP : 0.00
kcbp collision size(GJK filter) : 29
total collision time(KCBP GJK filter) : 1.00
collision pairs : 16
models/hand.obj 	points number: 64349
K = 14
ModelNum = 60
ach banchtest (60 times) totally: 162.00
cluster time (60 times) totally: 2.00
normalsize = 14
Projection time banchtest(60 times) CPU(SSE) totaly:96
duality mapping
duality mapping time (60 times) totally: 4.00
Polytopes: 14
reading 59 model configs(plus fixed one,total = 60)
build boundingbox time : 15.00
collision detection box time: 0.00
box collision size: 43
build AABB time : 12174.00
build AABB count: 48
The Following result uses KCBP(AABB) filter first
build AABB time 4 KCBP : 1.00
kcbp collision size(AABB filter) : 31
kcbp model check count: 48
total collision time(KCBP AABB filter) : 1.00
collision pairs : 16
The Following result uses KCBP(GJK) filter first
init GJK time 4 KCBP : 1.00
kcbp collision size(GJK filter) : 31
total collision time(KCBP GJK filter) : 1.00
collision pairs : 16
models/hand.obj 	points number: 64349
K = 16
ModelNum = 60
ach banchtest (60 times) totally: 161.00
cluster time (60 times) totally: 3.00
normalsize = 16
Projection time banchtest(60 times) CPU(SSE) totaly:109
duality mapping
duality mapping time (60 times) totally: 4.00
Polytopes: 16
reading 59 model configs(plus fixed one,total = 60)
build boundingbox time : 16.00
collision detection box time: 0.00
box collision size: 43
build AABB time : 12181.00
build AABB count: 48
The Following result uses KCBP(AABB) filter first
build AABB time 4 KCBP : 1.00
kcbp collision size(AABB filter) : 29
kcbp model check count: 48
total collision time(KCBP AABB filter) : 2.00
collision pairs : 16
The Following result uses KCBP(GJK) filter first
init GJK time 4 KCBP : 1.00
kcbp collision size(GJK filter) : 29
total collision time(KCBP GJK filter) : 1.00
collision pairs : 16
models/hand.obj 	points number: 64349
K = 18
ModelNum = 60
ach banchtest (60 times) totally: 162.00
cluster time (60 times) totally: 4.00
normalsize = 18
Projection time banchtest(60 times) CPU(SSE) totaly:121
duality mapping
duality mapping time (60 times) totally: 5.00
Polytopes: 18
reading 59 model configs(plus fixed one,total = 60)
build boundingbox time : 15.00
collision detection box time: 0.00
box collision size: 43
build AABB time : 12205.00
build AABB count: 48
The Following result uses KCBP(AABB) filter first
build AABB time 4 KCBP : 1.00
kcbp collision size(AABB filter) : 24
kcbp model check count: 48
total collision time(KCBP AABB filter) : 2.00
collision pairs : 16
The Following result uses KCBP(GJK) filter first
init GJK time 4 KCBP : 1.00
kcbp collision size(GJK filter) : 24
total collision time(KCBP GJK filter) : 1.00
collision pairs : 16
models/hand.obj 	points number: 64349
K = 20
ModelNum = 60
ach banchtest (60 times) totally: 162.00
cluster time (60 times) totally: 2.00
normalsize = 20
Projection time banchtest(60 times) CPU(SSE) totaly:149
duality mapping
duality mapping time (60 times) totally: 6.00
Polytopes: 20
reading 59 model configs(plus fixed one,total = 60)
build boundingbox time : 16.00
collision detection box time: 0.00
box collision size: 43
build AABB time : 12260.00
build AABB count: 48
The Following result uses KCBP(AABB) filter first
build AABB time 4 KCBP : 2.00
kcbp collision size(AABB filter) : 28
kcbp model check count: 48
total collision time(KCBP AABB filter) : 1.00
collision pairs : 16
The Following result uses KCBP(GJK) filter first
init GJK time 4 KCBP : 1.00
kcbp collision size(GJK filter) : 28
total collision time(KCBP GJK filter) : 1.00
collision pairs : 16
models/hand.obj 	points number: 64349
K = 22
ModelNum = 60
ach banchtest (60 times) totally: 165.00
cluster time (60 times) totally: 4.00
normalsize = 22
Projection time banchtest(60 times) CPU(SSE) totaly:146
duality mapping
duality mapping time (60 times) totally: 7.00
Polytopes: 22
reading 59 model configs(plus fixed one,total = 60)
build boundingbox time : 13.00
collision detection box time: 0.00
box collision size: 43
build AABB time : 12187.00
build AABB count: 48
The Following result uses KCBP(AABB) filter first
build AABB time 4 KCBP : 2.00
kcbp collision size(AABB filter) : 28
kcbp model check count: 48
total collision time(KCBP AABB filter) : 2.00
collision pairs : 16
The Following result uses KCBP(GJK) filter first
init GJK time 4 KCBP : 1.00
kcbp collision size(GJK filter) : 28
total collision time(KCBP GJK filter) : 1.00
collision pairs : 16
models/hand.obj 	points number: 64349
K = 24
ModelNum = 60
ach banchtest (60 times) totally: 161.00
cluster time (60 times) totally: 4.00
normalsize = 24
Projection time banchtest(60 times) CPU(SSE) totaly:158
duality mapping
duality mapping time (60 times) totally: 7.00
Polytopes: 24
reading 59 model configs(plus fixed one,total = 60)
build boundingbox time : 16.00
collision detection box time: 0.00
box collision size: 43
build AABB time : 12153.00
build AABB count: 48
The Following result uses KCBP(AABB) filter first
build AABB time 4 KCBP : 2.00
kcbp collision size(AABB filter) : 28
kcbp model check count: 48
total collision time(KCBP AABB filter) : 2.00
collision pairs : 16
The Following result uses KCBP(GJK) filter first
init GJK time 4 KCBP : 1.00
kcbp collision size(GJK filter) : 28
total collision time(KCBP GJK filter) : 1.00
collision pairs : 16
models/hand.obj 	points number: 64349
K = 26
ModelNum = 60
ach banchtest (60 times) totally: 161.00
cluster time (60 times) totally: 4.00
normalsize = 26
Projection time banchtest(60 times) CPU(SSE) totaly:186
duality mapping
duality mapping time (60 times) totally: 8.00
Polytopes: 26
reading 59 model configs(plus fixed one,total = 60)
build boundingbox time : 14.00
collision detection box time: 0.00
box collision size: 43
build AABB time : 12176.00
build AABB count: 48
The Following result uses KCBP(AABB) filter first
build AABB time 4 KCBP : 2.00
kcbp collision size(AABB filter) : 26
kcbp model check count: 48
total collision time(KCBP AABB filter) : 2.00
collision pairs : 16
The Following result uses KCBP(GJK) filter first
init GJK time 4 KCBP : 1.00
kcbp collision size(GJK filter) : 26
total collision time(KCBP GJK filter) : 2.00
collision pairs : 16
models/hand.obj 	points number: 64349
K = 28
ModelNum = 60
ach banchtest (60 times) totally: 168.00
cluster time (60 times) totally: 3.00
normalsize = 28
Projection time banchtest(60 times) CPU(SSE) totaly:183
duality mapping
duality mapping time (60 times) totally: 9.00
Polytopes: 28
reading 59 model configs(plus fixed one,total = 60)
build boundingbox time : 14.00
collision detection box time: 0.00
box collision size: 43
build AABB time : 12180.00
build AABB count: 48
The Following result uses KCBP(AABB) filter first
build AABB time 4 KCBP : 3.00
kcbp collision size(AABB filter) : 24
kcbp model check count: 48
total collision time(KCBP AABB filter) : 2.00
collision pairs : 16
The Following result uses KCBP(GJK) filter first
init GJK time 4 KCBP : 1.00
kcbp collision size(GJK filter) : 24
total collision time(KCBP GJK filter) : 2.00
collision pairs : 16
models/hand.obj 	points number: 64349
K = 30
ModelNum = 60
ach banchtest (60 times) totally: 161.00
cluster time (60 times) totally: 4.00
normalsize = 30
Projection time banchtest(60 times) CPU(SSE) totaly:195
duality mapping
duality mapping time (60 times) totally: 10.00
Polytopes: 30
reading 59 model configs(plus fixed one,total = 60)
build boundingbox time : 14.00
collision detection box time: 0.00
box collision size: 43
build AABB time : 12192.00
build AABB count: 48
The Following result uses KCBP(AABB) filter first
build AABB time 4 KCBP : 3.00
kcbp collision size(AABB filter) : 24
kcbp model check count: 48
total collision time(KCBP AABB filter) : 2.00
collision pairs : 16
The Following result uses KCBP(GJK) filter first
init GJK time 4 KCBP : 1.00
kcbp collision size(GJK filter) : 24
total collision time(KCBP GJK filter) : 1.00
collision pairs : 16
models/hand.obj 	points number: 64349
K = 32
ModelNum = 60
ach banchtest (60 times) totally: 161.00
cluster time (60 times) totally: 4.00
normalsize = 32
Projection time banchtest(60 times) CPU(SSE) totaly:207
duality mapping
duality mapping time (60 times) totally: 10.00
Polytopes: 32
reading 59 model configs(plus fixed one,total = 60)
build boundingbox time : 16.00
collision detection box time: 0.00
box collision size: 43
build AABB time : 12171.00
build AABB count: 48
The Following result uses KCBP(AABB) filter first
build AABB time 4 KCBP : 3.00
kcbp collision size(AABB filter) : 24
kcbp model check count: 48
total collision time(KCBP AABB filter) : 2.00
collision pairs : 16
The Following result uses KCBP(GJK) filter first
init GJK time 4 KCBP : 2.00
kcbp collision size(GJK filter) : 24
total collision time(KCBP GJK filter) : 2.00
collision pairs : 16
models/hand.obj 	points number: 64349
K = 34
ModelNum = 60
ach banchtest (60 times) totally: 162.00
cluster time (60 times) totally: 4.00
normalsize = 34
Projection time banchtest(60 times) CPU(SSE) totaly:222
duality mapping
duality mapping time (60 times) totally: 11.00
Polytopes: 34
reading 59 model configs(plus fixed one,total = 60)
build boundingbox time : 15.00
collision detection box time: 0.00
box collision size: 43
build AABB time : 12195.00
build AABB count: 48
The Following result uses KCBP(AABB) filter first
build AABB time 4 KCBP : 3.00
kcbp collision size(AABB filter) : 25
kcbp model check count: 48
total collision time(KCBP AABB filter) : 2.00
collision pairs : 16
The Following result uses KCBP(GJK) filter first
init GJK time 4 KCBP : 1.00
kcbp collision size(GJK filter) : 25
total collision time(KCBP GJK filter) : 2.00
collision pairs : 16
models/hand.obj 	points number: 64349
K = 36
ModelNum = 60
ach banchtest (60 times) totally: 162.00
cluster time (60 times) totally: 5.00
normalsize = 35
Projection time banchtest(60 times) CPU(SSE) totaly:228
duality mapping
duality mapping time (60 times) totally: 11.00
Polytopes: 35
reading 59 model configs(plus fixed one,total = 60)
build boundingbox time : 15.00
collision detection box time: 0.00
box collision size: 43
build AABB time : 12181.00
build AABB count: 48
The Following result uses KCBP(AABB) filter first
build AABB time 4 KCBP : 4.00
kcbp collision size(AABB filter) : 25
kcbp model check count: 48
total collision time(KCBP AABB filter) : 2.00
collision pairs : 16
The Following result uses KCBP(GJK) filter first
init GJK time 4 KCBP : 2.00
kcbp collision size(GJK filter) : 25
total collision time(KCBP GJK filter) : 1.00
collision pairs : 16
models/hand.obj 	points number: 64349
K = 38
ModelNum = 60
ach banchtest (60 times) totally: 162.00
cluster time (60 times) totally: 5.00
normalsize = 38
Projection time banchtest(60 times) CPU(SSE) totaly:245
duality mapping
duality mapping time (60 times) totally: 12.00
Polytopes: 38
reading 59 model configs(plus fixed one,total = 60)
build boundingbox time : 17.00
collision detection box time: 0.00
box collision size: 43
build AABB time : 12182.00
build AABB count: 48
The Following result uses KCBP(AABB) filter first
build AABB time 4 KCBP : 4.00
kcbp collision size(AABB filter) : 24
kcbp model check count: 48
total collision time(KCBP AABB filter) : 2.00
collision pairs : 16
The Following result uses KCBP(GJK) filter first
init GJK time 4 KCBP : 1.00
kcbp collision size(GJK filter) : 24
total collision time(KCBP GJK filter) : 2.00
collision pairs : 16
models/hand.obj 	points number: 64349
K = 40
ModelNum = 60
ach banchtest (60 times) totally: 162.00
cluster time (60 times) totally: 5.00
normalsize = 39
Projection time banchtest(60 times) CPU(SSE) totaly:252
duality mapping
duality mapping time (60 times) totally: 12.00
Polytopes: 39
reading 59 model configs(plus fixed one,total = 60)
build boundingbox time : 16.00
collision detection box time: 0.00
box collision size: 43
build AABB time : 12179.00
build AABB count: 48
The Following result uses KCBP(AABB) filter first
build AABB time 4 KCBP : 5.00
kcbp collision size(AABB filter) : 24
kcbp model check count: 48
total collision time(KCBP AABB filter) : 2.00
collision pairs : 16
The Following result uses KCBP(GJK) filter first
init GJK time 4 KCBP : 2.00
kcbp collision size(GJK filter) : 24
total collision time(KCBP GJK filter) : 1.00
collision pairs : 16
models/hand.obj 	points number: 64349
K = 42
ModelNum = 60
ach banchtest (60 times) totally: 160.00
cluster time (60 times) totally: 5.00
normalsize = 42
Projection time banchtest(60 times) CPU(SSE) totaly:267
duality mapping
duality mapping time (60 times) totally: 14.00
Polytopes: 42
reading 59 model configs(plus fixed one,total = 60)
build boundingbox time : 17.00
collision detection box time: 0.00
box collision size: 43
build AABB time : 12219.00
build AABB count: 48
The Following result uses KCBP(AABB) filter first
build AABB time 4 KCBP : 5.00
kcbp collision size(AABB filter) : 23
kcbp model check count: 48
total collision time(KCBP AABB filter) : 2.00
collision pairs : 16
The Following result uses KCBP(GJK) filter first
init GJK time 4 KCBP : 2.00
kcbp collision size(GJK filter) : 23
total collision time(KCBP GJK filter) : 2.00
collision pairs : 16
models/hand.obj 	points number: 64349
K = 44
ModelNum = 60
ach banchtest (60 times) totally: 162.00
cluster time (60 times) totally: 5.00
normalsize = 44
Projection time banchtest(60 times) CPU(SSE) totaly:284
duality mapping
duality mapping time (60 times) totally: 14.00
Polytopes: 44
reading 59 model configs(plus fixed one,total = 60)
build boundingbox time : 17.00
collision detection box time: 0.00
box collision size: 43
build AABB time : 12171.00
build AABB count: 48
The Following result uses KCBP(AABB) filter first
build AABB time 4 KCBP : 5.00
kcbp collision size(AABB filter) : 24
kcbp model check count: 48
total collision time(KCBP AABB filter) : 2.00
collision pairs : 16
The Following result uses KCBP(GJK) filter first
init GJK time 4 KCBP : 3.00
kcbp collision size(GJK filter) : 24
total collision time(KCBP GJK filter) : 1.00
collision pairs : 16
models/hand.obj 	points number: 64349
K = 46
ModelNum = 60
ach banchtest (60 times) totally: 163.00
cluster time (60 times) totally: 5.00
normalsize = 46
Projection time banchtest(60 times) CPU(SSE) totaly:295
duality mapping
duality mapping time (60 times) totally: 15.00
Polytopes: 46
reading 59 model configs(plus fixed one,total = 60)
build boundingbox time : 13.00
collision detection box time: 0.00
box collision size: 43
build AABB time : 12141.00
build AABB count: 48
The Following result uses KCBP(AABB) filter first
build AABB time 4 KCBP : 5.00
kcbp collision size(AABB filter) : 24
kcbp model check count: 48
total collision time(KCBP AABB filter) : 2.00
collision pairs : 16
The Following result uses KCBP(GJK) filter first
init GJK time 4 KCBP : 2.00
kcbp collision size(GJK filter) : 24
total collision time(KCBP GJK filter) : 1.00
collision pairs : 16
