models/apple.obj 	points number: 8118
K = 46
ModelNum = 10
Moving steps : 10
ach banchtest (10 times) totally: 10.00
cluster time (10 times) totally: 1.00
normalsize = 46
Projection time banchtest(10 times) CPU(SSE) totaly:8
duality mapping
duality mapping time (10 times) totally: 3.00
Polytopes: 46
reading 9 model configs(plus fixed one,total = 10)
build boundingbox time : 0.00
init time to build AABBTrees for model and GJK for kcbp (9 pairs): 240.00
reading dynamic config transforms : 10
Collision detection cost time: 5.00
Collisions of kcbp pairs: 2
Collisions of model pairs: 2
models/apple.obj 	points number: 8118
K = 46
ModelNum = 10
Moving steps : 50
ach banchtest (10 times) totally: 10.00
cluster time (10 times) totally: 1.00
normalsize = 46
Projection time banchtest(10 times) CPU(SSE) totaly:6
duality mapping
duality mapping time (10 times) totally: 3.00
Polytopes: 46
reading 9 model configs(plus fixed one,total = 10)
build boundingbox time : 0.00
init time to build AABBTrees for model and GJK for kcbp (9 pairs): 224.00
reading dynamic config transforms : 50
Collision detection cost time: 5.00
Collisions of kcbp pairs: 11
Collisions of model pairs: 9
models/apple.obj 	points number: 8118
K = 46
ModelNum = 10
Moving steps : 100
ach banchtest (10 times) totally: 12.00
cluster time (10 times) totally: 2.00
normalsize = 46
Projection time banchtest(10 times) CPU(SSE) totaly:6
duality mapping
duality mapping time (10 times) totally: 3.00
Polytopes: 46
reading 9 model configs(plus fixed one,total = 10)
build boundingbox time : 0.00
init time to build AABBTrees for model and GJK for kcbp (9 pairs): 221.00
reading dynamic config transforms : 100
Collision detection cost time: 14.00
Collisions of kcbp pairs: 21
Collisions of model pairs: 19
models/apple.obj 	points number: 8118
K = 46
ModelNum = 10
Moving steps : 200
ach banchtest (10 times) totally: 10.00
cluster time (10 times) totally: 1.00
normalsize = 46
Projection time banchtest(10 times) CPU(SSE) totaly:7
duality mapping
duality mapping time (10 times) totally: 3.00
Polytopes: 46
reading 9 model configs(plus fixed one,total = 10)
build boundingbox time : 1.00
init time to build AABBTrees for model and GJK for kcbp (9 pairs): 220.00
reading dynamic config transforms : 200
Collision detection cost time: 24.00
Collisions of kcbp pairs: 45
Collisions of model pairs: 42
models/apple.obj 	points number: 8118
K = 46
ModelNum = 10
Moving steps : 300
ach banchtest (10 times) totally: 11.00
cluster time (10 times) totally: 1.00
normalsize = 46
Projection time banchtest(10 times) CPU(SSE) totaly:8
duality mapping
duality mapping time (10 times) totally: 3.00
Polytopes: 46
reading 9 model configs(plus fixed one,total = 10)
build boundingbox time : 0.00
init time to build AABBTrees for model and GJK for kcbp (9 pairs): 211.00
reading dynamic config transforms : 300
Collision detection cost time: 38.00
Collisions of kcbp pairs: 66
Collisions of model pairs: 62
models/apple.obj 	points number: 8118
K = 46
ModelNum = 10
Moving steps : 400
ach banchtest (10 times) totally: 9.00
cluster time (10 times) totally: 1.00
normalsize = 46
Projection time banchtest(10 times) CPU(SSE) totaly:6
duality mapping
duality mapping time (10 times) totally: 3.00
Polytopes: 46
reading 9 model configs(plus fixed one,total = 10)
build boundingbox time : 0.00
init time to build AABBTrees for model and GJK for kcbp (9 pairs): 216.00
reading dynamic config transforms : 400
Collision detection cost time: 55.00
Collisions of kcbp pairs: 85
Collisions of model pairs: 80
models/apple.obj 	points number: 8118
K = 46
ModelNum = 10
Moving steps : 500
ach banchtest (10 times) totally: 9.00
cluster time (10 times) totally: 2.00
normalsize = 46
Projection time banchtest(10 times) CPU(SSE) totaly:5
duality mapping
duality mapping time (10 times) totally: 3.00
Polytopes: 46
reading 9 model configs(plus fixed one,total = 10)
build boundingbox time : 1.00
init time to build AABBTrees for model and GJK for kcbp (9 pairs): 222.00
reading dynamic config transforms : 500
Collision detection cost time: 69.00
Collisions of kcbp pairs: 106
Collisions of model pairs: 100
models/apple.obj 	points number: 8118
K = 46
ModelNum = 10
Moving steps : 600
ach banchtest (10 times) totally: 9.00
cluster time (10 times) totally: 1.00
normalsize = 46
Projection time banchtest(10 times) CPU(SSE) totaly:6
duality mapping
duality mapping time (10 times) totally: 3.00
Polytopes: 46
reading 9 model configs(plus fixed one,total = 10)
build boundingbox time : 0.00
init time to build AABBTrees for model and GJK for kcbp (9 pairs): 215.00
reading dynamic config transforms : 600
Collision detection cost time: 95.00
Collisions of kcbp pairs: 130
Collisions of model pairs: 122
models/apple.obj 	points number: 8118
K = 46
ModelNum = 10
Moving steps : 700
ach banchtest (10 times) totally: 10.00
cluster time (10 times) totally: 1.00
normalsize = 46
Projection time banchtest(10 times) CPU(SSE) totaly:8
duality mapping
duality mapping time (10 times) totally: 2.00
Polytopes: 46
reading 9 model configs(plus fixed one,total = 10)
build boundingbox time : 0.00
init time to build AABBTrees for model and GJK for kcbp (9 pairs): 221.00
reading dynamic config transforms : 700
Collision detection cost time: 105.00
Collisions of kcbp pairs: 160
Collisions of model pairs: 150
models/apple.obj 	points number: 8118
K = 46
ModelNum = 10
Moving steps : 800
ach banchtest (10 times) totally: 10.00
cluster time (10 times) totally: 1.00
normalsize = 46
Projection time banchtest(10 times) CPU(SSE) totaly:6
duality mapping
duality mapping time (10 times) totally: 3.00
Polytopes: 46
reading 9 model configs(plus fixed one,total = 10)
build boundingbox time : 0.00
init time to build AABBTrees for model and GJK for kcbp (9 pairs): 220.00
reading dynamic config transforms : 800
Collision detection cost time: 120.00
Collisions of kcbp pairs: 181
Collisions of model pairs: 169
models/apple.obj 	points number: 8118
K = 46
ModelNum = 10
Moving steps : 900
ach banchtest (10 times) totally: 10.00
cluster time (10 times) totally: 1.00
normalsize = 46
Projection time banchtest(10 times) CPU(SSE) totaly:8
duality mapping
duality mapping time (10 times) totally: 4.00
Polytopes: 46
reading 9 model configs(plus fixed one,total = 10)
build boundingbox time : 1.00
init time to build AABBTrees for model and GJK for kcbp (9 pairs): 222.00
reading dynamic config transforms : 900
Collision detection cost time: 156.00
Collisions of kcbp pairs: 208
Collisions of model pairs: 192
models/apple.obj 	points number: 8118
K = 46
ModelNum = 10
Moving steps : 1000
ach banchtest (10 times) totally: 9.00
cluster time (10 times) totally: 1.00
normalsize = 46
Projection time banchtest(10 times) CPU(SSE) totaly:6
duality mapping
duality mapping time (10 times) totally: 3.00
Polytopes: 46
reading 9 model configs(plus fixed one,total = 10)
build boundingbox time : 1.00
init time to build AABBTrees for model and GJK for kcbp (9 pairs): 214.00
reading dynamic config transforms : 1000
Collision detection cost time: 156.00
Collisions of kcbp pairs: 222
Collisions of model pairs: 204
