models/apple.obj 	points number: 8118
K = 46
ModelNum = 10
Moving steps : 10
ach banchtest (10 times) totally: 9.00
cluster time (10 times) totally: 1.00
normalsize = 46
Projection time banchtest(10 times) CPU(SSE) totaly:6
duality mapping
duality mapping time (10 times) totally: 3.00
Polytopes: 46
reading 9 model configs(plus fixed one,total = 10)
build boundingbox time : 0.00
init time to build AABBTrees for model and kcbp (9 paris): 209.00
reading dynamic config transforms : 10
Collision detection cost time: 4.00
Collisions of kcbp pairs: 2
Collisions of model pairs: 2
models/apple.obj 	points number: 8118
K = 46
ModelNum = 10
Moving steps : 50
ach banchtest (10 times) totally: 10.00
cluster time (10 times) totally: 2.00
normalsize = 46
Projection time banchtest(10 times) CPU(SSE) totaly:6
duality mapping
duality mapping time (10 times) totally: 3.00
Polytopes: 46
reading 9 model configs(plus fixed one,total = 10)
build boundingbox time : 0.00
init time to build AABBTrees for model and kcbp (9 paris): 208.00
reading dynamic config transforms : 50
Collision detection cost time: 11.00
Collisions of kcbp pairs: 11
Collisions of model pairs: 9
models/apple.obj 	points number: 8118
K = 46
ModelNum = 10
Moving steps : 100
ach banchtest (10 times) totally: 10.00
cluster time (10 times) totally: 1.00
normalsize = 46
Projection time banchtest(10 times) CPU(SSE) totaly:6
duality mapping
duality mapping time (10 times) totally: 3.00
Polytopes: 46
reading 9 model configs(plus fixed one,total = 10)
build boundingbox time : 0.00
init time to build AABBTrees for model and kcbp (9 paris): 208.00
reading dynamic config transforms : 100
Collision detection cost time: 20.00
Collisions of kcbp pairs: 22
Collisions of model pairs: 19
models/apple.obj 	points number: 8118
K = 46
ModelNum = 10
Moving steps : 200
ach banchtest (10 times) totally: 10.00
cluster time (10 times) totally: 1.00
normalsize = 46
Projection time banchtest(10 times) CPU(SSE) totaly:7
duality mapping
duality mapping time (10 times) totally: 2.00
Polytopes: 46
reading 9 model configs(plus fixed one,total = 10)
build boundingbox time : 1.00
init time to build AABBTrees for model and kcbp (9 paris): 210.00
reading dynamic config transforms : 200
Collision detection cost time: 44.00
Collisions of kcbp pairs: 46
Collisions of model pairs: 42
models/apple.obj 	points number: 8118
K = 46
ModelNum = 10
Moving steps : 300
ach banchtest (10 times) totally: 14.00
cluster time (10 times) totally: 1.00
normalsize = 46
Projection time banchtest(10 times) CPU(SSE) totaly:7
duality mapping
duality mapping time (10 times) totally: 3.00
Polytopes: 46
reading 9 model configs(plus fixed one,total = 10)
build boundingbox time : 0.00
init time to build AABBTrees for model and kcbp (9 paris): 210.00
reading dynamic config transforms : 300
Collision detection cost time: 66.00
Collisions of kcbp pairs: 67
Collisions of model pairs: 62
models/apple.obj 	points number: 8118
K = 46
ModelNum = 10
Moving steps : 400
ach banchtest (10 times) totally: 19.00
cluster time (10 times) totally: 1.00
normalsize = 46
Projection time banchtest(10 times) CPU(SSE) totaly:6
duality mapping
duality mapping time (10 times) totally: 3.00
Polytopes: 46
reading 9 model configs(plus fixed one,total = 10)
build boundingbox time : 0.00
init time to build AABBTrees for model and kcbp (9 paris): 211.00
reading dynamic config transforms : 400
Collision detection cost time: 90.00
Collisions of kcbp pairs: 86
Collisions of model pairs: 80
models/apple.obj 	points number: 8118
K = 46
ModelNum = 10
Moving steps : 500
ach banchtest (10 times) totally: 22.00
cluster time (10 times) totally: 2.00
normalsize = 46
Projection time banchtest(10 times) CPU(SSE) totaly:8
duality mapping
duality mapping time (10 times) totally: 3.00
Polytopes: 46
reading 9 model configs(plus fixed one,total = 10)
build boundingbox time : 1.00
init time to build AABBTrees for model and kcbp (9 paris): 209.00
reading dynamic config transforms : 500
Collision detection cost time: 129.00
Collisions of kcbp pairs: 107
Collisions of model pairs: 100
models/apple.obj 	points number: 8118
K = 46
ModelNum = 10
Moving steps : 600
ach banchtest (10 times) totally: 9.00
cluster time (10 times) totally: 1.00
normalsize = 46
Projection time banchtest(10 times) CPU(SSE) totaly:10
duality mapping
duality mapping time (10 times) totally: 4.00
Polytopes: 46
reading 9 model configs(plus fixed one,total = 10)
build boundingbox time : 0.00
init time to build AABBTrees for model and kcbp (9 paris): 209.00
reading dynamic config transforms : 600
Collision detection cost time: 157.00
Collisions of kcbp pairs: 131
Collisions of model pairs: 122
models/apple.obj 	points number: 8118
K = 46
ModelNum = 10
Moving steps : 700
ach banchtest (10 times) totally: 10.00
cluster time (10 times) totally: 1.00
normalsize = 46
Projection time banchtest(10 times) CPU(SSE) totaly:6
duality mapping
duality mapping time (10 times) totally: 3.00
Polytopes: 46
reading 9 model configs(plus fixed one,total = 10)
build boundingbox time : 1.00
init time to build AABBTrees for model and kcbp (9 paris): 209.00
reading dynamic config transforms : 700
Collision detection cost time: 183.00
Collisions of kcbp pairs: 161
Collisions of model pairs: 150
models/apple.obj 	points number: 8118
K = 46
ModelNum = 10
Moving steps : 800
ach banchtest (10 times) totally: 12.00
cluster time (10 times) totally: 1.00
normalsize = 46
Projection time banchtest(10 times) CPU(SSE) totaly:6
duality mapping
duality mapping time (10 times) totally: 4.00
Polytopes: 46
reading 9 model configs(plus fixed one,total = 10)
build boundingbox time : 0.00
init time to build AABBTrees for model and kcbp (9 paris): 211.00
reading dynamic config transforms : 800
Collision detection cost time: 216.00
Collisions of kcbp pairs: 182
Collisions of model pairs: 169
models/apple.obj 	points number: 8118
K = 46
ModelNum = 10
Moving steps : 900
ach banchtest (10 times) totally: 10.00
cluster time (10 times) totally: 1.00
normalsize = 46
Projection time banchtest(10 times) CPU(SSE) totaly:6
duality mapping
duality mapping time (10 times) totally: 2.00
Polytopes: 46
reading 9 model configs(plus fixed one,total = 10)
build boundingbox time : 1.00
init time to build AABBTrees for model and kcbp (9 paris): 210.00
reading dynamic config transforms : 900
Collision detection cost time: 255.00
Collisions of kcbp pairs: 209
Collisions of model pairs: 192
models/apple.obj 	points number: 8118
K = 46
ModelNum = 10
Moving steps : 1000
ach banchtest (10 times) totally: 9.00
cluster time (10 times) totally: 1.00
normalsize = 46
Projection time banchtest(10 times) CPU(SSE) totaly:6
duality mapping
duality mapping time (10 times) totally: 2.00
Polytopes: 46
reading 9 model configs(plus fixed one,total = 10)
build boundingbox time : 0.00
init time to build AABBTrees for model and kcbp (9 paris): 211.00
reading dynamic config transforms : 1000
Collision detection cost time: 288.00
Collisions of kcbp pairs: 223
Collisions of model pairs: 204
