models/bunny2.obj 	points number: 2503
K = 46
ModelNum = 10
Moving steps : 10
ach banchtest (10 times) totally: 12.00
cluster time (10 times) totally: 2.00
normalsize = 46
Projection time banchtest(10 times) CPU(SSE) totaly:4
duality mapping
duality mapping time (10 times) totally: 5.00
Polytopes: 46
reading 9 model configs(plus fixed one,total = 10)
build boundingbox time : 0.00
init time to build AABBTrees for model and GJK for kcbp (9 pairs): 105.00
reading dynamic config transforms : 10
Collision detection cost time: 1.00
Collisions of kcbp pairs: 4
Collisions of model pairs: 2
models/bunny2.obj 	points number: 2503
K = 46
ModelNum = 10
Moving steps : 50
ach banchtest (10 times) totally: 13.00
cluster time (10 times) totally: 3.00
normalsize = 46
Projection time banchtest(10 times) CPU(SSE) totaly:5
duality mapping
duality mapping time (10 times) totally: 5.00
Polytopes: 46
reading 9 model configs(plus fixed one,total = 10)
build boundingbox time : 0.00
init time to build AABBTrees for model and GJK for kcbp (9 pairs): 107.00
reading dynamic config transforms : 50
Collision detection cost time: 5.00
Collisions of kcbp pairs: 14
Collisions of model pairs: 11
models/bunny2.obj 	points number: 2503
K = 46
ModelNum = 10
Moving steps : 100
ach banchtest (10 times) totally: 5.00
cluster time (10 times) totally: 2.00
normalsize = 46
Projection time banchtest(10 times) CPU(SSE) totaly:1
duality mapping
duality mapping time (10 times) totally: 3.00
Polytopes: 46
reading 9 model configs(plus fixed one,total = 10)
build boundingbox time : 0.00
init time to build AABBTrees for model and GJK for kcbp (9 pairs): 101.00
reading dynamic config transforms : 100
Collision detection cost time: 6.00
Collisions of kcbp pairs: 23
Collisions of model pairs: 20
models/bunny2.obj 	points number: 2503
K = 46
ModelNum = 10
Moving steps : 200
ach banchtest (10 times) totally: 12.00
cluster time (10 times) totally: 1.00
normalsize = 46
Projection time banchtest(10 times) CPU(SSE) totaly:2
duality mapping
duality mapping time (10 times) totally: 3.00
Polytopes: 46
reading 9 model configs(plus fixed one,total = 10)
build boundingbox time : 0.00
init time to build AABBTrees for model and GJK for kcbp (9 pairs): 105.00
reading dynamic config transforms : 200
Collision detection cost time: 13.00
Collisions of kcbp pairs: 50
Collisions of model pairs: 43
models/bunny2.obj 	points number: 2503
K = 46
ModelNum = 10
Moving steps : 300
ach banchtest (10 times) totally: 6.00
cluster time (10 times) totally: 1.00
normalsize = 46
Projection time banchtest(10 times) CPU(SSE) totaly:2
duality mapping
duality mapping time (10 times) totally: 3.00
Polytopes: 46
reading 9 model configs(plus fixed one,total = 10)
build boundingbox time : 0.00
init time to build AABBTrees for model and GJK for kcbp (9 pairs): 116.00
reading dynamic config transforms : 300
Collision detection cost time: 17.00
Collisions of kcbp pairs: 71
Collisions of model pairs: 62
models/bunny2.obj 	points number: 2503
K = 46
ModelNum = 10
Moving steps : 400
ach banchtest (10 times) totally: 13.00
cluster time (10 times) totally: 3.00
normalsize = 46
Projection time banchtest(10 times) CPU(SSE) totaly:5
duality mapping
duality mapping time (10 times) totally: 6.00
Polytopes: 46
reading 9 model configs(plus fixed one,total = 10)
build boundingbox time : 0.00
init time to build AABBTrees for model and GJK for kcbp (9 pairs): 102.00
reading dynamic config transforms : 400
Collision detection cost time: 24.00
Collisions of kcbp pairs: 95
Collisions of model pairs: 82
models/bunny2.obj 	points number: 2503
K = 46
ModelNum = 10
Moving steps : 500
ach banchtest (10 times) totally: 6.00
cluster time (10 times) totally: 1.00
normalsize = 46
Projection time banchtest(10 times) CPU(SSE) totaly:2
duality mapping
duality mapping time (10 times) totally: 3.00
Polytopes: 46
reading 9 model configs(plus fixed one,total = 10)
build boundingbox time : 0.00
init time to build AABBTrees for model and GJK for kcbp (9 pairs): 102.00
reading dynamic config transforms : 500
Collision detection cost time: 31.00
Collisions of kcbp pairs: 120
Collisions of model pairs: 102
models/bunny2.obj 	points number: 2503
K = 46
ModelNum = 10
Moving steps : 600
ach banchtest (10 times) totally: 14.00
cluster time (10 times) totally: 3.00
normalsize = 46
Projection time banchtest(10 times) CPU(SSE) totaly:4
duality mapping
duality mapping time (10 times) totally: 7.00
Polytopes: 46
reading 9 model configs(plus fixed one,total = 10)
build boundingbox time : 1.00
init time to build AABBTrees for model and GJK for kcbp (9 pairs): 132.00
reading dynamic config transforms : 600
Collision detection cost time: 41.00
Collisions of kcbp pairs: 145
Collisions of model pairs: 122
models/bunny2.obj 	points number: 2503
K = 46
ModelNum = 10
Moving steps : 700
ach banchtest (10 times) totally: 6.00
cluster time (10 times) totally: 1.00
normalsize = 46
Projection time banchtest(10 times) CPU(SSE) totaly:2
duality mapping
duality mapping time (10 times) totally: 3.00
Polytopes: 46
reading 9 model configs(plus fixed one,total = 10)
build boundingbox time : 0.00
init time to build AABBTrees for model and GJK for kcbp (9 pairs): 103.00
reading dynamic config transforms : 700
Collision detection cost time: 48.00
Collisions of kcbp pairs: 174
Collisions of model pairs: 147
models/bunny2.obj 	points number: 2503
K = 46
ModelNum = 10
Moving steps : 800
ach banchtest (10 times) totally: 9.00
cluster time (10 times) totally: 2.00
normalsize = 46
Projection time banchtest(10 times) CPU(SSE) totaly:3
duality mapping
duality mapping time (10 times) totally: 5.00
Polytopes: 46
reading 9 model configs(plus fixed one,total = 10)
build boundingbox time : 0.00
init time to build AABBTrees for model and GJK for kcbp (9 pairs): 114.00
reading dynamic config transforms : 800
Collision detection cost time: 60.00
Collisions of kcbp pairs: 202
Collisions of model pairs: 170
models/bunny2.obj 	points number: 2503
K = 46
ModelNum = 10
Moving steps : 900
ach banchtest (10 times) totally: 5.00
cluster time (10 times) totally: 2.00
normalsize = 46
Projection time banchtest(10 times) CPU(SSE) totaly:2
duality mapping
duality mapping time (10 times) totally: 3.00
Polytopes: 46
reading 9 model configs(plus fixed one,total = 10)
build boundingbox time : 0.00
init time to build AABBTrees for model and GJK for kcbp (9 pairs): 101.00
reading dynamic config transforms : 900
Collision detection cost time: 66.00
Collisions of kcbp pairs: 228
Collisions of model pairs: 191
models/bunny2.obj 	points number: 2503
K = 46
ModelNum = 10
Moving steps : 1000
ach banchtest (10 times) totally: 5.00
cluster time (10 times) totally: 1.00
normalsize = 46
Projection time banchtest(10 times) CPU(SSE) totaly:2
duality mapping
duality mapping time (10 times) totally: 2.00
Polytopes: 46
reading 9 model configs(plus fixed one,total = 10)
build boundingbox time : 0.00
init time to build AABBTrees for model and GJK for kcbp (9 pairs): 104.00
reading dynamic config transforms : 1000
Collision detection cost time: 74.00
Collisions of kcbp pairs: 244
Collisions of model pairs: 202
