models/dinosaur.obj 	points number: 40277
K = 46
ModelNum = 10
Moving steps : 10
ach banchtest (10 times) totally: 19.00
cluster time (10 times) totally: 0.00
normalsize = 46
Projection time banchtest(10 times) CPU(SSE) totaly:31
duality mapping
duality mapping time (10 times) totally: 3.00
Polytopes: 46
reading 9 model configs(plus fixed one,total = 10)
build boundingbox time : 1.00
init time to build AABBTrees for model and kcbp (9 paris): 2250.00
reading dynamic config transforms : 10
Collision detection cost time: 1.00
Collisions of kcbp pairs: 0
Collisions of model pairs: 0
models/dinosaur.obj 	points number: 40277
K = 46
ModelNum = 10
Moving steps : 50
ach banchtest (10 times) totally: 18.00
cluster time (10 times) totally: 0.00
normalsize = 46
Projection time banchtest(10 times) CPU(SSE) totaly:33
duality mapping
duality mapping time (10 times) totally: 3.00
Polytopes: 46
reading 9 model configs(plus fixed one,total = 10)
build boundingbox time : 2.00
init time to build AABBTrees for model and kcbp (9 paris): 2270.00
reading dynamic config transforms : 50
Collision detection cost time: 5.00
Collisions of kcbp pairs: 2
Collisions of model pairs: 0
models/dinosaur.obj 	points number: 40277
K = 46
ModelNum = 10
Moving steps : 100
ach banchtest (10 times) totally: 18.00
cluster time (10 times) totally: 0.00
normalsize = 46
Projection time banchtest(10 times) CPU(SSE) totaly:31
duality mapping
duality mapping time (10 times) totally: 2.00
Polytopes: 46
reading 9 model configs(plus fixed one,total = 10)
build boundingbox time : 1.00
init time to build AABBTrees for model and kcbp (9 paris): 2237.00
reading dynamic config transforms : 100
Collision detection cost time: 10.00
Collisions of kcbp pairs: 4
Collisions of model pairs: 2
models/dinosaur.obj 	points number: 40277
K = 46
ModelNum = 10
Moving steps : 200
ach banchtest (10 times) totally: 18.00
cluster time (10 times) totally: 0.00
normalsize = 46
Projection time banchtest(10 times) CPU(SSE) totaly:31
duality mapping
duality mapping time (10 times) totally: 2.00
Polytopes: 46
reading 9 model configs(plus fixed one,total = 10)
build boundingbox time : 1.00
init time to build AABBTrees for model and kcbp (9 paris): 2292.00
reading dynamic config transforms : 200
Collision detection cost time: 24.00
Collisions of kcbp pairs: 10
Collisions of model pairs: 4
models/dinosaur.obj 	points number: 40277
K = 46
ModelNum = 10
Moving steps : 300
ach banchtest (10 times) totally: 18.00
cluster time (10 times) totally: 1.00
normalsize = 46
Projection time banchtest(10 times) CPU(SSE) totaly:31
duality mapping
duality mapping time (10 times) totally: 3.00
Polytopes: 46
reading 9 model configs(plus fixed one,total = 10)
build boundingbox time : 1.00
init time to build AABBTrees for model and kcbp (9 paris): 2241.00
reading dynamic config transforms : 300
Collision detection cost time: 38.00
Collisions of kcbp pairs: 14
Collisions of model pairs: 7
models/dinosaur.obj 	points number: 40277
K = 46
ModelNum = 10
Moving steps : 400
ach banchtest (10 times) totally: 18.00
cluster time (10 times) totally: 1.00
normalsize = 46
Projection time banchtest(10 times) CPU(SSE) totaly:30
duality mapping
duality mapping time (10 times) totally: 3.00
Polytopes: 46
reading 9 model configs(plus fixed one,total = 10)
build boundingbox time : 2.00
init time to build AABBTrees for model and kcbp (9 paris): 2248.00
reading dynamic config transforms : 400
Collision detection cost time: 51.00
Collisions of kcbp pairs: 16
Collisions of model pairs: 8
models/dinosaur.obj 	points number: 40277
K = 46
ModelNum = 10
Moving steps : 500
ach banchtest (10 times) totally: 18.00
cluster time (10 times) totally: 0.00
normalsize = 46
Projection time banchtest(10 times) CPU(SSE) totaly:31
duality mapping
duality mapping time (10 times) totally: 3.00
Polytopes: 46
reading 9 model configs(plus fixed one,total = 10)
build boundingbox time : 1.00
init time to build AABBTrees for model and kcbp (9 paris): 2255.00
reading dynamic config transforms : 500
Collision detection cost time: 77.00
Collisions of kcbp pairs: 21
Collisions of model pairs: 10
models/dinosaur.obj 	points number: 40277
K = 46
ModelNum = 10
Moving steps : 600
ach banchtest (10 times) totally: 18.00
cluster time (10 times) totally: 1.00
normalsize = 46
Projection time banchtest(10 times) CPU(SSE) totaly:30
duality mapping
duality mapping time (10 times) totally: 3.00
Polytopes: 46
reading 9 model configs(plus fixed one,total = 10)
build boundingbox time : 2.00
init time to build AABBTrees for model and kcbp (9 paris): 2257.00
reading dynamic config transforms : 600
Collision detection cost time: 90.00
Collisions of kcbp pairs: 26
Collisions of model pairs: 13
models/dinosaur.obj 	points number: 40277
K = 46
ModelNum = 10
Moving steps : 700
ach banchtest (10 times) totally: 18.00
cluster time (10 times) totally: 1.00
normalsize = 46
Projection time banchtest(10 times) CPU(SSE) totaly:30
duality mapping
duality mapping time (10 times) totally: 3.00
Polytopes: 46
reading 9 model configs(plus fixed one,total = 10)
build boundingbox time : 1.00
init time to build AABBTrees for model and kcbp (9 paris): 2244.00
reading dynamic config transforms : 700
Collision detection cost time: 114.00
Collisions of kcbp pairs: 31
Collisions of model pairs: 16
models/dinosaur.obj 	points number: 40277
K = 46
ModelNum = 10
Moving steps : 800
ach banchtest (10 times) totally: 18.00
cluster time (10 times) totally: 1.00
normalsize = 46
Projection time banchtest(10 times) CPU(SSE) totaly:30
duality mapping
duality mapping time (10 times) totally: 3.00
Polytopes: 46
reading 9 model configs(plus fixed one,total = 10)
build boundingbox time : 1.00
init time to build AABBTrees for model and kcbp (9 paris): 2250.00
reading dynamic config transforms : 800
Collision detection cost time: 132.00
Collisions of kcbp pairs: 34
Collisions of model pairs: 18
models/dinosaur.obj 	points number: 40277
K = 46
ModelNum = 10
Moving steps : 900
ach banchtest (10 times) totally: 18.00
cluster time (10 times) totally: 1.00
normalsize = 46
Projection time banchtest(10 times) CPU(SSE) totaly:31
duality mapping
duality mapping time (10 times) totally: 3.00
Polytopes: 46
reading 9 model configs(plus fixed one,total = 10)
build boundingbox time : 2.00
init time to build AABBTrees for model and kcbp (9 paris): 2259.00
reading dynamic config transforms : 900
Collision detection cost time: 154.00
Collisions of kcbp pairs: 43
Collisions of model pairs: 21
models/dinosaur.obj 	points number: 40277
K = 46
ModelNum = 10
Moving steps : 1000
ach banchtest (10 times) totally: 19.00
cluster time (10 times) totally: 0.00
normalsize = 46
Projection time banchtest(10 times) CPU(SSE) totaly:31
duality mapping
duality mapping time (10 times) totally: 3.00
Polytopes: 46
reading 9 model configs(plus fixed one,total = 10)
build boundingbox time : 1.00
init time to build AABBTrees for model and kcbp (9 paris): 2254.00
reading dynamic config transforms : 1000
Collision detection cost time: 166.00
Collisions of kcbp pairs: 43
Collisions of model pairs: 21
