models/apple.obj 	points number: 8118
K = 46
ModelNum = 10
Moving steps : 10
ach banchtest (10 times) totally: 10.00
cluster time (10 times) totally: 1.00
normalsize = 46
Projection time banchtest(10 times) CPU(SSE) totaly:7
duality mapping
duality mapping time (10 times) totally: 3.00
Polytopes: 46
reading 9 model configs(plus fixed one,total = 10)
build boundingbox time : 0.00
init time to build AABBTrees for model and GJK for kcbp (9 pairs): 207.00
reading dynamic config transforms : 10
Collision detection cost time: 4.00
Collisions of kcbp pairs: 4
Collisions of model pairs: 3
models/apple.obj 	points number: 8118
K = 46
ModelNum = 10
Moving steps : 50
ach banchtest (10 times) totally: 9.00
cluster time (10 times) totally: 1.00
normalsize = 46
Projection time banchtest(10 times) CPU(SSE) totaly:6
duality mapping
duality mapping time (10 times) totally: 3.00
Polytopes: 46
reading 9 model configs(plus fixed one,total = 10)
build boundingbox time : 0.00
init time to build AABBTrees for model and GJK for kcbp (9 pairs): 203.00
reading dynamic config transforms : 50
Collision detection cost time: 3.00
Collisions of kcbp pairs: 7
Collisions of model pairs: 7
models/apple.obj 	points number: 8118
K = 46
ModelNum = 10
Moving steps : 100
ach banchtest (10 times) totally: 9.00
cluster time (10 times) totally: 1.00
normalsize = 46
Projection time banchtest(10 times) CPU(SSE) totaly:6
duality mapping
duality mapping time (10 times) totally: 3.00
Polytopes: 46
reading 9 model configs(plus fixed one,total = 10)
build boundingbox time : 0.00
init time to build AABBTrees for model and GJK for kcbp (9 pairs): 205.00
reading dynamic config transforms : 100
Collision detection cost time: 21.00
Collisions of kcbp pairs: 27
Collisions of model pairs: 23
models/apple.obj 	points number: 8118
K = 46
ModelNum = 10
Moving steps : 200
ach banchtest (10 times) totally: 13.00
cluster time (10 times) totally: 1.00
normalsize = 46
Projection time banchtest(10 times) CPU(SSE) totaly:6
duality mapping
duality mapping time (10 times) totally: 3.00
Polytopes: 46
reading 9 model configs(plus fixed one,total = 10)
build boundingbox time : 0.00
init time to build AABBTrees for model and GJK for kcbp (9 pairs): 207.00
reading dynamic config transforms : 200
Collision detection cost time: 26.00
Collisions of kcbp pairs: 39
Collisions of model pairs: 39
models/apple.obj 	points number: 8118
K = 46
ModelNum = 10
Moving steps : 300
ach banchtest (10 times) totally: 22.00
cluster time (10 times) totally: 3.00
normalsize = 46
Projection time banchtest(10 times) CPU(SSE) totaly:9
duality mapping
duality mapping time (10 times) totally: 2.00
Polytopes: 46
reading 9 model configs(plus fixed one,total = 10)
build boundingbox time : 0.00
init time to build AABBTrees for model and GJK for kcbp (9 pairs): 205.00
reading dynamic config transforms : 300
Collision detection cost time: 35.00
Collisions of kcbp pairs: 54
Collisions of model pairs: 52
models/apple.obj 	points number: 8118
K = 46
ModelNum = 10
Moving steps : 400
ach banchtest (10 times) totally: 9.00
cluster time (10 times) totally: 1.00
normalsize = 46
Projection time banchtest(10 times) CPU(SSE) totaly:6
duality mapping
duality mapping time (10 times) totally: 3.00
Polytopes: 46
reading 9 model configs(plus fixed one,total = 10)
build boundingbox time : 0.00
init time to build AABBTrees for model and GJK for kcbp (9 pairs): 205.00
reading dynamic config transforms : 400
Collision detection cost time: 44.00
Collisions of kcbp pairs: 76
Collisions of model pairs: 70
models/apple.obj 	points number: 8118
K = 46
ModelNum = 10
Moving steps : 500
ach banchtest (10 times) totally: 12.00
cluster time (10 times) totally: 1.00
normalsize = 46
Projection time banchtest(10 times) CPU(SSE) totaly:8
duality mapping
duality mapping time (10 times) totally: 4.00
Polytopes: 46
reading 9 model configs(plus fixed one,total = 10)
build boundingbox time : 0.00
init time to build AABBTrees for model and GJK for kcbp (9 pairs): 205.00
reading dynamic config transforms : 500
Collision detection cost time: 65.00
Collisions of kcbp pairs: 109
Collisions of model pairs: 104
models/apple.obj 	points number: 8118
K = 46
ModelNum = 10
Moving steps : 600
ach banchtest (10 times) totally: 12.00
cluster time (10 times) totally: 1.00
normalsize = 46
Projection time banchtest(10 times) CPU(SSE) totaly:8
duality mapping
duality mapping time (10 times) totally: 2.00
Polytopes: 46
reading 9 model configs(plus fixed one,total = 10)
build boundingbox time : 0.00
init time to build AABBTrees for model and GJK for kcbp (9 pairs): 205.00
reading dynamic config transforms : 600
Collision detection cost time: 111.00
Collisions of kcbp pairs: 163
Collisions of model pairs: 157
models/apple.obj 	points number: 8118
K = 46
ModelNum = 10
Moving steps : 700
ach banchtest (10 times) totally: 19.00
cluster time (10 times) totally: 1.00
normalsize = 46
Projection time banchtest(10 times) CPU(SSE) totaly:6
duality mapping
duality mapping time (10 times) totally: 2.00
Polytopes: 46
reading 9 model configs(plus fixed one,total = 10)
build boundingbox time : 0.00
init time to build AABBTrees for model and GJK for kcbp (9 pairs): 206.00
reading dynamic config transforms : 700
Collision detection cost time: 94.00
Collisions of kcbp pairs: 159
Collisions of model pairs: 157
models/apple.obj 	points number: 8118
K = 46
ModelNum = 10
Moving steps : 800
ach banchtest (10 times) totally: 21.00
cluster time (10 times) totally: 2.00
normalsize = 46
Projection time banchtest(10 times) CPU(SSE) totaly:14
duality mapping
duality mapping time (10 times) totally: 7.00
Polytopes: 46
reading 9 model configs(plus fixed one,total = 10)
build boundingbox time : 1.00
init time to build AABBTrees for model and GJK for kcbp (9 pairs): 210.00
reading dynamic config transforms : 800
Collision detection cost time: 74.00
Collisions of kcbp pairs: 140
Collisions of model pairs: 132
models/apple.obj 	points number: 8118
K = 46
ModelNum = 10
Moving steps : 900
ach banchtest (10 times) totally: 11.00
cluster time (10 times) totally: 2.00
normalsize = 46
Projection time banchtest(10 times) CPU(SSE) totaly:7
duality mapping
duality mapping time (10 times) totally: 3.00
Polytopes: 46
reading 9 model configs(plus fixed one,total = 10)
build boundingbox time : 0.00
init time to build AABBTrees for model and GJK for kcbp (9 pairs): 206.00
reading dynamic config transforms : 900
Collision detection cost time: 105.00
Collisions of kcbp pairs: 178
Collisions of model pairs: 173
models/apple.obj 	points number: 8118
K = 46
ModelNum = 10
Moving steps : 1000
ach banchtest (10 times) totally: 17.00
cluster time (10 times) totally: 1.00
normalsize = 46
Projection time banchtest(10 times) CPU(SSE) totaly:7
duality mapping
duality mapping time (10 times) totally: 3.00
Polytopes: 46
reading 9 model configs(plus fixed one,total = 10)
build boundingbox time : 0.00
init time to build AABBTrees for model and GJK for kcbp (9 pairs): 238.00
reading dynamic config transforms : 1000
Collision detection cost time: 147.00
Collisions of kcbp pairs: 238
Collisions of model pairs: 227
