models/apple.obj 	points number: 8118
K = 46
ModelNum = 10
Moving steps : 10
ach banchtest (10 times) totally: 10.00
cluster time (10 times) totally: 1.00
normalsize = 46
Projection time banchtest(10 times) CPU(SSE) totaly:6
duality mapping
duality mapping time (10 times) totally: 3.00
Polytopes: 46
reading 9 model configs(plus fixed one,total = 10)
build boundingbox time : 1.00
init time to build AABBTrees for model and kcbp (9 paris): 209.00
reading dynamic config transforms : 10
Collision detection cost time: 5.00
Collisions of kcbp pairs: 4
Collisions of model pairs: 3
models/apple.obj 	points number: 8118
K = 46
ModelNum = 10
Moving steps : 50
ach banchtest (10 times) totally: 10.00
cluster time (10 times) totally: 1.00
normalsize = 46
Projection time banchtest(10 times) CPU(SSE) totaly:6
duality mapping
duality mapping time (10 times) totally: 2.00
Polytopes: 46
reading 9 model configs(plus fixed one,total = 10)
build boundingbox time : 1.00
init time to build AABBTrees for model and kcbp (9 paris): 207.00
reading dynamic config transforms : 50
Collision detection cost time: 6.00
Collisions of kcbp pairs: 7
Collisions of model pairs: 7
models/apple.obj 	points number: 8118
K = 46
ModelNum = 10
Moving steps : 100
ach banchtest (10 times) totally: 22.00
cluster time (10 times) totally: 2.00
normalsize = 46
Projection time banchtest(10 times) CPU(SSE) totaly:12
duality mapping
duality mapping time (10 times) totally: 2.00
Polytopes: 46
reading 9 model configs(plus fixed one,total = 10)
build boundingbox time : 0.00
init time to build AABBTrees for model and kcbp (9 paris): 206.00
reading dynamic config transforms : 100
Collision detection cost time: 31.00
Collisions of kcbp pairs: 27
Collisions of model pairs: 23
models/apple.obj 	points number: 8118
K = 46
ModelNum = 10
Moving steps : 200
ach banchtest (10 times) totally: 10.00
cluster time (10 times) totally: 1.00
normalsize = 46
Projection time banchtest(10 times) CPU(SSE) totaly:7
duality mapping
duality mapping time (10 times) totally: 2.00
Polytopes: 46
reading 9 model configs(plus fixed one,total = 10)
build boundingbox time : 1.00
init time to build AABBTrees for model and kcbp (9 paris): 207.00
reading dynamic config transforms : 200
Collision detection cost time: 52.00
Collisions of kcbp pairs: 39
Collisions of model pairs: 39
models/apple.obj 	points number: 8118
K = 46
ModelNum = 10
Moving steps : 300
ach banchtest (10 times) totally: 13.00
cluster time (10 times) totally: 1.00
normalsize = 46
Projection time banchtest(10 times) CPU(SSE) totaly:7
duality mapping
duality mapping time (10 times) totally: 3.00
Polytopes: 46
reading 9 model configs(plus fixed one,total = 10)
build boundingbox time : 1.00
init time to build AABBTrees for model and kcbp (9 paris): 208.00
reading dynamic config transforms : 300
Collision detection cost time: 71.00
Collisions of kcbp pairs: 55
Collisions of model pairs: 52
models/apple.obj 	points number: 8118
K = 46
ModelNum = 10
Moving steps : 400
ach banchtest (10 times) totally: 12.00
cluster time (10 times) totally: 1.00
normalsize = 46
Projection time banchtest(10 times) CPU(SSE) totaly:7
duality mapping
duality mapping time (10 times) totally: 3.00
Polytopes: 46
reading 9 model configs(plus fixed one,total = 10)
build boundingbox time : 0.00
init time to build AABBTrees for model and kcbp (9 paris): 207.00
reading dynamic config transforms : 400
Collision detection cost time: 94.00
Collisions of kcbp pairs: 76
Collisions of model pairs: 70
models/apple.obj 	points number: 8118
K = 46
ModelNum = 10
Moving steps : 500
ach banchtest (10 times) totally: 21.00
cluster time (10 times) totally: 3.00
normalsize = 46
Projection time banchtest(10 times) CPU(SSE) totaly:11
duality mapping
duality mapping time (10 times) totally: 3.00
Polytopes: 46
reading 9 model configs(plus fixed one,total = 10)
build boundingbox time : 0.00
init time to build AABBTrees for model and kcbp (9 paris): 206.00
reading dynamic config transforms : 500
Collision detection cost time: 130.00
Collisions of kcbp pairs: 109
Collisions of model pairs: 104
models/apple.obj 	points number: 8118
K = 46
ModelNum = 10
Moving steps : 600
ach banchtest (10 times) totally: 22.00
cluster time (10 times) totally: 2.00
normalsize = 46
Projection time banchtest(10 times) CPU(SSE) totaly:9
duality mapping
duality mapping time (10 times) totally: 3.00
Polytopes: 46
reading 9 model configs(plus fixed one,total = 10)
build boundingbox time : 0.00
init time to build AABBTrees for model and kcbp (9 paris): 209.00
reading dynamic config transforms : 600
Collision detection cost time: 183.00
Collisions of kcbp pairs: 164
Collisions of model pairs: 158
models/apple.obj 	points number: 8118
K = 46
ModelNum = 10
Moving steps : 700
ach banchtest (10 times) totally: 18.00
cluster time (10 times) totally: 2.00
normalsize = 46
Projection time banchtest(10 times) CPU(SSE) totaly:11
duality mapping
duality mapping time (10 times) totally: 3.00
Polytopes: 46
reading 9 model configs(plus fixed one,total = 10)
build boundingbox time : 1.00
init time to build AABBTrees for model and kcbp (9 paris): 206.00
reading dynamic config transforms : 700
Collision detection cost time: 182.00
Collisions of kcbp pairs: 162
Collisions of model pairs: 158
models/apple.obj 	points number: 8118
K = 46
ModelNum = 10
Moving steps : 800
ach banchtest (10 times) totally: 13.00
cluster time (10 times) totally: 1.00
normalsize = 46
Projection time banchtest(10 times) CPU(SSE) totaly:8
duality mapping
duality mapping time (10 times) totally: 4.00
Polytopes: 46
reading 9 model configs(plus fixed one,total = 10)
build boundingbox time : 0.00
init time to build AABBTrees for model and kcbp (9 paris): 207.00
reading dynamic config transforms : 800
Collision detection cost time: 172.00
Collisions of kcbp pairs: 143
Collisions of model pairs: 132
models/apple.obj 	points number: 8118
K = 46
ModelNum = 10
Moving steps : 900
ach banchtest (10 times) totally: 21.00
cluster time (10 times) totally: 2.00
normalsize = 46
Projection time banchtest(10 times) CPU(SSE) totaly:6
duality mapping
duality mapping time (10 times) totally: 3.00
Polytopes: 46
reading 9 model configs(plus fixed one,total = 10)
build boundingbox time : 0.00
init time to build AABBTrees for model and kcbp (9 paris): 206.00
reading dynamic config transforms : 900
Collision detection cost time: 210.00
Collisions of kcbp pairs: 180
Collisions of model pairs: 173
models/apple.obj 	points number: 8118
K = 46
ModelNum = 10
Moving steps : 1000
ach banchtest (10 times) totally: 9.00
cluster time (10 times) totally: 1.00
normalsize = 46
Projection time banchtest(10 times) CPU(SSE) totaly:6
duality mapping
duality mapping time (10 times) totally: 3.00
Polytopes: 46
reading 9 model configs(plus fixed one,total = 10)
build boundingbox time : 0.00
init time to build AABBTrees for model and kcbp (9 paris): 207.00
reading dynamic config transforms : 1000
Collision detection cost time: 269.00
Collisions of kcbp pairs: 239
Collisions of model pairs: 227
