models/budda.obj 	points number: 31232
K = 46
ModelNum = 10
Moving steps : 10
ach banchtest (10 times) totally: 19.00
cluster time (10 times) totally: 1.00
normalsize = 46
Projection time banchtest(10 times) CPU(SSE) totaly:26
duality mapping
duality mapping time (10 times) totally: 2.00
Polytopes: 46
reading 9 model configs(plus fixed one,total = 10)
build boundingbox time : 1.00
init time to build AABBTrees for model and kcbp (9 paris): 1783.00
reading dynamic config transforms : 10
Collision detection cost time: 12.00
Collisions of kcbp pairs: 2
Collisions of model pairs: 2
models/budda.obj 	points number: 31232
K = 46
ModelNum = 10
Moving steps : 50
ach banchtest (10 times) totally: 17.00
cluster time (10 times) totally: 1.00
normalsize = 46
Projection time banchtest(10 times) CPU(SSE) totaly:25
duality mapping
duality mapping time (10 times) totally: 3.00
Polytopes: 46
reading 9 model configs(plus fixed one,total = 10)
build boundingbox time : 1.00
init time to build AABBTrees for model and kcbp (9 paris): 1795.00
reading dynamic config transforms : 50
Collision detection cost time: 23.00
Collisions of kcbp pairs: 4
Collisions of model pairs: 3
models/budda.obj 	points number: 31232
K = 46
ModelNum = 10
Moving steps : 100
ach banchtest (10 times) totally: 18.00
cluster time (10 times) totally: 1.00
normalsize = 46
Projection time banchtest(10 times) CPU(SSE) totaly:24
duality mapping
duality mapping time (10 times) totally: 3.00
Polytopes: 46
reading 9 model configs(plus fixed one,total = 10)
build boundingbox time : 1.00
init time to build AABBTrees for model and kcbp (9 paris): 1758.00
reading dynamic config transforms : 100
Collision detection cost time: 187.00
Collisions of kcbp pairs: 17
Collisions of model pairs: 15
models/budda.obj 	points number: 31232
K = 46
ModelNum = 10
Moving steps : 200
ach banchtest (10 times) totally: 17.00
cluster time (10 times) totally: 1.00
normalsize = 46
Projection time banchtest(10 times) CPU(SSE) totaly:24
duality mapping
duality mapping time (10 times) totally: 3.00
Polytopes: 46
reading 9 model configs(plus fixed one,total = 10)
build boundingbox time : 1.00
init time to build AABBTrees for model and kcbp (9 paris): 1734.00
reading dynamic config transforms : 200
Collision detection cost time: 562.00
Collisions of kcbp pairs: 30
Collisions of model pairs: 27
models/budda.obj 	points number: 31232
K = 46
ModelNum = 10
Moving steps : 300
ach banchtest (10 times) totally: 17.00
cluster time (10 times) totally: 1.00
normalsize = 46
Projection time banchtest(10 times) CPU(SSE) totaly:24
duality mapping
duality mapping time (10 times) totally: 3.00
Polytopes: 46
reading 9 model configs(plus fixed one,total = 10)
build boundingbox time : 1.00
init time to build AABBTrees for model and kcbp (9 paris): 1715.00
reading dynamic config transforms : 300
Collision detection cost time: 415.00
Collisions of kcbp pairs: 34
Collisions of model pairs: 29
models/budda.obj 	points number: 31232
K = 46
ModelNum = 10
Moving steps : 400
ach banchtest (10 times) totally: 17.00
cluster time (10 times) totally: 1.00
normalsize = 46
Projection time banchtest(10 times) CPU(SSE) totaly:24
duality mapping
duality mapping time (10 times) totally: 3.00
Polytopes: 46
reading 9 model configs(plus fixed one,total = 10)
build boundingbox time : 1.00
init time to build AABBTrees for model and kcbp (9 paris): 1706.00
reading dynamic config transforms : 400
Collision detection cost time: 846.00
Collisions of kcbp pairs: 52
Collisions of model pairs: 42
models/budda.obj 	points number: 31232
K = 46
ModelNum = 10
Moving steps : 500
ach banchtest (10 times) totally: 17.00
cluster time (10 times) totally: 1.00
normalsize = 46
Projection time banchtest(10 times) CPU(SSE) totaly:24
duality mapping
duality mapping time (10 times) totally: 3.00
Polytopes: 46
reading 9 model configs(plus fixed one,total = 10)
build boundingbox time : 0.00
init time to build AABBTrees for model and kcbp (9 paris): 1725.00
reading dynamic config transforms : 500
Collision detection cost time: 1285.00
Collisions of kcbp pairs: 77
Collisions of model pairs: 61
models/budda.obj 	points number: 31232
K = 46
ModelNum = 10
Moving steps : 600
ach banchtest (10 times) totally: 17.00
cluster time (10 times) totally: 1.00
normalsize = 46
Projection time banchtest(10 times) CPU(SSE) totaly:23
duality mapping
duality mapping time (10 times) totally: 3.00
Polytopes: 46
reading 9 model configs(plus fixed one,total = 10)
build boundingbox time : 1.00
init time to build AABBTrees for model and kcbp (9 paris): 1702.00
reading dynamic config transforms : 600
Collision detection cost time: 1754.00
Collisions of kcbp pairs: 119
Collisions of model pairs: 103
models/budda.obj 	points number: 31232
K = 46
ModelNum = 10
Moving steps : 700
ach banchtest (10 times) totally: 17.00
cluster time (10 times) totally: 1.00
normalsize = 46
Projection time banchtest(10 times) CPU(SSE) totaly:24
duality mapping
duality mapping time (10 times) totally: 3.00
Polytopes: 46
reading 9 model configs(plus fixed one,total = 10)
build boundingbox time : 1.00
init time to build AABBTrees for model and kcbp (9 paris): 1731.00
reading dynamic config transforms : 700
Collision detection cost time: 1558.00
Collisions of kcbp pairs: 111
Collisions of model pairs: 92
models/budda.obj 	points number: 31232
K = 46
ModelNum = 10
Moving steps : 800
ach banchtest (10 times) totally: 17.00
cluster time (10 times) totally: 1.00
normalsize = 46
Projection time banchtest(10 times) CPU(SSE) totaly:24
duality mapping
duality mapping time (10 times) totally: 3.00
Polytopes: 46
reading 9 model configs(plus fixed one,total = 10)
build boundingbox time : 1.00
init time to build AABBTrees for model and kcbp (9 paris): 1708.00
reading dynamic config transforms : 800
Collision detection cost time: 1749.00
Collisions of kcbp pairs: 101
Collisions of model pairs: 80
models/budda.obj 	points number: 31232
K = 46
ModelNum = 10
Moving steps : 900
ach banchtest (10 times) totally: 17.00
cluster time (10 times) totally: 1.00
normalsize = 46
Projection time banchtest(10 times) CPU(SSE) totaly:24
duality mapping
duality mapping time (10 times) totally: 2.00
Polytopes: 46
reading 9 model configs(plus fixed one,total = 10)
build boundingbox time : 1.00
init time to build AABBTrees for model and kcbp (9 paris): 1717.00
reading dynamic config transforms : 900
Collision detection cost time: 2581.00
Collisions of kcbp pairs: 139
Collisions of model pairs: 122
models/budda.obj 	points number: 31232
K = 46
ModelNum = 10
Moving steps : 1000
ach banchtest (10 times) totally: 17.00
cluster time (10 times) totally: 1.00
normalsize = 46
Projection time banchtest(10 times) CPU(SSE) totaly:24
duality mapping
duality mapping time (10 times) totally: 3.00
Polytopes: 46
reading 9 model configs(plus fixed one,total = 10)
build boundingbox time : 1.00
init time to build AABBTrees for model and kcbp (9 paris): 1712.00
reading dynamic config transforms : 1000
Collision detection cost time: 3801.00
Collisions of kcbp pairs: 167
Collisions of model pairs: 141
