models/budda.obj 	points number: 31232
K = 46
ModelNum = 10
Moving steps : 10
ach banchtest (10 times) totally: 18.00
cluster time (10 times) totally: 1.00
normalsize = 46
Projection time banchtest(10 times) CPU(SSE) totaly:23
duality mapping
duality mapping time (10 times) totally: 2.00
Polytopes: 46
reading 9 model configs(plus fixed one,total = 10)
build boundingbox time : 1.00
init time to build AABBTrees for model and GJK for kcbp (9 pairs): 1756.00
reading dynamic config transforms : 10
Collision detection cost time: 6.00
Collisions of kcbp pairs: 2
Collisions of model pairs: 2
models/budda.obj 	points number: 31232
K = 46
ModelNum = 10
Moving steps : 50
ach banchtest (10 times) totally: 17.00
cluster time (10 times) totally: 1.00
normalsize = 46
Projection time banchtest(10 times) CPU(SSE) totaly:24
duality mapping
duality mapping time (10 times) totally: 3.00
Polytopes: 46
reading 9 model configs(plus fixed one,total = 10)
build boundingbox time : 1.00
init time to build AABBTrees for model and GJK for kcbp (9 pairs): 1737.00
reading dynamic config transforms : 50
Collision detection cost time: 17.00
Collisions of kcbp pairs: 4
Collisions of model pairs: 3
models/budda.obj 	points number: 31232
K = 46
ModelNum = 10
Moving steps : 100
ach banchtest (10 times) totally: 18.00
cluster time (10 times) totally: 1.00
normalsize = 46
Projection time banchtest(10 times) CPU(SSE) totaly:24
duality mapping
duality mapping time (10 times) totally: 3.00
Polytopes: 46
reading 9 model configs(plus fixed one,total = 10)
build boundingbox time : 1.00
init time to build AABBTrees for model and GJK for kcbp (9 pairs): 1727.00
reading dynamic config transforms : 100
Collision detection cost time: 170.00
Collisions of kcbp pairs: 17
Collisions of model pairs: 15
models/budda.obj 	points number: 31232
K = 46
ModelNum = 10
Moving steps : 200
ach banchtest (10 times) totally: 18.00
cluster time (10 times) totally: 1.00
normalsize = 46
Projection time banchtest(10 times) CPU(SSE) totaly:23
duality mapping
duality mapping time (10 times) totally: 2.00
Polytopes: 46
reading 9 model configs(plus fixed one,total = 10)
build boundingbox time : 1.00
init time to build AABBTrees for model and GJK for kcbp (9 pairs): 1752.00
reading dynamic config transforms : 200
Collision detection cost time: 513.00
Collisions of kcbp pairs: 30
Collisions of model pairs: 27
models/budda.obj 	points number: 31232
K = 46
ModelNum = 10
Moving steps : 300
ach banchtest (10 times) totally: 19.00
cluster time (10 times) totally: 1.00
normalsize = 46
Projection time banchtest(10 times) CPU(SSE) totaly:25
duality mapping
duality mapping time (10 times) totally: 3.00
Polytopes: 46
reading 9 model configs(plus fixed one,total = 10)
build boundingbox time : 1.00
init time to build AABBTrees for model and GJK for kcbp (9 pairs): 1710.00
reading dynamic config transforms : 300
Collision detection cost time: 361.00
Collisions of kcbp pairs: 34
Collisions of model pairs: 29
models/budda.obj 	points number: 31232
K = 46
ModelNum = 10
Moving steps : 400
ach banchtest (10 times) totally: 17.00
cluster time (10 times) totally: 1.00
normalsize = 46
Projection time banchtest(10 times) CPU(SSE) totaly:24
duality mapping
duality mapping time (10 times) totally: 3.00
Polytopes: 46
reading 9 model configs(plus fixed one,total = 10)
build boundingbox time : 1.00
init time to build AABBTrees for model and GJK for kcbp (9 pairs): 1721.00
reading dynamic config transforms : 400
Collision detection cost time: 769.00
Collisions of kcbp pairs: 52
Collisions of model pairs: 42
models/budda.obj 	points number: 31232
K = 46
ModelNum = 10
Moving steps : 500
ach banchtest (10 times) totally: 17.00
cluster time (10 times) totally: 1.00
normalsize = 46
Projection time banchtest(10 times) CPU(SSE) totaly:24
duality mapping
duality mapping time (10 times) totally: 3.00
Polytopes: 46
reading 9 model configs(plus fixed one,total = 10)
build boundingbox time : 1.00
init time to build AABBTrees for model and GJK for kcbp (9 pairs): 1742.00
reading dynamic config transforms : 500
Collision detection cost time: 1127.00
Collisions of kcbp pairs: 76
Collisions of model pairs: 61
models/budda.obj 	points number: 31232
K = 46
ModelNum = 10
Moving steps : 600
ach banchtest (10 times) totally: 17.00
cluster time (10 times) totally: 1.00
normalsize = 46
Projection time banchtest(10 times) CPU(SSE) totaly:23
duality mapping
duality mapping time (10 times) totally: 3.00
Polytopes: 46
reading 9 model configs(plus fixed one,total = 10)
build boundingbox time : 1.00
init time to build AABBTrees for model and GJK for kcbp (9 pairs): 1709.00
reading dynamic config transforms : 600
Collision detection cost time: 1675.00
Collisions of kcbp pairs: 119
Collisions of model pairs: 103
models/budda.obj 	points number: 31232
K = 46
ModelNum = 10
Moving steps : 700
ach banchtest (10 times) totally: 20.00
cluster time (10 times) totally: 1.00
normalsize = 46
Projection time banchtest(10 times) CPU(SSE) totaly:24
duality mapping
duality mapping time (10 times) totally: 4.00
Polytopes: 46
reading 9 model configs(plus fixed one,total = 10)
build boundingbox time : 1.00
init time to build AABBTrees for model and GJK for kcbp (9 pairs): 1710.00
reading dynamic config transforms : 700
Collision detection cost time: 1452.00
Collisions of kcbp pairs: 111
Collisions of model pairs: 92
models/budda.obj 	points number: 31232
K = 46
ModelNum = 10
Moving steps : 800
ach banchtest (10 times) totally: 17.00
cluster time (10 times) totally: 1.00
normalsize = 46
Projection time banchtest(10 times) CPU(SSE) totaly:24
duality mapping
duality mapping time (10 times) totally: 3.00
Polytopes: 46
reading 9 model configs(plus fixed one,total = 10)
build boundingbox time : 2.00
init time to build AABBTrees for model and GJK for kcbp (9 pairs): 1723.00
reading dynamic config transforms : 800
Collision detection cost time: 1619.00
Collisions of kcbp pairs: 101
Collisions of model pairs: 80
models/budda.obj 	points number: 31232
K = 46
ModelNum = 10
Moving steps : 900
ach banchtest (10 times) totally: 17.00
cluster time (10 times) totally: 1.00
normalsize = 46
Projection time banchtest(10 times) CPU(SSE) totaly:23
duality mapping
duality mapping time (10 times) totally: 3.00
Polytopes: 46
reading 9 model configs(plus fixed one,total = 10)
build boundingbox time : 1.00
init time to build AABBTrees for model and GJK for kcbp (9 pairs): 1709.00
reading dynamic config transforms : 900
Collision detection cost time: 2425.00
Collisions of kcbp pairs: 139
Collisions of model pairs: 122
models/budda.obj 	points number: 31232
K = 46
ModelNum = 10
Moving steps : 1000
ach banchtest (10 times) totally: 17.00
cluster time (10 times) totally: 1.00
normalsize = 46
Projection time banchtest(10 times) CPU(SSE) totaly:23
duality mapping
duality mapping time (10 times) totally: 3.00
Polytopes: 46
reading 9 model configs(plus fixed one,total = 10)
build boundingbox time : 0.00
init time to build AABBTrees for model and GJK for kcbp (9 pairs): 1705.00
reading dynamic config transforms : 1000
Collision detection cost time: 3615.00
Collisions of kcbp pairs: 166
Collisions of model pairs: 141
