models/bunny2.obj 	points number: 2503
K = 46
ModelNum = 10
Moving steps : 10
ach banchtest (10 times) totally: 13.00
cluster time (10 times) totally: 3.00
normalsize = 46
Projection time banchtest(10 times) CPU(SSE) totaly:4
duality mapping
duality mapping time (10 times) totally: 6.00
Polytopes: 46
reading 9 model configs(plus fixed one,total = 10)
build boundingbox time : 1.00
init time to build AABBTrees for model and kcbp (9 paris): 102.00
reading dynamic config transforms : 10
Collision detection cost time: 4.00
Collisions of kcbp pairs: 3
Collisions of model pairs: 2
models/bunny2.obj 	points number: 2503
K = 46
ModelNum = 10
Moving steps : 50
ach banchtest (10 times) totally: 11.00
cluster time (10 times) totally: 2.00
normalsize = 46
Projection time banchtest(10 times) CPU(SSE) totaly:4
duality mapping
duality mapping time (10 times) totally: 5.00
Polytopes: 46
reading 9 model configs(plus fixed one,total = 10)
build boundingbox time : 0.00
init time to build AABBTrees for model and kcbp (9 paris): 102.00
reading dynamic config transforms : 50
Collision detection cost time: 10.00
Collisions of kcbp pairs: 8
Collisions of model pairs: 5
models/bunny2.obj 	points number: 2503
K = 46
ModelNum = 10
Moving steps : 100
ach banchtest (10 times) totally: 14.00
cluster time (10 times) totally: 2.00
normalsize = 46
Projection time banchtest(10 times) CPU(SSE) totaly:5
duality mapping
duality mapping time (10 times) totally: 6.00
Polytopes: 46
reading 9 model configs(plus fixed one,total = 10)
build boundingbox time : 0.00
init time to build AABBTrees for model and kcbp (9 paris): 105.00
reading dynamic config transforms : 100
Collision detection cost time: 29.00
Collisions of kcbp pairs: 26
Collisions of model pairs: 21
models/bunny2.obj 	points number: 2503
K = 46
ModelNum = 10
Moving steps : 200
ach banchtest (10 times) totally: 6.00
cluster time (10 times) totally: 1.00
normalsize = 46
Projection time banchtest(10 times) CPU(SSE) totaly:2
duality mapping
duality mapping time (10 times) totally: 2.00
Polytopes: 46
reading 9 model configs(plus fixed one,total = 10)
build boundingbox time : 0.00
init time to build AABBTrees for model and kcbp (9 paris): 102.00
reading dynamic config transforms : 200
Collision detection cost time: 54.00
Collisions of kcbp pairs: 49
Collisions of model pairs: 40
models/bunny2.obj 	points number: 2503
K = 46
ModelNum = 10
Moving steps : 300
ach banchtest (10 times) totally: 8.00
cluster time (10 times) totally: 1.00
normalsize = 46
Projection time banchtest(10 times) CPU(SSE) totaly:2
duality mapping
duality mapping time (10 times) totally: 3.00
Polytopes: 46
reading 9 model configs(plus fixed one,total = 10)
build boundingbox time : 0.00
init time to build AABBTrees for model and kcbp (9 paris): 103.00
reading dynamic config transforms : 300
Collision detection cost time: 82.00
Collisions of kcbp pairs: 66
Collisions of model pairs: 55
models/bunny2.obj 	points number: 2503
K = 46
ModelNum = 10
Moving steps : 400
ach banchtest (10 times) totally: 13.00
cluster time (10 times) totally: 2.00
normalsize = 46
Projection time banchtest(10 times) CPU(SSE) totaly:1
duality mapping
duality mapping time (10 times) totally: 3.00
Polytopes: 46
reading 9 model configs(plus fixed one,total = 10)
build boundingbox time : 0.00
init time to build AABBTrees for model and kcbp (9 paris): 102.00
reading dynamic config transforms : 400
Collision detection cost time: 103.00
Collisions of kcbp pairs: 105
Collisions of model pairs: 82
models/bunny2.obj 	points number: 2503
K = 46
ModelNum = 10
Moving steps : 500
ach banchtest (10 times) totally: 6.00
cluster time (10 times) totally: 1.00
normalsize = 46
Projection time banchtest(10 times) CPU(SSE) totaly:2
duality mapping
duality mapping time (10 times) totally: 3.00
Polytopes: 46
reading 9 model configs(plus fixed one,total = 10)
build boundingbox time : 0.00
init time to build AABBTrees for model and kcbp (9 paris): 101.00
reading dynamic config transforms : 500
Collision detection cost time: 137.00
Collisions of kcbp pairs: 133
Collisions of model pairs: 104
models/bunny2.obj 	points number: 2503
K = 46
ModelNum = 10
Moving steps : 600
ach banchtest (10 times) totally: 13.00
cluster time (10 times) totally: 1.00
normalsize = 46
Projection time banchtest(10 times) CPU(SSE) totaly:2
duality mapping
duality mapping time (10 times) totally: 3.00
Polytopes: 46
reading 9 model configs(plus fixed one,total = 10)
build boundingbox time : 1.00
init time to build AABBTrees for model and kcbp (9 paris): 103.00
reading dynamic config transforms : 600
Collision detection cost time: 189.00
Collisions of kcbp pairs: 178
Collisions of model pairs: 139
models/bunny2.obj 	points number: 2503
K = 46
ModelNum = 10
Moving steps : 700
ach banchtest (10 times) totally: 6.00
cluster time (10 times) totally: 1.00
normalsize = 46
Projection time banchtest(10 times) CPU(SSE) totaly:2
duality mapping
duality mapping time (10 times) totally: 2.00
Polytopes: 46
reading 9 model configs(plus fixed one,total = 10)
build boundingbox time : 0.00
init time to build AABBTrees for model and kcbp (9 paris): 102.00
reading dynamic config transforms : 700
Collision detection cost time: 205.00
Collisions of kcbp pairs: 179
Collisions of model pairs: 139
models/bunny2.obj 	points number: 2503
K = 46
ModelNum = 10
Moving steps : 800
ach banchtest (10 times) totally: 13.00
cluster time (10 times) totally: 3.00
normalsize = 46
Projection time banchtest(10 times) CPU(SSE) totaly:4
duality mapping
duality mapping time (10 times) totally: 6.00
Polytopes: 46
reading 9 model configs(plus fixed one,total = 10)
build boundingbox time : 0.00
init time to build AABBTrees for model and kcbp (9 paris): 102.00
reading dynamic config transforms : 800
Collision detection cost time: 201.00
Collisions of kcbp pairs: 157
Collisions of model pairs: 122
models/bunny2.obj 	points number: 2503
K = 46
ModelNum = 10
Moving steps : 900
ach banchtest (10 times) totally: 6.00
cluster time (10 times) totally: 2.00
normalsize = 46
Projection time banchtest(10 times) CPU(SSE) totaly:2
duality mapping
duality mapping time (10 times) totally: 2.00
Polytopes: 46
reading 9 model configs(plus fixed one,total = 10)
build boundingbox time : 0.00
init time to build AABBTrees for model and kcbp (9 paris): 103.00
reading dynamic config transforms : 900
Collision detection cost time: 235.00
Collisions of kcbp pairs: 191
Collisions of model pairs: 161
models/bunny2.obj 	points number: 2503
K = 46
ModelNum = 10
Moving steps : 1000
ach banchtest (10 times) totally: 6.00
cluster time (10 times) totally: 1.00
normalsize = 46
Projection time banchtest(10 times) CPU(SSE) totaly:2
duality mapping
duality mapping time (10 times) totally: 3.00
Polytopes: 46
reading 9 model configs(plus fixed one,total = 10)
build boundingbox time : 0.00
init time to build AABBTrees for model and kcbp (9 paris): 102.00
reading dynamic config transforms : 1000
Collision detection cost time: 252.00
Collisions of kcbp pairs: 250
Collisions of model pairs: 209
