models/bunny2.obj 	points number: 2503
K = 46
ModelNum = 10
Moving steps : 10
ach banchtest (10 times) totally: 7.00
cluster time (10 times) totally: 2.00
normalsize = 46
Projection time banchtest(10 times) CPU(SSE) totaly:2
duality mapping
duality mapping time (10 times) totally: 4.00
Polytopes: 46
reading 9 model configs(plus fixed one,total = 10)
build boundingbox time : 0.00
init time to build AABBTrees for model and GJK for kcbp (9 pairs): 102.00
reading dynamic config transforms : 10
Collision detection cost time: 1.00
Collisions of kcbp pairs: 3
Collisions of model pairs: 2
models/bunny2.obj 	points number: 2503
K = 46
ModelNum = 10
Moving steps : 50
ach banchtest (10 times) totally: 11.00
cluster time (10 times) totally: 2.00
normalsize = 46
Projection time banchtest(10 times) CPU(SSE) totaly:2
duality mapping
duality mapping time (10 times) totally: 2.00
Polytopes: 46
reading 9 model configs(plus fixed one,total = 10)
build boundingbox time : 0.00
init time to build AABBTrees for model and GJK for kcbp (9 pairs): 102.00
reading dynamic config transforms : 50
Collision detection cost time: 3.00
Collisions of kcbp pairs: 8
Collisions of model pairs: 5
models/bunny2.obj 	points number: 2503
K = 46
ModelNum = 10
Moving steps : 100
ach banchtest (10 times) totally: 13.00
cluster time (10 times) totally: 3.00
normalsize = 46
Projection time banchtest(10 times) CPU(SSE) totaly:5
duality mapping
duality mapping time (10 times) totally: 6.00
Polytopes: 46
reading 9 model configs(plus fixed one,total = 10)
build boundingbox time : 0.00
init time to build AABBTrees for model and GJK for kcbp (9 pairs): 106.00
reading dynamic config transforms : 100
Collision detection cost time: 9.00
Collisions of kcbp pairs: 26
Collisions of model pairs: 21
models/bunny2.obj 	points number: 2503
K = 46
ModelNum = 10
Moving steps : 200
ach banchtest (10 times) totally: 6.00
cluster time (10 times) totally: 1.00
normalsize = 46
Projection time banchtest(10 times) CPU(SSE) totaly:2
duality mapping
duality mapping time (10 times) totally: 2.00
Polytopes: 46
reading 9 model configs(plus fixed one,total = 10)
build boundingbox time : 0.00
init time to build AABBTrees for model and GJK for kcbp (9 pairs): 100.00
reading dynamic config transforms : 200
Collision detection cost time: 16.00
Collisions of kcbp pairs: 49
Collisions of model pairs: 40
models/bunny2.obj 	points number: 2503
K = 46
ModelNum = 10
Moving steps : 300
ach banchtest (10 times) totally: 7.00
cluster time (10 times) totally: 2.00
normalsize = 46
Projection time banchtest(10 times) CPU(SSE) totaly:2
duality mapping
duality mapping time (10 times) totally: 4.00
Polytopes: 46
reading 9 model configs(plus fixed one,total = 10)
build boundingbox time : 0.00
init time to build AABBTrees for model and GJK for kcbp (9 pairs): 103.00
reading dynamic config transforms : 300
Collision detection cost time: 20.00
Collisions of kcbp pairs: 66
Collisions of model pairs: 55
models/bunny2.obj 	points number: 2503
K = 46
ModelNum = 10
Moving steps : 400
ach banchtest (10 times) totally: 13.00
cluster time (10 times) totally: 3.00
normalsize = 46
Projection time banchtest(10 times) CPU(SSE) totaly:4
duality mapping
duality mapping time (10 times) totally: 6.00
Polytopes: 46
reading 9 model configs(plus fixed one,total = 10)
build boundingbox time : 0.00
init time to build AABBTrees for model and GJK for kcbp (9 pairs): 103.00
reading dynamic config transforms : 400
Collision detection cost time: 32.00
Collisions of kcbp pairs: 105
Collisions of model pairs: 82
models/bunny2.obj 	points number: 2503
K = 46
ModelNum = 10
Moving steps : 500
ach banchtest (10 times) totally: 13.00
cluster time (10 times) totally: 3.00
normalsize = 46
Projection time banchtest(10 times) CPU(SSE) totaly:4
duality mapping
duality mapping time (10 times) totally: 4.00
Polytopes: 46
reading 9 model configs(plus fixed one,total = 10)
build boundingbox time : 0.00
init time to build AABBTrees for model and GJK for kcbp (9 pairs): 106.00
reading dynamic config transforms : 500
Collision detection cost time: 36.00
Collisions of kcbp pairs: 133
Collisions of model pairs: 104
models/bunny2.obj 	points number: 2503
K = 46
ModelNum = 10
Moving steps : 600
ach banchtest (10 times) totally: 7.00
cluster time (10 times) totally: 2.00
normalsize = 46
Projection time banchtest(10 times) CPU(SSE) totaly:2
duality mapping
duality mapping time (10 times) totally: 4.00
Polytopes: 46
reading 9 model configs(plus fixed one,total = 10)
build boundingbox time : 0.00
init time to build AABBTrees for model and GJK for kcbp (9 pairs): 101.00
reading dynamic config transforms : 600
Collision detection cost time: 69.00
Collisions of kcbp pairs: 178
Collisions of model pairs: 139
models/bunny2.obj 	points number: 2503
K = 46
ModelNum = 10
Moving steps : 700
ach banchtest (10 times) totally: 11.00
cluster time (10 times) totally: 2.00
normalsize = 46
Projection time banchtest(10 times) CPU(SSE) totaly:3
duality mapping
duality mapping time (10 times) totally: 3.00
Polytopes: 46
reading 9 model configs(plus fixed one,total = 10)
build boundingbox time : 0.00
init time to build AABBTrees for model and GJK for kcbp (9 pairs): 102.00
reading dynamic config transforms : 700
Collision detection cost time: 65.00
Collisions of kcbp pairs: 179
Collisions of model pairs: 139
models/bunny2.obj 	points number: 2503
K = 46
ModelNum = 10
Moving steps : 800
ach banchtest (10 times) totally: 13.00
cluster time (10 times) totally: 3.00
normalsize = 46
Projection time banchtest(10 times) CPU(SSE) totaly:5
duality mapping
duality mapping time (10 times) totally: 5.00
Polytopes: 46
reading 9 model configs(plus fixed one,total = 10)
build boundingbox time : 0.00
init time to build AABBTrees for model and GJK for kcbp (9 pairs): 101.00
reading dynamic config transforms : 800
Collision detection cost time: 50.00
Collisions of kcbp pairs: 157
Collisions of model pairs: 122
models/bunny2.obj 	points number: 2503
K = 46
ModelNum = 10
Moving steps : 900
ach banchtest (10 times) totally: 13.00
cluster time (10 times) totally: 3.00
normalsize = 46
Projection time banchtest(10 times) CPU(SSE) totaly:4
duality mapping
duality mapping time (10 times) totally: 7.00
Polytopes: 46
reading 9 model configs(plus fixed one,total = 10)
build boundingbox time : 0.00
init time to build AABBTrees for model and GJK for kcbp (9 pairs): 101.00
reading dynamic config transforms : 900
Collision detection cost time: 60.00
Collisions of kcbp pairs: 191
Collisions of model pairs: 161
models/bunny2.obj 	points number: 2503
K = 46
ModelNum = 10
Moving steps : 1000
ach banchtest (10 times) totally: 10.00
cluster time (10 times) totally: 1.00
normalsize = 46
Projection time banchtest(10 times) CPU(SSE) totaly:2
duality mapping
duality mapping time (10 times) totally: 4.00
Polytopes: 46
reading 9 model configs(plus fixed one,total = 10)
build boundingbox time : 0.00
init time to build AABBTrees for model and GJK for kcbp (9 pairs): 101.00
reading dynamic config transforms : 1000
Collision detection cost time: 74.00
Collisions of kcbp pairs: 250
Collisions of model pairs: 209
