D:\CPP\COLLISION DETECTION\COLLDET\COLLDET\COMMON\INSTALL\LIB\WIN\DEBUG\GEOM.OBJ
D:\CPP\COLLISION DETECTION\COLLDET\COLLDET\COMMON\INSTALL\LIB\WIN\DEBUG\GEOM2.OBJ
D:\CPP\COLLISION DETECTION\COLLDET\COLLDET\COMMON\INSTALL\LIB\WIN\DEBUG\GLOBAL.OBJ
D:\CPP\COLLISION DETECTION\COLLDET\COLLDET\COMMON\INSTALL\LIB\WIN\DEBUG\MEM.OBJ
D:\CPP\COLLISION DETECTION\COLLDET\COLLDET\COMMON\INSTALL\LIB\WIN\DEBUG\MERGE.OBJ
D:\CPP\COLLISION DETECTION\COLLDET\COLLDET\COMMON\INSTALL\LIB\WIN\DEBUG\POLY.OBJ
D:\CPP\COLLISION DETECTION\COLLDET\COLLDET\COMMON\INSTALL\LIB\WIN\DEBUG\POLY2.OBJ
D:\CPP\COLLISION DETECTION\COLLDET\COLLDET\COMMON\INSTALL\LIB\WIN\DEBUG\QHULL.OBJ
D:\CPP\COLLISION DETECTION\COLLDET\COLLDET\COMMON\INSTALL\LIB\WIN\DEBUG\QHULL_IO.OBJ
D:\CPP\COLLISION DETECTION\COLLDET\COLLDET\COMMON\INSTALL\LIB\WIN\DEBUG\SET.OBJ
D:\CPP\COLLISION DETECTION\COLLDET\COLLDET\COMMON\INSTALL\LIB\WIN\DEBUG\STAT.OBJ
D:\CPP\COLLISION DETECTION\COLLDET\COLLDET\COMMON\INSTALL\LIB\WIN\DEBUG\USER.OBJ
D:\CPP\COLLISION DETECTION\COLLDET\COLLDET\COMMON\INSTALL\LIB\WIN\DEBUG\VERSION_DEF.OBJ
D:\CPP\COLLISION DETECTION\COLLDET\COLLDET\COMMON\INSTALL\LIB\WIN\DEBUG\VC110.PDB
D:\cpp\collision detection\CollDet\CollDet\install\lib\win\Debug\common.lib
D:\cpp\collision detection\CollDet\CollDet\install\lib\win\Debug\common.exp
D:\CPP\COLLISION DETECTION\COLLDET\COLLDET\INSTALL\LIB\WIN\DEBUG\QHULLD.ILK
D:\CPP\COLLISION DETECTION\COLLDET\COLLDET\INSTALL\LIB\WIN\DEBUG\QHULLD.DLL
D:\CPP\COLLISION DETECTION\COLLDET\COLLDET\INSTALL\LIB\WIN\DEBUG\COMMON.PDB
D:\cpp\collision detection\CollDet\CollDet\common\install\lib\win\Debug\geom.obj
D:\cpp\collision detection\CollDet\CollDet\common\install\lib\win\Debug\geom2.obj
D:\cpp\collision detection\CollDet\CollDet\common\install\lib\win\Debug\global.obj
D:\cpp\collision detection\CollDet\CollDet\common\install\lib\win\Debug\mem.obj
D:\cpp\collision detection\CollDet\CollDet\common\install\lib\win\Debug\merge.obj
D:\cpp\collision detection\CollDet\CollDet\common\install\lib\win\Debug\poly.obj
D:\cpp\collision detection\CollDet\CollDet\common\install\lib\win\Debug\poly2.obj
D:\cpp\collision detection\CollDet\CollDet\common\install\lib\win\Debug\qhull.obj
D:\cpp\collision detection\CollDet\CollDet\common\install\lib\win\Debug\qhull_io.obj
D:\cpp\collision detection\CollDet\CollDet\common\install\lib\win\Debug\set.obj
D:\cpp\collision detection\CollDet\CollDet\common\install\lib\win\Debug\stat.obj
D:\cpp\collision detection\CollDet\CollDet\common\install\lib\win\Debug\user.obj
D:\cpp\collision detection\CollDet\CollDet\common\install\lib\win\Debug\version_def.obj
D:\cpp\collision detection\CollDet\CollDet\common\install\lib\win\Debug\cl.command.1.tlog
D:\cpp\collision detection\CollDet\CollDet\common\install\lib\win\Debug\CL.read.1.tlog
D:\cpp\collision detection\CollDet\CollDet\common\install\lib\win\Debug\CL.write.1.tlog
D:\cpp\collision detection\CollDet\CollDet\common\install\lib\win\Debug\common.write.1.tlog
D:\cpp\collision detection\CollDet\CollDet\common\install\lib\win\Debug\link-cvtres.read.1.tlog
D:\cpp\collision detection\CollDet\CollDet\common\install\lib\win\Debug\link-cvtres.write.1.tlog
D:\cpp\collision detection\CollDet\CollDet\common\install\lib\win\Debug\link-rc.read.1.tlog
D:\cpp\collision detection\CollDet\CollDet\common\install\lib\win\Debug\link-rc.write.1.tlog
D:\cpp\collision detection\CollDet\CollDet\common\install\lib\win\Debug\link.command.1.tlog
D:\cpp\collision detection\CollDet\CollDet\common\install\lib\win\Debug\link.read.1.tlog
D:\cpp\collision detection\CollDet\CollDet\common\install\lib\win\Debug\link.write.1.tlog
D:\cpp\collision detection\CollDet\CollDet\common\install\lib\win\Debug\vc110.idb
D:\cpp\collision detection\CollDet\CollDet\common\install\lib\win\Debug\vc110.pdb
