D:\CPP\COLLISION DETECTION\COLLDET\COLLDET\INSTALL\LIB\WIN\DEBUG\COLBOXTREE.OBJ
D:\CPP\COLLISION DETECTION\COLLDET\COLLDET\INSTALL\LIB\WIN\DEBUG\COLCONVEXHULL.OBJ
D:\CPP\COLLISION DETECTION\COLLDET\COLLDET\INSTALL\LIB\WIN\DEBUG\COLDOPTREE.OBJ
D:\CPP\COLLISION DETECTION\COLLDET\COLLDET\INSTALL\LIB\WIN\DEBUG\COLEXCEPTIONS.OBJ
D:\CPP\COLLISION DETECTION\COLLDET\COLLDET\INSTALL\LIB\WIN\DEBUG\COLGRID.OBJ
D:\CPP\COLLISION DETECTION\COLLDET\COLLDET\INSTALL\LIB\WIN\DEBUG\COLGRIDCELL.OBJ
D:\CPP\COLLISION DETECTION\COLLDET\COLLDET\INSTALL\LIB\WIN\DEBUG\COLGRIDOBJ.OBJ
D:\CPP\COLLISION DETECTION\COLLDET\COLLDET\INSTALL\LIB\WIN\DEBUG\COLINTERSECT.OBJ
D:\CPP\COLLISION DETECTION\COLLDET\COLLDET\INSTALL\LIB\WIN\DEBUG\COLOBJ.OBJ
D:\CPP\COLLISION DETECTION\COLLDET\COLLDET\INSTALL\LIB\WIN\DEBUG\COLPIPELINEDATA.OBJ
D:\CPP\COLLISION DETECTION\COLLDET\COLLDET\INSTALL\LIB\WIN\DEBUG\COLREQUEST.OBJ
D:\CPP\COLLISION DETECTION\COLLDET\COLLDET\INSTALL\LIB\WIN\DEBUG\COLTOPOLOGY.OBJ
D:\CPP\COLLISION DETECTION\COLLDET\COLLDET\INSTALL\LIB\WIN\DEBUG\COLUTILS.OBJ
D:\CPP\COLLISION DETECTION\COLLDET\COLLDET\INSTALL\LIB\WIN\DEBUG\COLVISDEBUG.OBJ
D:\CPP\COLLISION DETECTION\COLLDET\COLLDET\INSTALL\LIB\WIN\DEBUG\COLLISION.OBJ
D:\CPP\COLLISION DETECTION\COLLDET\COLLDET\INSTALL\LIB\WIN\DEBUG\LULGS.OBJ
D:\CPP\COLLISION DETECTION\COLLDET\COLLDET\INSTALL\LIB\WIN\DEBUG\NRUTIL.OBJ
D:\CPP\COLLISION DETECTION\COLLDET\COLLDET\INSTALL\LIB\WIN\DEBUG\VC110.PDB
D:\cpp\collision detection\CollDet\CollDet\install\lib\win\Debug\CollDet.lib
D:\cpp\collision detection\CollDet\CollDet\install\lib\win\Debug\CollDet.exp
D:\CPP\COLLISION DETECTION\COLLDET\COLLDET\INSTALL\LIB\WIN\DEBUG\COLLDETD.DLL
D:\CPP\COLLISION DETECTION\COLLDET\COLLDET\INSTALL\LIB\WIN\DEBUG\COLLDET.PDB
D:\cpp\collision detection\CollDet\CollDet\install\lib\win\Debug\ColBoxtree.obj
D:\cpp\collision detection\CollDet\CollDet\install\lib\win\Debug\ColConvexHull.obj
D:\cpp\collision detection\CollDet\CollDet\install\lib\win\Debug\ColDopTree.obj
D:\cpp\collision detection\CollDet\CollDet\install\lib\win\Debug\ColExceptions.obj
D:\cpp\collision detection\CollDet\CollDet\install\lib\win\Debug\ColGrid.obj
D:\cpp\collision detection\CollDet\CollDet\install\lib\win\Debug\ColGridCell.obj
D:\cpp\collision detection\CollDet\CollDet\install\lib\win\Debug\ColGridObj.obj
D:\cpp\collision detection\CollDet\CollDet\install\lib\win\Debug\ColIntersect.obj
D:\cpp\collision detection\CollDet\CollDet\install\lib\win\Debug\Collision.obj
D:\cpp\collision detection\CollDet\CollDet\install\lib\win\Debug\ColObj.obj
D:\cpp\collision detection\CollDet\CollDet\install\lib\win\Debug\ColPipelineData.obj
D:\cpp\collision detection\CollDet\CollDet\install\lib\win\Debug\ColRequest.obj
D:\cpp\collision detection\CollDet\CollDet\install\lib\win\Debug\ColTopology.obj
D:\cpp\collision detection\CollDet\CollDet\install\lib\win\Debug\ColUtils.obj
D:\cpp\collision detection\CollDet\CollDet\install\lib\win\Debug\ColVisDebug.obj
D:\cpp\collision detection\CollDet\CollDet\install\lib\win\Debug\lulgs.obj
D:\cpp\collision detection\CollDet\CollDet\install\lib\win\Debug\nrutil.obj
D:\cpp\collision detection\CollDet\CollDet\install\lib\win\Debug\qhullD.ilk
D:\cpp\collision detection\CollDet\CollDet\install\lib\win\Debug\cl.command.1.tlog
D:\cpp\collision detection\CollDet\CollDet\install\lib\win\Debug\CL.read.1.tlog
D:\cpp\collision detection\CollDet\CollDet\install\lib\win\Debug\CL.write.1.tlog
D:\cpp\collision detection\CollDet\CollDet\install\lib\win\Debug\CollDet.write.1.tlog
D:\cpp\collision detection\CollDet\CollDet\install\lib\win\Debug\link-cvtres.read.1.tlog
D:\cpp\collision detection\CollDet\CollDet\install\lib\win\Debug\link-cvtres.write.1.tlog
D:\cpp\collision detection\CollDet\CollDet\install\lib\win\Debug\link-rc.read.1.tlog
D:\cpp\collision detection\CollDet\CollDet\install\lib\win\Debug\link-rc.write.1.tlog
D:\cpp\collision detection\CollDet\CollDet\install\lib\win\Debug\link.command.1.tlog
D:\cpp\collision detection\CollDet\CollDet\install\lib\win\Debug\link.read.1.tlog
D:\cpp\collision detection\CollDet\CollDet\install\lib\win\Debug\link.write.1.tlog
D:\cpp\collision detection\CollDet\CollDet\install\lib\win\Debug\qhullD.exp
D:\cpp\collision detection\CollDet\CollDet\install\lib\win\Debug\vc110.idb
D:\cpp\collision detection\CollDet\CollDet\install\lib\win\Debug\CollDet.pdb
D:\cpp\collision detection\CollDet\CollDet\install\lib\win\Debug\qhullD.pdb
D:\cpp\collision detection\CollDet\CollDet\install\lib\win\Debug\vc110.pdb
D:\cpp\collision detection\CollDet\CollDet\visual_studio\CollDet\..\..\install\lib\win\Debug\CollDetD.dll
