D:\GITHUB\KCBP_CGAL_CUDA\KCBP_CGAL_CUDA\PROJECT1\X64\RELEASE\VECTOR.OBJ
D:\GITHUB\KCBP_CGAL_CUDA\KCBP_CGAL_CUDA\PROJECT1\X64\RELEASE\SSEPROJECTION.OBJ
D:\GITHUB\KCBP_CGAL_CUDA\KCBP_CGAL_CUDA\PROJECT1\X64\RELEASE\MATRIX.OBJ
D:\GITHUB\KCBP_CGAL_CUDA\KCBP_CGAL_CUDA\PROJECT1\X64\RELEASE\CP_POINTVECTOR.OBJ
D:\GITHUB\KCBP_CGAL_CUDA\KCBP_CGAL_CUDA\PROJECT1\X64\RELEASE\CDBENCH.OBJ
D:\GITHUB\KCBP_CGAL_CUDA\KCBP_CGAL_CUDA\PROJECT1\X64\RELEASE\CAMERA.OBJ
D:\GITHUB\KCBP_CGAL_CUDA\KCBP_CGAL_CUDA\PROJECT1\X64\RELEASE\VC110.PDB
D:\GITHUB\KCBP_CGAL_CUDA\KCBP_CGAL_CUDA\PROJECT1\X64\RELEASE\GL2PS.OBJ
D:\github\kcbp_cgal_cuda\kcbp_cgal_cuda\Project1\x64\Release\test.cu.cache
D:\github\kcbp_cgal_cuda\kcbp_cgal_cuda\Project1\x64\Release\Camera.obj
D:\github\kcbp_cgal_cuda\kcbp_cgal_cuda\Project1\x64\Release\cdbench.obj
D:\github\kcbp_cgal_cuda\kcbp_cgal_cuda\Project1\x64\Release\CP_PointVector.obj
D:\github\kcbp_cgal_cuda\kcbp_cgal_cuda\Project1\x64\Release\gl2ps.obj
D:\github\kcbp_cgal_cuda\kcbp_cgal_cuda\Project1\x64\Release\Matrix.obj
D:\github\kcbp_cgal_cuda\kcbp_cgal_cuda\Project1\x64\Release\SSEProjection.obj
D:\github\kcbp_cgal_cuda\kcbp_cgal_cuda\Project1\x64\Release\test.cu.obj
D:\github\kcbp_cgal_cuda\kcbp_cgal_cuda\Project1\x64\Release\Vector.obj
D:\github\kcbp_cgal_cuda\kcbp_cgal_cuda\Project1\x64\Release\cl.command.1.tlog
D:\github\kcbp_cgal_cuda\kcbp_cgal_cuda\Project1\x64\Release\CL.read.1.tlog
D:\github\kcbp_cgal_cuda\kcbp_cgal_cuda\Project1\x64\Release\CL.write.1.tlog
D:\github\kcbp_cgal_cuda\kcbp_cgal_cuda\Project1\x64\Release\link.command.1.tlog
D:\github\kcbp_cgal_cuda\kcbp_cgal_cuda\Project1\x64\Release\link.read.1.tlog
D:\github\kcbp_cgal_cuda\kcbp_cgal_cuda\Project1\x64\Release\link.write.1.tlog
D:\github\kcbp_cgal_cuda\kcbp_cgal_cuda\Project1\x64\Release\vc110.pdb
