models/alice.obj 	points number: 224291
K = 24
ModelNum = 10
Moving steps : 10
ach banchtest (10 times) totally: 84.00
cluster time (10 times) totally: 1.00
normalsize = 24
Projection time banchtest(10 times) CPU(SSE) totaly:95
duality mapping
duality mapping time (10 times) totally: 1.00
Polytopes: 24
reading 9 model configs(plus fixed one,total = 10)
build boundingbox time : 6.00
init time to build AABBTrees for model and GJK for kcbp (9 pairs): 7689.00
reading dynamic config transforms : 10
Collision detection cost time: 122.00
Collisions of kcbp pairs: 2
Collisions of model pairs: 2
models/alice.obj 	points number: 224291
K = 24
ModelNum = 10
Moving steps : 50
ach banchtest (10 times) totally: 84.00
cluster time (10 times) totally: 1.00
normalsize = 24
Projection time banchtest(10 times) CPU(SSE) totaly:96
duality mapping
duality mapping time (10 times) totally: 1.00
Polytopes: 24
reading 9 model configs(plus fixed one,total = 10)
build boundingbox time : 7.00
init time to build AABBTrees for model and GJK for kcbp (9 pairs): 7667.00
reading dynamic config transforms : 50
Collision detection cost time: 65.00
Collisions of kcbp pairs: 1
Collisions of model pairs: 1
models/alice.obj 	points number: 224291
K = 24
ModelNum = 10
Moving steps : 100
ach banchtest (10 times) totally: 86.00
cluster time (10 times) totally: 0.00
normalsize = 24
Projection time banchtest(10 times) CPU(SSE) totaly:97
duality mapping
duality mapping time (10 times) totally: 1.00
Polytopes: 24
reading 9 model configs(plus fixed one,total = 10)
build boundingbox time : 6.00
init time to build AABBTrees for model and GJK for kcbp (9 pairs): 7691.00
reading dynamic config transforms : 100
Collision detection cost time: 616.00
Collisions of kcbp pairs: 10
Collisions of model pairs: 8
models/alice.obj 	points number: 224291
K = 24
ModelNum = 10
Moving steps : 200
ach banchtest (10 times) totally: 84.00
cluster time (10 times) totally: 1.00
normalsize = 24
Projection time banchtest(10 times) CPU(SSE) totaly:96
duality mapping
duality mapping time (10 times) totally: 1.00
Polytopes: 24
reading 9 model configs(plus fixed one,total = 10)
build boundingbox time : 6.00
init time to build AABBTrees for model and GJK for kcbp (9 pairs): 7686.00
reading dynamic config transforms : 200
Collision detection cost time: 2239.00
Collisions of kcbp pairs: 17
Collisions of model pairs: 14
models/alice.obj 	points number: 224291
K = 24
ModelNum = 10
Moving steps : 300
ach banchtest (10 times) totally: 84.00
cluster time (10 times) totally: 0.00
normalsize = 24
Projection time banchtest(10 times) CPU(SSE) totaly:96
duality mapping
duality mapping time (10 times) totally: 1.00
Polytopes: 24
reading 9 model configs(plus fixed one,total = 10)
build boundingbox time : 7.00
init time to build AABBTrees for model and GJK for kcbp (9 pairs): 7683.00
reading dynamic config transforms : 300
Collision detection cost time: 2717.00
Collisions of kcbp pairs: 23
Collisions of model pairs: 21
models/alice.obj 	points number: 224291
K = 24
ModelNum = 10
Moving steps : 400
ach banchtest (10 times) totally: 84.00
cluster time (10 times) totally: 1.00
normalsize = 24
Projection time banchtest(10 times) CPU(SSE) totaly:96
duality mapping
duality mapping time (10 times) totally: 2.00
Polytopes: 24
reading 9 model configs(plus fixed one,total = 10)
build boundingbox time : 6.00
init time to build AABBTrees for model and GJK for kcbp (9 pairs): 7671.00
reading dynamic config transforms : 400
Collision detection cost time: 3020.00
Collisions of kcbp pairs: 30
Collisions of model pairs: 24
models/alice.obj 	points number: 224291
K = 24
ModelNum = 10
Moving steps : 500
ach banchtest (10 times) totally: 84.00
cluster time (10 times) totally: 0.00
normalsize = 24
Projection time banchtest(10 times) CPU(SSE) totaly:96
duality mapping
duality mapping time (10 times) totally: 2.00
Polytopes: 24
reading 9 model configs(plus fixed one,total = 10)
build boundingbox time : 6.00
init time to build AABBTrees for model and GJK for kcbp (9 pairs): 7674.00
reading dynamic config transforms : 500
Collision detection cost time: 5739.00
Collisions of kcbp pairs: 50
Collisions of model pairs: 45
models/alice.obj 	points number: 224291
K = 24
ModelNum = 10
Moving steps : 600
ach banchtest (10 times) totally: 84.00
cluster time (10 times) totally: 1.00
normalsize = 24
Projection time banchtest(10 times) CPU(SSE) totaly:96
duality mapping
duality mapping time (10 times) totally: 2.00
Polytopes: 24
reading 9 model configs(plus fixed one,total = 10)
build boundingbox time : 6.00
init time to build AABBTrees for model and GJK for kcbp (9 pairs): 7649.00
reading dynamic config transforms : 600
Collision detection cost time: 6685.00
Collisions of kcbp pairs: 68
Collisions of model pairs: 57
models/alice.obj 	points number: 224291
K = 24
ModelNum = 10
Moving steps : 700
ach banchtest (10 times) totally: 84.00
cluster time (10 times) totally: 0.00
normalsize = 24
Projection time banchtest(10 times) CPU(SSE) totaly:96
duality mapping
duality mapping time (10 times) totally: 1.00
Polytopes: 24
reading 9 model configs(plus fixed one,total = 10)
build boundingbox time : 6.00
init time to build AABBTrees for model and GJK for kcbp (9 pairs): 7675.00
reading dynamic config transforms : 700
Collision detection cost time: 8343.00
Collisions of kcbp pairs: 62
Collisions of model pairs: 48
models/alice.obj 	points number: 224291
K = 24
ModelNum = 10
Moving steps : 800
ach banchtest (10 times) totally: 84.00
cluster time (10 times) totally: 1.00
normalsize = 24
Projection time banchtest(10 times) CPU(SSE) totaly:96
duality mapping
duality mapping time (10 times) totally: 1.00
Polytopes: 24
reading 9 model configs(plus fixed one,total = 10)
build boundingbox time : 6.00
init time to build AABBTrees for model and GJK for kcbp (9 pairs): 7664.00
reading dynamic config transforms : 800
Collision detection cost time: 6584.00
Collisions of kcbp pairs: 45
Collisions of model pairs: 42
models/alice.obj 	points number: 224291
K = 24
ModelNum = 10
Moving steps : 900
ach banchtest (10 times) totally: 84.00
cluster time (10 times) totally: 0.00
normalsize = 24
Projection time banchtest(10 times) CPU(SSE) totaly:97
duality mapping
duality mapping time (10 times) totally: 2.00
Polytopes: 24
reading 9 model configs(plus fixed one,total = 10)
build boundingbox time : 7.00
init time to build AABBTrees for model and GJK for kcbp (9 pairs): 7682.00
reading dynamic config transforms : 900
Collision detection cost time: 9582.00
Collisions of kcbp pairs: 74
Collisions of model pairs: 63
models/alice.obj 	points number: 224291
K = 24
ModelNum = 10
Moving steps : 1000
ach banchtest (10 times) totally: 84.00
cluster time (10 times) totally: 0.00
normalsize = 24
Projection time banchtest(10 times) CPU(SSE) totaly:97
duality mapping
duality mapping time (10 times) totally: 1.00
Polytopes: 24
reading 9 model configs(plus fixed one,total = 10)
build boundingbox time : 6.00
init time to build AABBTrees for model and GJK for kcbp (9 pairs): 7673.00
reading dynamic config transforms : 1000
Collision detection cost time: 10388.00
Collisions of kcbp pairs: 100
Collisions of model pairs: 88
