models/budda.obj 	points number: 31232
K = 24
ModelNum = 10
Moving steps : 10
ach banchtest (10 times) totally: 17.00
cluster time (10 times) totally: 1.00
normalsize = 24
Projection time banchtest(10 times) CPU(SSE) totaly:13
duality mapping
duality mapping time (10 times) totally: 1.00
Polytopes: 24
reading 9 model configs(plus fixed one,total = 10)
build boundingbox time : 1.00
init time to build AABBTrees for model and GJK for kcbp (9 pairs): 1685.00
reading dynamic config transforms : 10
Collision detection cost time: 5.00
Collisions of kcbp pairs: 2
Collisions of model pairs: 2
models/budda.obj 	points number: 31232
K = 24
ModelNum = 10
Moving steps : 50
ach banchtest (10 times) totally: 17.00
cluster time (10 times) totally: 1.00
normalsize = 24
Projection time banchtest(10 times) CPU(SSE) totaly:12
duality mapping
duality mapping time (10 times) totally: 1.00
Polytopes: 24
reading 9 model configs(plus fixed one,total = 10)
build boundingbox time : 1.00
init time to build AABBTrees for model and GJK for kcbp (9 pairs): 1683.00
reading dynamic config transforms : 50
Collision detection cost time: 16.00
Collisions of kcbp pairs: 4
Collisions of model pairs: 3
models/budda.obj 	points number: 31232
K = 24
ModelNum = 10
Moving steps : 100
ach banchtest (10 times) totally: 17.00
cluster time (10 times) totally: 0.00
normalsize = 24
Projection time banchtest(10 times) CPU(SSE) totaly:13
duality mapping
duality mapping time (10 times) totally: 1.00
Polytopes: 24
reading 9 model configs(plus fixed one,total = 10)
build boundingbox time : 0.00
init time to build AABBTrees for model and GJK for kcbp (9 pairs): 1682.00
reading dynamic config transforms : 100
Collision detection cost time: 570.00
Collisions of kcbp pairs: 19
Collisions of model pairs: 15
models/budda.obj 	points number: 31232
K = 24
ModelNum = 10
Moving steps : 200
ach banchtest (10 times) totally: 16.00
cluster time (10 times) totally: 1.00
normalsize = 24
Projection time banchtest(10 times) CPU(SSE) totaly:13
duality mapping
duality mapping time (10 times) totally: 1.00
Polytopes: 24
reading 9 model configs(plus fixed one,total = 10)
build boundingbox time : 1.00
init time to build AABBTrees for model and GJK for kcbp (9 pairs): 1682.00
reading dynamic config transforms : 200
Collision detection cost time: 514.00
Collisions of kcbp pairs: 31
Collisions of model pairs: 27
models/budda.obj 	points number: 31232
K = 24
ModelNum = 10
Moving steps : 300
ach banchtest (10 times) totally: 17.00
cluster time (10 times) totally: 0.00
normalsize = 24
Projection time banchtest(10 times) CPU(SSE) totaly:13
duality mapping
duality mapping time (10 times) totally: 1.00
Polytopes: 24
reading 9 model configs(plus fixed one,total = 10)
build boundingbox time : 1.00
init time to build AABBTrees for model and GJK for kcbp (9 pairs): 1680.00
reading dynamic config transforms : 300
Collision detection cost time: 352.00
Collisions of kcbp pairs: 37
Collisions of model pairs: 29
models/budda.obj 	points number: 31232
K = 24
ModelNum = 10
Moving steps : 400
ach banchtest (10 times) totally: 17.00
cluster time (10 times) totally: 1.00
normalsize = 24
Projection time banchtest(10 times) CPU(SSE) totaly:12
duality mapping
duality mapping time (10 times) totally: 1.00
Polytopes: 24
reading 9 model configs(plus fixed one,total = 10)
build boundingbox time : 1.00
init time to build AABBTrees for model and GJK for kcbp (9 pairs): 1677.00
reading dynamic config transforms : 400
Collision detection cost time: 770.00
Collisions of kcbp pairs: 53
Collisions of model pairs: 42
models/budda.obj 	points number: 31232
K = 24
ModelNum = 10
Moving steps : 500
ach banchtest (10 times) totally: 16.00
cluster time (10 times) totally: 1.00
normalsize = 24
Projection time banchtest(10 times) CPU(SSE) totaly:13
duality mapping
duality mapping time (10 times) totally: 1.00
Polytopes: 24
reading 9 model configs(plus fixed one,total = 10)
build boundingbox time : 1.00
init time to build AABBTrees for model and GJK for kcbp (9 pairs): 1682.00
reading dynamic config transforms : 500
Collision detection cost time: 1167.00
Collisions of kcbp pairs: 81
Collisions of model pairs: 62
models/budda.obj 	points number: 31232
K = 24
ModelNum = 10
Moving steps : 600
ach banchtest (10 times) totally: 16.00
cluster time (10 times) totally: 1.00
normalsize = 24
Projection time banchtest(10 times) CPU(SSE) totaly:13
duality mapping
duality mapping time (10 times) totally: 1.00
Polytopes: 24
reading 9 model configs(plus fixed one,total = 10)
build boundingbox time : 1.00
init time to build AABBTrees for model and GJK for kcbp (9 pairs): 1679.00
reading dynamic config transforms : 600
Collision detection cost time: 1623.00
Collisions of kcbp pairs: 125
Collisions of model pairs: 103
models/budda.obj 	points number: 31232
K = 24
ModelNum = 10
Moving steps : 700
ach banchtest (10 times) totally: 16.00
cluster time (10 times) totally: 1.00
normalsize = 24
Projection time banchtest(10 times) CPU(SSE) totaly:13
duality mapping
duality mapping time (10 times) totally: 1.00
Polytopes: 24
reading 9 model configs(plus fixed one,total = 10)
build boundingbox time : 1.00
init time to build AABBTrees for model and GJK for kcbp (9 pairs): 1680.00
reading dynamic config transforms : 700
Collision detection cost time: 1754.00
Collisions of kcbp pairs: 117
Collisions of model pairs: 92
models/budda.obj 	points number: 31232
K = 24
ModelNum = 10
Moving steps : 800
ach banchtest (10 times) totally: 17.00
cluster time (10 times) totally: 0.00
normalsize = 24
Projection time banchtest(10 times) CPU(SSE) totaly:13
duality mapping
duality mapping time (10 times) totally: 1.00
Polytopes: 24
reading 9 model configs(plus fixed one,total = 10)
build boundingbox time : 0.00
init time to build AABBTrees for model and GJK for kcbp (9 pairs): 1682.00
reading dynamic config transforms : 800
Collision detection cost time: 1767.00
Collisions of kcbp pairs: 105
Collisions of model pairs: 80
models/budda.obj 	points number: 31232
K = 24
ModelNum = 10
Moving steps : 900
ach banchtest (10 times) totally: 17.00
cluster time (10 times) totally: 1.00
normalsize = 24
Projection time banchtest(10 times) CPU(SSE) totaly:12
duality mapping
duality mapping time (10 times) totally: 1.00
Polytopes: 24
reading 9 model configs(plus fixed one,total = 10)
build boundingbox time : 1.00
init time to build AABBTrees for model and GJK for kcbp (9 pairs): 1683.00
reading dynamic config transforms : 900
Collision detection cost time: 2538.00
Collisions of kcbp pairs: 146
Collisions of model pairs: 122
models/budda.obj 	points number: 31232
K = 24
ModelNum = 10
Moving steps : 1000
ach banchtest (10 times) totally: 17.00
cluster time (10 times) totally: 1.00
normalsize = 24
Projection time banchtest(10 times) CPU(SSE) totaly:12
duality mapping
duality mapping time (10 times) totally: 1.00
Polytopes: 24
reading 9 model configs(plus fixed one,total = 10)
build boundingbox time : 1.00
init time to build AABBTrees for model and GJK for kcbp (9 pairs): 1683.00
reading dynamic config transforms : 1000
Collision detection cost time: 3547.00
Collisions of kcbp pairs: 170
Collisions of model pairs: 141
