models/budda.obj 	points number: 31232
K = 24
ModelNum = 10
Moving steps : 10
ach banchtest (10 times) totally: 16.00
cluster time (10 times) totally: 0.00
normalsize = 24
Projection time banchtest(10 times) CPU(SSE) totaly:13
duality mapping
duality mapping time (10 times) totally: 1.00
Polytopes: 24
reading 9 model configs(plus fixed one,total = 10)
build boundingbox time : 1.00
init time to build AABBTrees for model and kcbp (9 paris): 1703.00
reading dynamic config transforms : 10
Collision detection cost time: 7.00
Collisions of kcbp pairs: 2
Collisions of model pairs: 2
models/budda.obj 	points number: 31232
K = 24
ModelNum = 10
Moving steps : 50
ach banchtest (10 times) totally: 17.00
cluster time (10 times) totally: 1.00
normalsize = 24
Projection time banchtest(10 times) CPU(SSE) totaly:12
duality mapping
duality mapping time (10 times) totally: 2.00
Polytopes: 24
reading 9 model configs(plus fixed one,total = 10)
build boundingbox time : 1.00
init time to build AABBTrees for model and kcbp (9 paris): 1679.00
reading dynamic config transforms : 50
Collision detection cost time: 20.00
Collisions of kcbp pairs: 4
Collisions of model pairs: 3
models/budda.obj 	points number: 31232
K = 24
ModelNum = 10
Moving steps : 100
ach banchtest (10 times) totally: 16.00
cluster time (10 times) totally: 1.00
normalsize = 24
Projection time banchtest(10 times) CPU(SSE) totaly:13
duality mapping
duality mapping time (10 times) totally: 1.00
Polytopes: 24
reading 9 model configs(plus fixed one,total = 10)
build boundingbox time : 1.00
init time to build AABBTrees for model and kcbp (9 paris): 1681.00
reading dynamic config transforms : 100
Collision detection cost time: 572.00
Collisions of kcbp pairs: 19
Collisions of model pairs: 15
models/budda.obj 	points number: 31232
K = 24
ModelNum = 10
Moving steps : 200
ach banchtest (10 times) totally: 17.00
cluster time (10 times) totally: 1.00
normalsize = 24
Projection time banchtest(10 times) CPU(SSE) totaly:13
duality mapping
duality mapping time (10 times) totally: 1.00
Polytopes: 24
reading 9 model configs(plus fixed one,total = 10)
build boundingbox time : 1.00
init time to build AABBTrees for model and kcbp (9 paris): 1685.00
reading dynamic config transforms : 200
Collision detection cost time: 538.00
Collisions of kcbp pairs: 31
Collisions of model pairs: 27
models/budda.obj 	points number: 31232
K = 24
ModelNum = 10
Moving steps : 300
ach banchtest (10 times) totally: 16.00
cluster time (10 times) totally: 1.00
normalsize = 24
Projection time banchtest(10 times) CPU(SSE) totaly:13
duality mapping
duality mapping time (10 times) totally: 1.00
Polytopes: 24
reading 9 model configs(plus fixed one,total = 10)
build boundingbox time : 1.00
init time to build AABBTrees for model and kcbp (9 paris): 1679.00
reading dynamic config transforms : 300
Collision detection cost time: 385.00
Collisions of kcbp pairs: 37
Collisions of model pairs: 29
models/budda.obj 	points number: 31232
K = 24
ModelNum = 10
Moving steps : 400
ach banchtest (10 times) totally: 17.00
cluster time (10 times) totally: 1.00
normalsize = 24
Projection time banchtest(10 times) CPU(SSE) totaly:12
duality mapping
duality mapping time (10 times) totally: 1.00
Polytopes: 24
reading 9 model configs(plus fixed one,total = 10)
build boundingbox time : 1.00
init time to build AABBTrees for model and kcbp (9 paris): 1680.00
reading dynamic config transforms : 400
Collision detection cost time: 827.00
Collisions of kcbp pairs: 53
Collisions of model pairs: 42
models/budda.obj 	points number: 31232
K = 24
ModelNum = 10
Moving steps : 500
ach banchtest (10 times) totally: 17.00
cluster time (10 times) totally: 0.00
normalsize = 24
Projection time banchtest(10 times) CPU(SSE) totaly:13
duality mapping
duality mapping time (10 times) totally: 1.00
Polytopes: 24
reading 9 model configs(plus fixed one,total = 10)
build boundingbox time : 1.00
init time to build AABBTrees for model and kcbp (9 paris): 1677.00
reading dynamic config transforms : 500
Collision detection cost time: 1203.00
Collisions of kcbp pairs: 81
Collisions of model pairs: 62
models/budda.obj 	points number: 31232
K = 24
ModelNum = 10
Moving steps : 600
ach banchtest (10 times) totally: 16.00
cluster time (10 times) totally: 1.00
normalsize = 24
Projection time banchtest(10 times) CPU(SSE) totaly:12
duality mapping
duality mapping time (10 times) totally: 2.00
Polytopes: 24
reading 9 model configs(plus fixed one,total = 10)
build boundingbox time : 1.00
init time to build AABBTrees for model and kcbp (9 paris): 1670.00
reading dynamic config transforms : 600
Collision detection cost time: 1681.00
Collisions of kcbp pairs: 125
Collisions of model pairs: 103
models/budda.obj 	points number: 31232
K = 24
ModelNum = 10
Moving steps : 700
ach banchtest (10 times) totally: 17.00
cluster time (10 times) totally: 1.00
normalsize = 24
Projection time banchtest(10 times) CPU(SSE) totaly:12
duality mapping
duality mapping time (10 times) totally: 2.00
Polytopes: 24
reading 9 model configs(plus fixed one,total = 10)
build boundingbox time : 1.00
init time to build AABBTrees for model and kcbp (9 paris): 1685.00
reading dynamic config transforms : 700
Collision detection cost time: 1833.00
Collisions of kcbp pairs: 117
Collisions of model pairs: 92
models/budda.obj 	points number: 31232
K = 24
ModelNum = 10
Moving steps : 800
ach banchtest (10 times) totally: 16.00
cluster time (10 times) totally: 1.00
normalsize = 24
Projection time banchtest(10 times) CPU(SSE) totaly:13
duality mapping
duality mapping time (10 times) totally: 1.00
Polytopes: 24
reading 9 model configs(plus fixed one,total = 10)
build boundingbox time : 1.00
init time to build AABBTrees for model and kcbp (9 paris): 1681.00
reading dynamic config transforms : 800
Collision detection cost time: 1850.00
Collisions of kcbp pairs: 105
Collisions of model pairs: 80
models/budda.obj 	points number: 31232
K = 24
ModelNum = 10
Moving steps : 900
ach banchtest (10 times) totally: 17.00
cluster time (10 times) totally: 1.00
normalsize = 24
Projection time banchtest(10 times) CPU(SSE) totaly:12
duality mapping
duality mapping time (10 times) totally: 1.00
Polytopes: 24
reading 9 model configs(plus fixed one,total = 10)
build boundingbox time : 1.00
init time to build AABBTrees for model and kcbp (9 paris): 1683.00
reading dynamic config transforms : 900
Collision detection cost time: 2632.00
Collisions of kcbp pairs: 146
Collisions of model pairs: 122
models/budda.obj 	points number: 31232
K = 24
ModelNum = 10
Moving steps : 1000
ach banchtest (10 times) totally: 17.00
cluster time (10 times) totally: 1.00
normalsize = 24
Projection time banchtest(10 times) CPU(SSE) totaly:13
duality mapping
duality mapping time (10 times) totally: 1.00
Polytopes: 24
reading 9 model configs(plus fixed one,total = 10)
build boundingbox time : 1.00
init time to build AABBTrees for model and kcbp (9 paris): 1672.00
reading dynamic config transforms : 1000
Collision detection cost time: 3727.00
Collisions of kcbp pairs: 170
Collisions of model pairs: 141
