models/bunny2.obj 	points number: 2503
K = 24
ModelNum = 10
Moving steps : 10
ach banchtest (10 times) totally: 9.00
cluster time (10 times) totally: 1.00
normalsize = 24
Projection time banchtest(10 times) CPU(SSE) totaly:1
duality mapping
duality mapping time (10 times) totally: 1.00
Polytopes: 24
reading 9 model configs(plus fixed one,total = 10)
build boundingbox time : 0.00
init time to build AABBTrees for model and GJK for kcbp (9 pairs): 105.00
reading dynamic config transforms : 10
Collision detection cost time: 1.00
Collisions of kcbp pairs: 3
Collisions of model pairs: 2
models/bunny2.obj 	points number: 2503
K = 24
ModelNum = 10
Moving steps : 50
ach banchtest (10 times) totally: 6.00
cluster time (10 times) totally: 0.00
normalsize = 24
Projection time banchtest(10 times) CPU(SSE) totaly:1
duality mapping
duality mapping time (10 times) totally: 2.00
Polytopes: 24
reading 9 model configs(plus fixed one,total = 10)
build boundingbox time : 0.00
init time to build AABBTrees for model and GJK for kcbp (9 pairs): 101.00
reading dynamic config transforms : 50
Collision detection cost time: 3.00
Collisions of kcbp pairs: 8
Collisions of model pairs: 5
models/bunny2.obj 	points number: 2503
K = 24
ModelNum = 10
Moving steps : 100
ach banchtest (10 times) totally: 13.00
cluster time (10 times) totally: 2.00
normalsize = 24
Projection time banchtest(10 times) CPU(SSE) totaly:2
duality mapping
duality mapping time (10 times) totally: 3.00
Polytopes: 24
reading 9 model configs(plus fixed one,total = 10)
build boundingbox time : 0.00
init time to build AABBTrees for model and GJK for kcbp (9 pairs): 101.00
reading dynamic config transforms : 100
Collision detection cost time: 8.00
Collisions of kcbp pairs: 26
Collisions of model pairs: 21
models/bunny2.obj 	points number: 2503
K = 24
ModelNum = 10
Moving steps : 200
ach banchtest (10 times) totally: 10.00
cluster time (10 times) totally: 0.00
normalsize = 24
Projection time banchtest(10 times) CPU(SSE) totaly:1
duality mapping
duality mapping time (10 times) totally: 2.00
Polytopes: 24
reading 9 model configs(plus fixed one,total = 10)
build boundingbox time : 0.00
init time to build AABBTrees for model and GJK for kcbp (9 pairs): 100.00
reading dynamic config transforms : 200
Collision detection cost time: 16.00
Collisions of kcbp pairs: 50
Collisions of model pairs: 40
models/bunny2.obj 	points number: 2503
K = 24
ModelNum = 10
Moving steps : 300
ach banchtest (10 times) totally: 7.00
cluster time (10 times) totally: 1.00
normalsize = 24
Projection time banchtest(10 times) CPU(SSE) totaly:1
duality mapping
duality mapping time (10 times) totally: 2.00
Polytopes: 24
reading 9 model configs(plus fixed one,total = 10)
build boundingbox time : 0.00
init time to build AABBTrees for model and GJK for kcbp (9 pairs): 103.00
reading dynamic config transforms : 300
Collision detection cost time: 21.00
Collisions of kcbp pairs: 69
Collisions of model pairs: 55
models/bunny2.obj 	points number: 2503
K = 24
ModelNum = 10
Moving steps : 400
ach banchtest (10 times) totally: 7.00
cluster time (10 times) totally: 1.00
normalsize = 24
Projection time banchtest(10 times) CPU(SSE) totaly:1
duality mapping
duality mapping time (10 times) totally: 2.00
Polytopes: 24
reading 9 model configs(plus fixed one,total = 10)
build boundingbox time : 0.00
init time to build AABBTrees for model and GJK for kcbp (9 pairs): 102.00
reading dynamic config transforms : 400
Collision detection cost time: 31.00
Collisions of kcbp pairs: 106
Collisions of model pairs: 82
models/bunny2.obj 	points number: 2503
K = 24
ModelNum = 10
Moving steps : 500
ach banchtest (10 times) totally: 5.00
cluster time (10 times) totally: 1.00
normalsize = 24
Projection time banchtest(10 times) CPU(SSE) totaly:1
duality mapping
duality mapping time (10 times) totally: 1.00
Polytopes: 24
reading 9 model configs(plus fixed one,total = 10)
build boundingbox time : 0.00
init time to build AABBTrees for model and GJK for kcbp (9 pairs): 100.00
reading dynamic config transforms : 500
Collision detection cost time: 35.00
Collisions of kcbp pairs: 144
Collisions of model pairs: 104
models/bunny2.obj 	points number: 2503
K = 24
ModelNum = 10
Moving steps : 600
ach banchtest (10 times) totally: 6.00
cluster time (10 times) totally: 1.00
normalsize = 24
Projection time banchtest(10 times) CPU(SSE) totaly:0
duality mapping
duality mapping time (10 times) totally: 1.00
Polytopes: 24
reading 9 model configs(plus fixed one,total = 10)
build boundingbox time : 0.00
init time to build AABBTrees for model and GJK for kcbp (9 pairs): 100.00
reading dynamic config transforms : 600
Collision detection cost time: 68.00
Collisions of kcbp pairs: 182
Collisions of model pairs: 139
models/bunny2.obj 	points number: 2503
K = 24
ModelNum = 10
Moving steps : 700
ach banchtest (10 times) totally: 13.00
cluster time (10 times) totally: 2.00
normalsize = 24
Projection time banchtest(10 times) CPU(SSE) totaly:2
duality mapping
duality mapping time (10 times) totally: 3.00
Polytopes: 24
reading 9 model configs(plus fixed one,total = 10)
build boundingbox time : 0.00
init time to build AABBTrees for model and GJK for kcbp (9 pairs): 107.00
reading dynamic config transforms : 700
Collision detection cost time: 65.00
Collisions of kcbp pairs: 188
Collisions of model pairs: 139
models/bunny2.obj 	points number: 2503
K = 24
ModelNum = 10
Moving steps : 800
ach banchtest (10 times) totally: 8.00
cluster time (10 times) totally: 1.00
normalsize = 24
Projection time banchtest(10 times) CPU(SSE) totaly:1
duality mapping
duality mapping time (10 times) totally: 1.00
Polytopes: 24
reading 9 model configs(plus fixed one,total = 10)
build boundingbox time : 1.00
init time to build AABBTrees for model and GJK for kcbp (9 pairs): 102.00
reading dynamic config transforms : 800
Collision detection cost time: 49.00
Collisions of kcbp pairs: 166
Collisions of model pairs: 122
models/bunny2.obj 	points number: 2503
K = 24
ModelNum = 10
Moving steps : 900
ach banchtest (10 times) totally: 9.00
cluster time (10 times) totally: 1.00
normalsize = 24
Projection time banchtest(10 times) CPU(SSE) totaly:1
duality mapping
duality mapping time (10 times) totally: 1.00
Polytopes: 24
reading 9 model configs(plus fixed one,total = 10)
build boundingbox time : 0.00
init time to build AABBTrees for model and GJK for kcbp (9 pairs): 103.00
reading dynamic config transforms : 900
Collision detection cost time: 62.00
Collisions of kcbp pairs: 203
Collisions of model pairs: 161
models/bunny2.obj 	points number: 2503
K = 24
ModelNum = 10
Moving steps : 1000
ach banchtest (10 times) totally: 5.00
cluster time (10 times) totally: 1.00
normalsize = 24
Projection time banchtest(10 times) CPU(SSE) totaly:1
duality mapping
duality mapping time (10 times) totally: 2.00
Polytopes: 24
reading 9 model configs(plus fixed one,total = 10)
build boundingbox time : 0.00
init time to build AABBTrees for model and GJK for kcbp (9 pairs): 99.00
reading dynamic config transforms : 1000
Collision detection cost time: 77.00
Collisions of kcbp pairs: 271
Collisions of model pairs: 209
