models/dinosaur.obj 	points number: 40277
K = 24
ModelNum = 10
Moving steps : 10
ach banchtest (10 times) totally: 18.00
cluster time (10 times) totally: 0.00
normalsize = 24
Projection time banchtest(10 times) CPU(SSE) totaly:16
duality mapping
duality mapping time (10 times) totally: 2.00
Polytopes: 24
reading 9 model configs(plus fixed one,total = 10)
build boundingbox time : 1.00
init time to build AABBTrees for model and kcbp (9 paris): 2186.00
reading dynamic config transforms : 10
Collision detection cost time: 2.00
Collisions of kcbp pairs: 0
Collisions of model pairs: 0
models/dinosaur.obj 	points number: 40277
K = 24
ModelNum = 10
Moving steps : 50
ach banchtest (10 times) totally: 18.00
cluster time (10 times) totally: 0.00
normalsize = 24
Projection time banchtest(10 times) CPU(SSE) totaly:16
duality mapping
duality mapping time (10 times) totally: 1.00
Polytopes: 24
reading 9 model configs(plus fixed one,total = 10)
build boundingbox time : 1.00
init time to build AABBTrees for model and kcbp (9 paris): 2195.00
reading dynamic config transforms : 50
Collision detection cost time: 2.00
Collisions of kcbp pairs: 0
Collisions of model pairs: 0
models/dinosaur.obj 	points number: 40277
K = 24
ModelNum = 10
Moving steps : 100
ach banchtest (10 times) totally: 18.00
cluster time (10 times) totally: 0.00
normalsize = 24
Projection time banchtest(10 times) CPU(SSE) totaly:16
duality mapping
duality mapping time (10 times) totally: 1.00
Polytopes: 24
reading 9 model configs(plus fixed one,total = 10)
build boundingbox time : 1.00
init time to build AABBTrees for model and kcbp (9 paris): 2189.00
reading dynamic config transforms : 100
Collision detection cost time: 14.00
Collisions of kcbp pairs: 9
Collisions of model pairs: 3
models/dinosaur.obj 	points number: 40277
K = 24
ModelNum = 10
Moving steps : 200
ach banchtest (10 times) totally: 18.00
cluster time (10 times) totally: 0.00
normalsize = 24
Projection time banchtest(10 times) CPU(SSE) totaly:17
duality mapping
duality mapping time (10 times) totally: 1.00
Polytopes: 24
reading 9 model configs(plus fixed one,total = 10)
build boundingbox time : 1.00
init time to build AABBTrees for model and kcbp (9 paris): 2189.00
reading dynamic config transforms : 200
Collision detection cost time: 21.00
Collisions of kcbp pairs: 11
Collisions of model pairs: 6
models/dinosaur.obj 	points number: 40277
K = 24
ModelNum = 10
Moving steps : 300
ach banchtest (10 times) totally: 18.00
cluster time (10 times) totally: 1.00
normalsize = 24
Projection time banchtest(10 times) CPU(SSE) totaly:16
duality mapping
duality mapping time (10 times) totally: 1.00
Polytopes: 24
reading 9 model configs(plus fixed one,total = 10)
build boundingbox time : 1.00
init time to build AABBTrees for model and kcbp (9 paris): 2183.00
reading dynamic config transforms : 300
Collision detection cost time: 32.00
Collisions of kcbp pairs: 12
Collisions of model pairs: 6
models/dinosaur.obj 	points number: 40277
K = 24
ModelNum = 10
Moving steps : 400
ach banchtest (10 times) totally: 18.00
cluster time (10 times) totally: 0.00
normalsize = 24
Projection time banchtest(10 times) CPU(SSE) totaly:16
duality mapping
duality mapping time (10 times) totally: 2.00
Polytopes: 24
reading 9 model configs(plus fixed one,total = 10)
build boundingbox time : 1.00
init time to build AABBTrees for model and kcbp (9 paris): 2183.00
reading dynamic config transforms : 400
Collision detection cost time: 42.00
Collisions of kcbp pairs: 17
Collisions of model pairs: 5
models/dinosaur.obj 	points number: 40277
K = 24
ModelNum = 10
Moving steps : 500
ach banchtest (10 times) totally: 18.00
cluster time (10 times) totally: 0.00
normalsize = 24
Projection time banchtest(10 times) CPU(SSE) totaly:16
duality mapping
duality mapping time (10 times) totally: 1.00
Polytopes: 24
reading 9 model configs(plus fixed one,total = 10)
build boundingbox time : 2.00
init time to build AABBTrees for model and kcbp (9 paris): 2183.00
reading dynamic config transforms : 500
Collision detection cost time: 48.00
Collisions of kcbp pairs: 20
Collisions of model pairs: 10
models/dinosaur.obj 	points number: 40277
K = 24
ModelNum = 10
Moving steps : 600
ach banchtest (10 times) totally: 18.00
cluster time (10 times) totally: 1.00
normalsize = 24
Projection time banchtest(10 times) CPU(SSE) totaly:16
duality mapping
duality mapping time (10 times) totally: 1.00
Polytopes: 24
reading 9 model configs(plus fixed one,total = 10)
build boundingbox time : 2.00
init time to build AABBTrees for model and kcbp (9 paris): 2188.00
reading dynamic config transforms : 600
Collision detection cost time: 90.00
Collisions of kcbp pairs: 32
Collisions of model pairs: 13
models/dinosaur.obj 	points number: 40277
K = 24
ModelNum = 10
Moving steps : 700
ach banchtest (10 times) totally: 19.00
cluster time (10 times) totally: 0.00
normalsize = 24
Projection time banchtest(10 times) CPU(SSE) totaly:16
duality mapping
duality mapping time (10 times) totally: 1.00
Polytopes: 24
reading 9 model configs(plus fixed one,total = 10)
build boundingbox time : 2.00
init time to build AABBTrees for model and kcbp (9 paris): 2186.00
reading dynamic config transforms : 700
Collision detection cost time: 79.00
Collisions of kcbp pairs: 24
Collisions of model pairs: 15
models/dinosaur.obj 	points number: 40277
K = 24
ModelNum = 10
Moving steps : 800
ach banchtest (10 times) totally: 19.00
cluster time (10 times) totally: 0.00
normalsize = 24
Projection time banchtest(10 times) CPU(SSE) totaly:16
duality mapping
duality mapping time (10 times) totally: 1.00
Polytopes: 24
reading 9 model configs(plus fixed one,total = 10)
build boundingbox time : 1.00
init time to build AABBTrees for model and kcbp (9 paris): 2190.00
reading dynamic config transforms : 800
Collision detection cost time: 55.00
Collisions of kcbp pairs: 18
Collisions of model pairs: 10
models/dinosaur.obj 	points number: 40277
K = 24
ModelNum = 10
Moving steps : 900
ach banchtest (10 times) totally: 18.00
cluster time (10 times) totally: 1.00
normalsize = 24
Projection time banchtest(10 times) CPU(SSE) totaly:16
duality mapping
duality mapping time (10 times) totally: 1.00
Polytopes: 24
reading 9 model configs(plus fixed one,total = 10)
build boundingbox time : 2.00
init time to build AABBTrees for model and kcbp (9 paris): 2206.00
reading dynamic config transforms : 900
Collision detection cost time: 107.00
Collisions of kcbp pairs: 41
Collisions of model pairs: 20
models/dinosaur.obj 	points number: 40277
K = 24
ModelNum = 10
Moving steps : 1000
ach banchtest (10 times) totally: 18.00
cluster time (10 times) totally: 0.00
normalsize = 24
Projection time banchtest(10 times) CPU(SSE) totaly:16
duality mapping
duality mapping time (10 times) totally: 2.00
Polytopes: 24
reading 9 model configs(plus fixed one,total = 10)
build boundingbox time : 1.00
init time to build AABBTrees for model and kcbp (9 paris): 2186.00
reading dynamic config transforms : 1000
Collision detection cost time: 102.00
Collisions of kcbp pairs: 43
Collisions of model pairs: 20
