models/dinosaur.obj 	points number: 40277
K = 24
ModelNum = 10
Moving steps : 10
ach banchtest (10 times) totally: 18.00
cluster time (10 times) totally: 0.00
normalsize = 24
Projection time banchtest(10 times) CPU(SSE) totaly:17
duality mapping
duality mapping time (10 times) totally: 1.00
Polytopes: 24
reading 9 model configs(plus fixed one,total = 10)
build boundingbox time : 1.00
init time to build AABBTrees for model and GJK for kcbp (9 pairs): 2247.00
reading dynamic config transforms : 10
Collision detection cost time: 0.00
Collisions of kcbp pairs: 0
Collisions of model pairs: 0
models/dinosaur.obj 	points number: 40277
K = 24
ModelNum = 10
Moving steps : 50
ach banchtest (10 times) totally: 18.00
cluster time (10 times) totally: 0.00
normalsize = 24
Projection time banchtest(10 times) CPU(SSE) totaly:17
duality mapping
duality mapping time (10 times) totally: 1.00
Polytopes: 24
reading 9 model configs(plus fixed one,total = 10)
build boundingbox time : 2.00
init time to build AABBTrees for model and GJK for kcbp (9 pairs): 2222.00
reading dynamic config transforms : 50
Collision detection cost time: 0.00
Collisions of kcbp pairs: 0
Collisions of model pairs: 0
models/dinosaur.obj 	points number: 40277
K = 24
ModelNum = 10
Moving steps : 100
ach banchtest (10 times) totally: 19.00
cluster time (10 times) totally: 0.00
normalsize = 24
Projection time banchtest(10 times) CPU(SSE) totaly:16
duality mapping
duality mapping time (10 times) totally: 2.00
Polytopes: 24
reading 9 model configs(plus fixed one,total = 10)
build boundingbox time : 1.00
init time to build AABBTrees for model and GJK for kcbp (9 pairs): 2223.00
reading dynamic config transforms : 100
Collision detection cost time: 7.00
Collisions of kcbp pairs: 9
Collisions of model pairs: 3
models/dinosaur.obj 	points number: 40277
K = 24
ModelNum = 10
Moving steps : 200
ach banchtest (10 times) totally: 18.00
cluster time (10 times) totally: 0.00
normalsize = 24
Projection time banchtest(10 times) CPU(SSE) totaly:17
duality mapping
duality mapping time (10 times) totally: 1.00
Polytopes: 24
reading 9 model configs(plus fixed one,total = 10)
build boundingbox time : 1.00
init time to build AABBTrees for model and GJK for kcbp (9 pairs): 2228.00
reading dynamic config transforms : 200
Collision detection cost time: 6.00
Collisions of kcbp pairs: 11
Collisions of model pairs: 6
models/dinosaur.obj 	points number: 40277
K = 24
ModelNum = 10
Moving steps : 300
ach banchtest (10 times) totally: 19.00
cluster time (10 times) totally: 0.00
normalsize = 24
Projection time banchtest(10 times) CPU(SSE) totaly:17
duality mapping
duality mapping time (10 times) totally: 1.00
Polytopes: 24
reading 9 model configs(plus fixed one,total = 10)
build boundingbox time : 2.00
init time to build AABBTrees for model and GJK for kcbp (9 pairs): 2278.00
reading dynamic config transforms : 300
Collision detection cost time: 9.00
Collisions of kcbp pairs: 12
Collisions of model pairs: 6
models/dinosaur.obj 	points number: 40277
K = 24
ModelNum = 10
Moving steps : 400
ach banchtest (10 times) totally: 19.00
cluster time (10 times) totally: 0.00
normalsize = 24
Projection time banchtest(10 times) CPU(SSE) totaly:17
duality mapping
duality mapping time (10 times) totally: 1.00
Polytopes: 24
reading 9 model configs(plus fixed one,total = 10)
build boundingbox time : 1.00
init time to build AABBTrees for model and GJK for kcbp (9 pairs): 2201.00
reading dynamic config transforms : 400
Collision detection cost time: 13.00
Collisions of kcbp pairs: 17
Collisions of model pairs: 5
models/dinosaur.obj 	points number: 40277
K = 24
ModelNum = 10
Moving steps : 500
ach banchtest (10 times) totally: 18.00
cluster time (10 times) totally: 0.00
normalsize = 24
Projection time banchtest(10 times) CPU(SSE) totaly:17
duality mapping
duality mapping time (10 times) totally: 1.00
Polytopes: 24
reading 9 model configs(plus fixed one,total = 10)
build boundingbox time : 2.00
init time to build AABBTrees for model and GJK for kcbp (9 pairs): 2217.00
reading dynamic config transforms : 500
Collision detection cost time: 8.00
Collisions of kcbp pairs: 20
Collisions of model pairs: 10
models/dinosaur.obj 	points number: 40277
K = 24
ModelNum = 10
Moving steps : 600
ach banchtest (10 times) totally: 18.00
cluster time (10 times) totally: 0.00
normalsize = 24
Projection time banchtest(10 times) CPU(SSE) totaly:16
duality mapping
duality mapping time (10 times) totally: 1.00
Polytopes: 24
reading 9 model configs(plus fixed one,total = 10)
build boundingbox time : 1.00
init time to build AABBTrees for model and GJK for kcbp (9 pairs): 2193.00
reading dynamic config transforms : 600
Collision detection cost time: 36.00
Collisions of kcbp pairs: 32
Collisions of model pairs: 13
models/dinosaur.obj 	points number: 40277
K = 24
ModelNum = 10
Moving steps : 700
ach banchtest (10 times) totally: 18.00
cluster time (10 times) totally: 0.00
normalsize = 24
Projection time banchtest(10 times) CPU(SSE) totaly:16
duality mapping
duality mapping time (10 times) totally: 2.00
Polytopes: 24
reading 9 model configs(plus fixed one,total = 10)
build boundingbox time : 2.00
init time to build AABBTrees for model and GJK for kcbp (9 pairs): 2189.00
reading dynamic config transforms : 700
Collision detection cost time: 23.00
Collisions of kcbp pairs: 23
Collisions of model pairs: 15
models/dinosaur.obj 	points number: 40277
K = 24
ModelNum = 10
Moving steps : 800
ach banchtest (10 times) totally: 18.00
cluster time (10 times) totally: 1.00
normalsize = 24
Projection time banchtest(10 times) CPU(SSE) totaly:16
duality mapping
duality mapping time (10 times) totally: 1.00
Polytopes: 24
reading 9 model configs(plus fixed one,total = 10)
build boundingbox time : 1.00
init time to build AABBTrees for model and GJK for kcbp (9 pairs): 2193.00
reading dynamic config transforms : 800
Collision detection cost time: 12.00
Collisions of kcbp pairs: 18
Collisions of model pairs: 10
models/dinosaur.obj 	points number: 40277
K = 24
ModelNum = 10
Moving steps : 900
ach banchtest (10 times) totally: 18.00
cluster time (10 times) totally: 0.00
normalsize = 24
Projection time banchtest(10 times) CPU(SSE) totaly:16
duality mapping
duality mapping time (10 times) totally: 2.00
Polytopes: 24
reading 9 model configs(plus fixed one,total = 10)
build boundingbox time : 1.00
init time to build AABBTrees for model and GJK for kcbp (9 pairs): 2184.00
reading dynamic config transforms : 900
Collision detection cost time: 47.00
Collisions of kcbp pairs: 41
Collisions of model pairs: 20
models/dinosaur.obj 	points number: 40277
K = 24
ModelNum = 10
Moving steps : 1000
ach banchtest (10 times) totally: 18.00
cluster time (10 times) totally: 0.00
normalsize = 24
Projection time banchtest(10 times) CPU(SSE) totaly:19
duality mapping
duality mapping time (10 times) totally: 1.00
Polytopes: 24
reading 9 model configs(plus fixed one,total = 10)
build boundingbox time : 2.00
init time to build AABBTrees for model and GJK for kcbp (9 pairs): 2186.00
reading dynamic config transforms : 1000
Collision detection cost time: 34.00
Collisions of kcbp pairs: 43
Collisions of model pairs: 20
