models/happy_buddha.obj 	points number: 24810
K = 24
ModelNum = 10
Moving steps : 10
ach banchtest (10 times) totally: 13.00
cluster time (10 times) totally: 1.00
normalsize = 24
Projection time banchtest(10 times) CPU(SSE) totaly:10
duality mapping
duality mapping time (10 times) totally: 1.00
Polytopes: 24
reading 9 model configs(plus fixed one,total = 10)
build boundingbox time : 0.00
init time to build AABBTrees for model and GJK for kcbp (9 pairs): 1325.00
reading dynamic config transforms : 10
Collision detection cost time: 10.00
Collisions of kcbp pairs: 2
Collisions of model pairs: 1
models/happy_buddha.obj 	points number: 24810
K = 24
ModelNum = 10
Moving steps : 50
ach banchtest (10 times) totally: 13.00
cluster time (10 times) totally: 1.00
normalsize = 24
Projection time banchtest(10 times) CPU(SSE) totaly:10
duality mapping
duality mapping time (10 times) totally: 1.00
Polytopes: 24
reading 9 model configs(plus fixed one,total = 10)
build boundingbox time : 1.00
init time to build AABBTrees for model and GJK for kcbp (9 pairs): 1327.00
reading dynamic config transforms : 50
Collision detection cost time: 1.00
Collisions of kcbp pairs: 2
Collisions of model pairs: 0
models/happy_buddha.obj 	points number: 24810
K = 24
ModelNum = 10
Moving steps : 100
ach banchtest (10 times) totally: 13.00
cluster time (10 times) totally: 0.00
normalsize = 24
Projection time banchtest(10 times) CPU(SSE) totaly:11
duality mapping
duality mapping time (10 times) totally: 1.00
Polytopes: 24
reading 9 model configs(plus fixed one,total = 10)
build boundingbox time : 0.00
init time to build AABBTrees for model and GJK for kcbp (9 pairs): 1326.00
reading dynamic config transforms : 100
Collision detection cost time: 14.00
Collisions of kcbp pairs: 13
Collisions of model pairs: 8
models/happy_buddha.obj 	points number: 24810
K = 24
ModelNum = 10
Moving steps : 200
ach banchtest (10 times) totally: 13.00
cluster time (10 times) totally: 1.00
normalsize = 24
Projection time banchtest(10 times) CPU(SSE) totaly:10
duality mapping
duality mapping time (10 times) totally: 1.00
Polytopes: 24
reading 9 model configs(plus fixed one,total = 10)
build boundingbox time : 1.00
init time to build AABBTrees for model and GJK for kcbp (9 pairs): 1324.00
reading dynamic config transforms : 200
Collision detection cost time: 16.00
Collisions of kcbp pairs: 17
Collisions of model pairs: 13
models/happy_buddha.obj 	points number: 24810
K = 24
ModelNum = 10
Moving steps : 300
ach banchtest (10 times) totally: 15.00
cluster time (10 times) totally: 1.00
normalsize = 24
Projection time banchtest(10 times) CPU(SSE) totaly:10
duality mapping
duality mapping time (10 times) totally: 1.00
Polytopes: 24
reading 9 model configs(plus fixed one,total = 10)
build boundingbox time : 1.00
init time to build AABBTrees for model and GJK for kcbp (9 pairs): 1321.00
reading dynamic config transforms : 300
Collision detection cost time: 14.00
Collisions of kcbp pairs: 26
Collisions of model pairs: 21
models/happy_buddha.obj 	points number: 24810
K = 24
ModelNum = 10
Moving steps : 400
ach banchtest (10 times) totally: 13.00
cluster time (10 times) totally: 0.00
normalsize = 24
Projection time banchtest(10 times) CPU(SSE) totaly:10
duality mapping
duality mapping time (10 times) totally: 2.00
Polytopes: 24
reading 9 model configs(plus fixed one,total = 10)
build boundingbox time : 1.00
init time to build AABBTrees for model and GJK for kcbp (9 pairs): 1340.00
reading dynamic config transforms : 400
Collision detection cost time: 28.00
Collisions of kcbp pairs: 35
Collisions of model pairs: 23
models/happy_buddha.obj 	points number: 24810
K = 24
ModelNum = 10
Moving steps : 500
ach banchtest (10 times) totally: 13.00
cluster time (10 times) totally: 1.00
normalsize = 24
Projection time banchtest(10 times) CPU(SSE) totaly:10
duality mapping
duality mapping time (10 times) totally: 1.00
Polytopes: 24
reading 9 model configs(plus fixed one,total = 10)
build boundingbox time : 1.00
init time to build AABBTrees for model and GJK for kcbp (9 pairs): 1327.00
reading dynamic config transforms : 500
Collision detection cost time: 47.00
Collisions of kcbp pairs: 45
Collisions of model pairs: 34
models/happy_buddha.obj 	points number: 24810
K = 24
ModelNum = 10
Moving steps : 600
ach banchtest (10 times) totally: 16.00
cluster time (10 times) totally: 0.00
normalsize = 24
Projection time banchtest(10 times) CPU(SSE) totaly:13
duality mapping
duality mapping time (10 times) totally: 1.00
Polytopes: 24
reading 9 model configs(plus fixed one,total = 10)
build boundingbox time : 1.00
init time to build AABBTrees for model and GJK for kcbp (9 pairs): 1330.00
reading dynamic config transforms : 600
Collision detection cost time: 68.00
Collisions of kcbp pairs: 67
Collisions of model pairs: 47
models/happy_buddha.obj 	points number: 24810
K = 24
ModelNum = 10
Moving steps : 700
ach banchtest (10 times) totally: 14.00
cluster time (10 times) totally: 0.00
normalsize = 24
Projection time banchtest(10 times) CPU(SSE) totaly:11
duality mapping
duality mapping time (10 times) totally: 1.00
Polytopes: 24
reading 9 model configs(plus fixed one,total = 10)
build boundingbox time : 1.00
init time to build AABBTrees for model and GJK for kcbp (9 pairs): 1332.00
reading dynamic config transforms : 700
Collision detection cost time: 61.00
Collisions of kcbp pairs: 68
Collisions of model pairs: 47
models/happy_buddha.obj 	points number: 24810
K = 24
ModelNum = 10
Moving steps : 800
ach banchtest (10 times) totally: 13.00
cluster time (10 times) totally: 0.00
normalsize = 24
Projection time banchtest(10 times) CPU(SSE) totaly:11
duality mapping
duality mapping time (10 times) totally: 1.00
Polytopes: 24
reading 9 model configs(plus fixed one,total = 10)
build boundingbox time : 1.00
init time to build AABBTrees for model and GJK for kcbp (9 pairs): 1331.00
reading dynamic config transforms : 800
Collision detection cost time: 37.00
Collisions of kcbp pairs: 49
Collisions of model pairs: 37
models/happy_buddha.obj 	points number: 24810
K = 24
ModelNum = 10
Moving steps : 900
ach banchtest (10 times) totally: 13.00
cluster time (10 times) totally: 1.00
normalsize = 24
Projection time banchtest(10 times) CPU(SSE) totaly:10
duality mapping
duality mapping time (10 times) totally: 1.00
Polytopes: 24
reading 9 model configs(plus fixed one,total = 10)
build boundingbox time : 1.00
init time to build AABBTrees for model and GJK for kcbp (9 pairs): 1321.00
reading dynamic config transforms : 900
Collision detection cost time: 75.00
Collisions of kcbp pairs: 74
Collisions of model pairs: 58
models/happy_buddha.obj 	points number: 24810
K = 24
ModelNum = 10
Moving steps : 1000
ach banchtest (10 times) totally: 12.00
cluster time (10 times) totally: 1.00
normalsize = 24
Projection time banchtest(10 times) CPU(SSE) totaly:10
duality mapping
duality mapping time (10 times) totally: 1.00
Polytopes: 24
reading 9 model configs(plus fixed one,total = 10)
build boundingbox time : 1.00
init time to build AABBTrees for model and GJK for kcbp (9 pairs): 1323.00
reading dynamic config transforms : 1000
Collision detection cost time: 70.00
Collisions of kcbp pairs: 100
Collisions of model pairs: 75
