models/happy_buddha.obj 	points number: 24810
K = 24
ModelNum = 10
Moving steps : 10
ach banchtest (10 times) totally: 15.00
cluster time (10 times) totally: 0.00
normalsize = 24
Projection time banchtest(10 times) CPU(SSE) totaly:10
duality mapping
duality mapping time (10 times) totally: 1.00
Polytopes: 24
reading 9 model configs(plus fixed one,total = 10)
build boundingbox time : 1.00
init time to build AABBTrees for model and kcbp (9 paris): 1329.00
reading dynamic config transforms : 10
Collision detection cost time: 10.00
Collisions of kcbp pairs: 2
Collisions of model pairs: 1
models/happy_buddha.obj 	points number: 24810
K = 24
ModelNum = 10
Moving steps : 50
ach banchtest (10 times) totally: 13.00
cluster time (10 times) totally: 0.00
normalsize = 24
Projection time banchtest(10 times) CPU(SSE) totaly:10
duality mapping
duality mapping time (10 times) totally: 1.00
Polytopes: 24
reading 9 model configs(plus fixed one,total = 10)
build boundingbox time : 1.00
init time to build AABBTrees for model and kcbp (9 paris): 1339.00
reading dynamic config transforms : 50
Collision detection cost time: 3.00
Collisions of kcbp pairs: 2
Collisions of model pairs: 0
models/happy_buddha.obj 	points number: 24810
K = 24
ModelNum = 10
Moving steps : 100
ach banchtest (10 times) totally: 13.00
cluster time (10 times) totally: 0.00
normalsize = 24
Projection time banchtest(10 times) CPU(SSE) totaly:10
duality mapping
duality mapping time (10 times) totally: 2.00
Polytopes: 24
reading 9 model configs(plus fixed one,total = 10)
build boundingbox time : 1.00
init time to build AABBTrees for model and kcbp (9 paris): 1340.00
reading dynamic config transforms : 100
Collision detection cost time: 18.00
Collisions of kcbp pairs: 13
Collisions of model pairs: 8
models/happy_buddha.obj 	points number: 24810
K = 24
ModelNum = 10
Moving steps : 200
ach banchtest (10 times) totally: 14.00
cluster time (10 times) totally: 1.00
normalsize = 24
Projection time banchtest(10 times) CPU(SSE) totaly:11
duality mapping
duality mapping time (10 times) totally: 1.00
Polytopes: 24
reading 9 model configs(plus fixed one,total = 10)
build boundingbox time : 1.00
init time to build AABBTrees for model and kcbp (9 paris): 1338.00
reading dynamic config transforms : 200
Collision detection cost time: 32.00
Collisions of kcbp pairs: 17
Collisions of model pairs: 13
models/happy_buddha.obj 	points number: 24810
K = 24
ModelNum = 10
Moving steps : 300
ach banchtest (10 times) totally: 13.00
cluster time (10 times) totally: 0.00
normalsize = 24
Projection time banchtest(10 times) CPU(SSE) totaly:10
duality mapping
duality mapping time (10 times) totally: 1.00
Polytopes: 24
reading 9 model configs(plus fixed one,total = 10)
build boundingbox time : 1.00
init time to build AABBTrees for model and kcbp (9 paris): 1331.00
reading dynamic config transforms : 300
Collision detection cost time: 34.00
Collisions of kcbp pairs: 27
Collisions of model pairs: 21
models/happy_buddha.obj 	points number: 24810
K = 24
ModelNum = 10
Moving steps : 400
ach banchtest (10 times) totally: 13.00
cluster time (10 times) totally: 1.00
normalsize = 24
Projection time banchtest(10 times) CPU(SSE) totaly:10
duality mapping
duality mapping time (10 times) totally: 1.00
Polytopes: 24
reading 9 model configs(plus fixed one,total = 10)
build boundingbox time : 1.00
init time to build AABBTrees for model and kcbp (9 paris): 1322.00
reading dynamic config transforms : 400
Collision detection cost time: 58.00
Collisions of kcbp pairs: 35
Collisions of model pairs: 23
models/happy_buddha.obj 	points number: 24810
K = 24
ModelNum = 10
Moving steps : 500
ach banchtest (10 times) totally: 13.00
cluster time (10 times) totally: 1.00
normalsize = 24
Projection time banchtest(10 times) CPU(SSE) totaly:10
duality mapping
duality mapping time (10 times) totally: 1.00
Polytopes: 24
reading 9 model configs(plus fixed one,total = 10)
build boundingbox time : 0.00
init time to build AABBTrees for model and kcbp (9 paris): 1333.00
reading dynamic config transforms : 500
Collision detection cost time: 83.00
Collisions of kcbp pairs: 46
Collisions of model pairs: 34
models/happy_buddha.obj 	points number: 24810
K = 24
ModelNum = 10
Moving steps : 600
ach banchtest (10 times) totally: 13.00
cluster time (10 times) totally: 1.00
normalsize = 24
Projection time banchtest(10 times) CPU(SSE) totaly:10
duality mapping
duality mapping time (10 times) totally: 1.00
Polytopes: 24
reading 9 model configs(plus fixed one,total = 10)
build boundingbox time : 1.00
init time to build AABBTrees for model and kcbp (9 paris): 1344.00
reading dynamic config transforms : 600
Collision detection cost time: 115.00
Collisions of kcbp pairs: 67
Collisions of model pairs: 47
models/happy_buddha.obj 	points number: 24810
K = 24
ModelNum = 10
Moving steps : 700
ach banchtest (10 times) totally: 13.00
cluster time (10 times) totally: 1.00
normalsize = 24
Projection time banchtest(10 times) CPU(SSE) totaly:10
duality mapping
duality mapping time (10 times) totally: 1.00
Polytopes: 24
reading 9 model configs(plus fixed one,total = 10)
build boundingbox time : 1.00
init time to build AABBTrees for model and kcbp (9 paris): 1337.00
reading dynamic config transforms : 700
Collision detection cost time: 118.00
Collisions of kcbp pairs: 69
Collisions of model pairs: 47
models/happy_buddha.obj 	points number: 24810
K = 24
ModelNum = 10
Moving steps : 800
ach banchtest (10 times) totally: 15.00
cluster time (10 times) totally: 0.00
normalsize = 24
Projection time banchtest(10 times) CPU(SSE) totaly:11
duality mapping
duality mapping time (10 times) totally: 1.00
Polytopes: 24
reading 9 model configs(plus fixed one,total = 10)
build boundingbox time : 1.00
init time to build AABBTrees for model and kcbp (9 paris): 1470.00
reading dynamic config transforms : 800
Collision detection cost time: 97.00
Collisions of kcbp pairs: 50
Collisions of model pairs: 37
models/happy_buddha.obj 	points number: 24810
K = 24
ModelNum = 10
Moving steps : 900
ach banchtest (10 times) totally: 15.00
cluster time (10 times) totally: 0.00
normalsize = 24
Projection time banchtest(10 times) CPU(SSE) totaly:10
duality mapping
duality mapping time (10 times) totally: 2.00
Polytopes: 24
reading 9 model configs(plus fixed one,total = 10)
build boundingbox time : 0.00
init time to build AABBTrees for model and kcbp (9 paris): 1364.00
reading dynamic config transforms : 900
Collision detection cost time: 155.00
Collisions of kcbp pairs: 74
Collisions of model pairs: 58
models/happy_buddha.obj 	points number: 24810
K = 24
ModelNum = 10
Moving steps : 1000
ach banchtest (10 times) totally: 13.00
cluster time (10 times) totally: 0.00
normalsize = 24
Projection time banchtest(10 times) CPU(SSE) totaly:10
duality mapping
duality mapping time (10 times) totally: 1.00
Polytopes: 24
reading 9 model configs(plus fixed one,total = 10)
build boundingbox time : 1.00
init time to build AABBTrees for model and kcbp (9 paris): 1365.00
reading dynamic config transforms : 1000
Collision detection cost time: 152.00
Collisions of kcbp pairs: 100
Collisions of model pairs: 75
