models/happy_buddha.obj 	points number: 24810
K = 24
ModelNum = 2
Moving steps : 10
ach banchtest (2 times) totally: 3.00
cluster time (2 times) totally: 0.00
normalsize = 24
Projection time banchtest(2 times) CPU(SSE) totaly:2
duality mapping
duality mapping time (2 times) totally: 0.00
Polytopes: 24
reading 1 model configs(plus fixed one,total = 2)
build boundingbox time : 0.00
init time to build AABBTrees for model and kcbp (1 paris): 162.00
reading dynamic config transforms : 10
Collision detection cost time: 0.00
Collisions of kcbp pairs: 0
Collisions of model pairs: 0
models/happy_buddha.obj 	points number: 24810
K = 24
ModelNum = 2
Moving steps : 50
ach banchtest (2 times) totally: 2.00
cluster time (2 times) totally: 0.00
normalsize = 24
Projection time banchtest(2 times) CPU(SSE) totaly:3
duality mapping
duality mapping time (2 times) totally: 0.00
Polytopes: 24
reading 1 model configs(plus fixed one,total = 2)
build boundingbox time : 1.00
init time to build AABBTrees for model and kcbp (1 paris): 151.00
reading dynamic config transforms : 50
Collision detection cost time: 1.00
Collisions of kcbp pairs: 0
Collisions of model pairs: 0
models/happy_buddha.obj 	points number: 24810
K = 24
ModelNum = 2
Moving steps : 100
ach banchtest (2 times) totally: 6.00
cluster time (2 times) totally: 0.00
normalsize = 24
Projection time banchtest(2 times) CPU(SSE) totaly:5
duality mapping
duality mapping time (2 times) totally: 1.00
Polytopes: 24
reading 1 model configs(plus fixed one,total = 2)
build boundingbox time : 0.00
init time to build AABBTrees for model and kcbp (1 paris): 155.00
reading dynamic config transforms : 100
Collision detection cost time: 2.00
Collisions of kcbp pairs: 0
Collisions of model pairs: 0
models/happy_buddha.obj 	points number: 24810
K = 24
ModelNum = 2
Moving steps : 200
ach banchtest (2 times) totally: 3.00
cluster time (2 times) totally: 0.00
normalsize = 24
Projection time banchtest(2 times) CPU(SSE) totaly:2
duality mapping
duality mapping time (2 times) totally: 1.00
Polytopes: 24
reading 1 model configs(plus fixed one,total = 2)
build boundingbox time : 0.00
init time to build AABBTrees for model and kcbp (1 paris): 152.00
reading dynamic config transforms : 200
Collision detection cost time: 6.00
Collisions of kcbp pairs: 2
Collisions of model pairs: 2
models/happy_buddha.obj 	points number: 24810
K = 24
ModelNum = 2
Moving steps : 300
ach banchtest (2 times) totally: 7.00
cluster time (2 times) totally: 0.00
normalsize = 24
Projection time banchtest(2 times) CPU(SSE) totaly:5
duality mapping
duality mapping time (2 times) totally: 0.00
Polytopes: 24
reading 1 model configs(plus fixed one,total = 2)
build boundingbox time : 0.00
init time to build AABBTrees for model and kcbp (1 paris): 153.00
reading dynamic config transforms : 300
Collision detection cost time: 7.00
Collisions of kcbp pairs: 3
Collisions of model pairs: 3
models/happy_buddha.obj 	points number: 24810
K = 24
ModelNum = 2
Moving steps : 400
ach banchtest (2 times) totally: 6.00
cluster time (2 times) totally: 1.00
normalsize = 24
Projection time banchtest(2 times) CPU(SSE) totaly:5
duality mapping
duality mapping time (2 times) totally: 0.00
Polytopes: 24
reading 1 model configs(plus fixed one,total = 2)
build boundingbox time : 1.00
init time to build AABBTrees for model and kcbp (1 paris): 151.00
reading dynamic config transforms : 400
Collision detection cost time: 8.00
Collisions of kcbp pairs: 3
Collisions of model pairs: 3
models/happy_buddha.obj 	points number: 24810
K = 24
ModelNum = 2
Moving steps : 500
ach banchtest (2 times) totally: 6.00
cluster time (2 times) totally: 0.00
normalsize = 24
Projection time banchtest(2 times) CPU(SSE) totaly:4
duality mapping
duality mapping time (2 times) totally: 1.00
Polytopes: 24
reading 1 model configs(plus fixed one,total = 2)
build boundingbox time : 0.00
init time to build AABBTrees for model and kcbp (1 paris): 159.00
reading dynamic config transforms : 500
Collision detection cost time: 12.00
Collisions of kcbp pairs: 5
Collisions of model pairs: 5
models/happy_buddha.obj 	points number: 24810
K = 24
ModelNum = 2
Moving steps : 600
ach banchtest (2 times) totally: 3.00
cluster time (2 times) totally: 0.00
normalsize = 24
Projection time banchtest(2 times) CPU(SSE) totaly:2
duality mapping
duality mapping time (2 times) totally: 0.00
Polytopes: 24
reading 1 model configs(plus fixed one,total = 2)
build boundingbox time : 0.00
init time to build AABBTrees for model and kcbp (1 paris): 151.00
reading dynamic config transforms : 600
Collision detection cost time: 13.00
Collisions of kcbp pairs: 7
Collisions of model pairs: 7
models/happy_buddha.obj 	points number: 24810
K = 24
ModelNum = 2
Moving steps : 700
ach banchtest (2 times) totally: 3.00
cluster time (2 times) totally: 0.00
normalsize = 24
Projection time banchtest(2 times) CPU(SSE) totaly:2
duality mapping
duality mapping time (2 times) totally: 0.00
Polytopes: 24
reading 1 model configs(plus fixed one,total = 2)
build boundingbox time : 0.00
init time to build AABBTrees for model and kcbp (1 paris): 152.00
reading dynamic config transforms : 700
Collision detection cost time: 14.00
Collisions of kcbp pairs: 9
Collisions of model pairs: 9
models/happy_buddha.obj 	points number: 24810
K = 24
ModelNum = 2
Moving steps : 800
ach banchtest (2 times) totally: 7.00
cluster time (2 times) totally: 1.00
normalsize = 24
Projection time banchtest(2 times) CPU(SSE) totaly:4
duality mapping
duality mapping time (2 times) totally: 0.00
Polytopes: 24
reading 1 model configs(plus fixed one,total = 2)
build boundingbox time : 1.00
init time to build AABBTrees for model and kcbp (1 paris): 164.00
reading dynamic config transforms : 800
Collision detection cost time: 15.00
Collisions of kcbp pairs: 9
Collisions of model pairs: 9
models/happy_buddha.obj 	points number: 24810
K = 24
ModelNum = 2
Moving steps : 900
ach banchtest (2 times) totally: 6.00
cluster time (2 times) totally: 1.00
normalsize = 24
Projection time banchtest(2 times) CPU(SSE) totaly:4
duality mapping
duality mapping time (2 times) totally: 1.00
Polytopes: 24
reading 1 model configs(plus fixed one,total = 2)
build boundingbox time : 1.00
init time to build AABBTrees for model and kcbp (1 paris): 158.00
reading dynamic config transforms : 900
Collision detection cost time: 21.00
Collisions of kcbp pairs: 12
Collisions of model pairs: 11
models/happy_buddha.obj 	points number: 24810
K = 24
ModelNum = 2
Moving steps : 1000
ach banchtest (2 times) totally: 4.00
cluster time (2 times) totally: 0.00
normalsize = 24
Projection time banchtest(2 times) CPU(SSE) totaly:2
duality mapping
duality mapping time (2 times) totally: 0.00
Polytopes: 24
reading 1 model configs(plus fixed one,total = 2)
build boundingbox time : 0.00
init time to build AABBTrees for model and kcbp (1 paris): 155.00
reading dynamic config transforms : 1000
Collision detection cost time: 21.00
Collisions of kcbp pairs: 12
Collisions of model pairs: 11
