models/apple.obj 	points number: 8118
K = 24
ModelNum = 10
ach banchtest (10 times) totally: 23.00
cluster time (10 times) totally: 1.00
normalsize = 24
Projection time banchtest(10 times) CPU(SSE) totaly:7
duality mapping
duality mapping time (10 times) totally: 1.00
Polytopes: 24
reading 9 model configs(plus fixed one,total = 10)
build boundingbox time : 0.00
collision detection box time: 0.00
box collision size: 2
build AABB time : 34.00
build AABB count: 3
The Following result uses AABB directly
total collision time(AABB directly) : 0.00
collision pairs : 2
The Following result uses KCBP(AABB) filter first
build AABB time 4 KCBP : 0.00
kcbp collision size(AABB filter) : 2
kcbp model check count: 3
total collision time(KCBP AABB filter) : 0.00
collision pairs : 2
The Following result uses KCBP(GJK) filter first
init GJK time 4 KCBP : 0.00
kcbp collision size(GJK filter) : 2
total collision time(KCBP GJK filter) : 0.00
collision pairs : 2
models/apple.obj 	points number: 8118
K = 24
ModelNum = 30
ach banchtest (30 times) totally: 27.00
cluster time (30 times) totally: 2.00
normalsize = 24
Projection time banchtest(30 times) CPU(SSE) totaly:9
duality mapping
duality mapping time (30 times) totally: 4.00
Polytopes: 24
reading 29 model configs(plus fixed one,total = 30)
build boundingbox time : 1.00
collision detection box time: 0.00
box collision size: 37
build AABB time : 270.00
build AABB count: 25
The Following result uses AABB directly
total collision time(AABB directly) : 1.00
collision pairs : 27
The Following result uses KCBP(AABB) filter first
build AABB time 4 KCBP : 1.00
kcbp collision size(AABB filter) : 29
kcbp model check count: 25
total collision time(KCBP AABB filter) : 1.00
collision pairs : 27
The Following result uses KCBP(GJK) filter first
init GJK time 4 KCBP : 1.00
kcbp collision size(GJK filter) : 29
total collision time(KCBP GJK filter) : 1.00
collision pairs : 27
models/apple.obj 	points number: 8118
K = 24
ModelNum = 50
ach banchtest (50 times) totally: 53.00
cluster time (50 times) totally: 2.00
normalsize = 24
Projection time banchtest(50 times) CPU(SSE) totaly:16
duality mapping
duality mapping time (50 times) totally: 6.00
Polytopes: 24
reading 49 model configs(plus fixed one,total = 50)
build boundingbox time : 1.00
collision detection box time: 0.00
box collision size: 44
build AABB time : 428.00
build AABB count: 40
The Following result uses AABB directly
total collision time(AABB directly) : 1.00
collision pairs : 33
The Following result uses KCBP(AABB) filter first
build AABB time 4 KCBP : 2.00
kcbp collision size(AABB filter) : 34
kcbp model check count: 40
total collision time(KCBP AABB filter) : 1.00
collision pairs : 33
The Following result uses KCBP(GJK) filter first
init GJK time 4 KCBP : 1.00
kcbp collision size(GJK filter) : 34
total collision time(KCBP GJK filter) : 1.00
collision pairs : 33
models/apple.obj 	points number: 8118
K = 24
ModelNum = 70
ach banchtest (70 times) totally: 68.00
cluster time (70 times) totally: 3.00
normalsize = 24
Projection time banchtest(70 times) CPU(SSE) totaly:23
duality mapping
duality mapping time (70 times) totally: 8.00
Polytopes: 24
reading 69 model configs(plus fixed one,total = 70)
build boundingbox time : 2.00
collision detection box time: 0.00
box collision size: 90
build AABB time : 675.00
build AABB count: 63
The Following result uses AABB directly
total collision time(AABB directly) : 2.00
collision pairs : 62
The Following result uses KCBP(AABB) filter first
build AABB time 4 KCBP : 3.00
kcbp collision size(AABB filter) : 65
kcbp model check count: 63
total collision time(KCBP AABB filter) : 2.00
collision pairs : 61
The Following result uses KCBP(GJK) filter first
init GJK time 4 KCBP : 2.00
kcbp collision size(GJK filter) : 65
total collision time(KCBP GJK filter) : 2.00
collision pairs : 61
models/apple.obj 	points number: 8118
K = 24
ModelNum = 90
ach banchtest (90 times) totally: 94.00
cluster time (90 times) totally: 5.00
normalsize = 24
Projection time banchtest(90 times) CPU(SSE) totaly:28
duality mapping
duality mapping time (90 times) totally: 11.00
Polytopes: 24
reading 89 model configs(plus fixed one,total = 90)
build boundingbox time : 2.00
collision detection box time: 0.00
box collision size: 144
build AABB time : 901.00
build AABB count: 84
The Following result uses AABB directly
total collision time(AABB directly) : 3.00
collision pairs : 103
The Following result uses KCBP(AABB) filter first
build AABB time 4 KCBP : 4.00
kcbp collision size(AABB filter) : 106
kcbp model check count: 84
total collision time(KCBP AABB filter) : 4.00
collision pairs : 103
The Following result uses KCBP(GJK) filter first
init GJK time 4 KCBP : 3.00
kcbp collision size(GJK filter) : 106
total collision time(KCBP GJK filter) : 5.00
collision pairs : 103
models/apple.obj 	points number: 8118
K = 24
ModelNum = 100
ach banchtest (100 times) totally: 96.00
cluster time (100 times) totally: 5.00
normalsize = 24
Projection time banchtest(100 times) CPU(SSE) totaly:32
duality mapping
duality mapping time (100 times) totally: 12.00
Polytopes: 24
reading 99 model configs(plus fixed one,total = 100)
build boundingbox time : 2.00
collision detection box time: 0.00
box collision size: 220
build AABB time : 1003.00
build AABB count: 93
The Following result uses AABB directly
total collision time(AABB directly) : 6.00
collision pairs : 170
The Following result uses KCBP(AABB) filter first
build AABB time 4 KCBP : 4.00
kcbp collision size(AABB filter) : 183
kcbp model check count: 93
total collision time(KCBP AABB filter) : 7.00
collision pairs : 170
The Following result uses KCBP(GJK) filter first
init GJK time 4 KCBP : 5.00
kcbp collision size(GJK filter) : 183
total collision time(KCBP GJK filter) : 7.00
collision pairs : 170
models/apple.obj 	points number: 8118
K = 24
ModelNum = 110
ach banchtest (110 times) totally: 101.00
cluster time (110 times) totally: 5.00
normalsize = 24
Projection time banchtest(110 times) CPU(SSE) totaly:36
duality mapping
duality mapping time (110 times) totally: 12.00
Polytopes: 24
reading 109 model configs(plus fixed one,total = 110)
build boundingbox time : 3.00
collision detection box time: 0.00
box collision size: 239
build AABB time : 1161.00
build AABB count: 106
The Following result uses AABB directly
total collision time(AABB directly) : 5.00
collision pairs : 179
The Following result uses KCBP(AABB) filter first
build AABB time 4 KCBP : 4.00
kcbp collision size(AABB filter) : 186
kcbp model check count: 106
total collision time(KCBP AABB filter) : 6.00
collision pairs : 177
The Following result uses KCBP(GJK) filter first
init GJK time 4 KCBP : 5.00
kcbp collision size(GJK filter) : 186
total collision time(KCBP GJK filter) : 8.00
collision pairs : 177
models/apple.obj 	points number: 8118
K = 24
ModelNum = 130
ach banchtest (130 times) totally: 125.00
cluster time (130 times) totally: 7.00
normalsize = 24
Projection time banchtest(130 times) CPU(SSE) totaly:41
duality mapping
duality mapping time (130 times) totally: 14.00
Polytopes: 24
reading 129 model configs(plus fixed one,total = 130)
build boundingbox time : 3.00
collision detection box time: 0.00
box collision size: 319
build AABB time : 1356.00
build AABB count: 126
The Following result uses AABB directly
total collision time(AABB directly) : 8.00
collision pairs : 234
The Following result uses KCBP(AABB) filter first
build AABB time 4 KCBP : 6.00
kcbp collision size(AABB filter) : 243
kcbp model check count: 126
total collision time(KCBP AABB filter) : 9.00
collision pairs : 234
The Following result uses KCBP(GJK) filter first
init GJK time 4 KCBP : 7.00
kcbp collision size(GJK filter) : 243
total collision time(KCBP GJK filter) : 10.00
collision pairs : 234
models/apple.obj 	points number: 8118
K = 24
ModelNum = 150
ach banchtest (150 times) totally: 137.00
cluster time (150 times) totally: 8.00
normalsize = 24
Projection time banchtest(150 times) CPU(SSE) totaly:47
duality mapping
duality mapping time (150 times) totally: 16.00
Polytopes: 24
reading 149 model configs(plus fixed one,total = 150)
build boundingbox time : 4.00
collision detection box time: 0.00
box collision size: 461
build AABB time : 1605.00
build AABB count: 147
The Following result uses AABB directly
total collision time(AABB directly) : 12.00
collision pairs : 349
The Following result uses KCBP(AABB) filter first
build AABB time 4 KCBP : 6.00
kcbp collision size(AABB filter) : 363
kcbp model check count: 147
total collision time(KCBP AABB filter) : 13.00
collision pairs : 345
The Following result uses KCBP(GJK) filter first
init GJK time 4 KCBP : 10.00
kcbp collision size(GJK filter) : 363
total collision time(KCBP GJK filter) : 15.00
collision pairs : 345
models/apple.obj 	points number: 8118
K = 24
ModelNum = 170
ach banchtest (170 times) totally: 155.00
cluster time (170 times) totally: 9.00
normalsize = 24
Projection time banchtest(170 times) CPU(SSE) totaly:54
duality mapping
duality mapping time (170 times) totally: 20.00
Polytopes: 24
reading 169 model configs(plus fixed one,total = 170)
build boundingbox time : 5.00
collision detection box time: 0.00
box collision size: 500
build AABB time : 1836.00
build AABB count: 170
The Following result uses AABB directly
total collision time(AABB directly) : 14.00
collision pairs : 364
The Following result uses KCBP(AABB) filter first
build AABB time 4 KCBP : 7.00
kcbp collision size(AABB filter) : 388
kcbp model check count: 170
total collision time(KCBP AABB filter) : 15.00
collision pairs : 361
The Following result uses KCBP(GJK) filter first
init GJK time 4 KCBP : 11.00
kcbp collision size(GJK filter) : 388
total collision time(KCBP GJK filter) : 18.00
collision pairs : 361
models/apple.obj 	points number: 8118
K = 24
ModelNum = 200
ach banchtest (200 times) totally: 192.00
cluster time (200 times) totally: 11.00
normalsize = 24
Projection time banchtest(200 times) CPU(SSE) totaly:62
duality mapping
duality mapping time (200 times) totally: 22.00
Polytopes: 24
reading 199 model configs(plus fixed one,total = 200)
build boundingbox time : 5.00
collision detection box time: 1.00
box collision size: 828
build AABB time : 2162.00
build AABB count: 199
The Following result uses AABB directly
total collision time(AABB directly) : 21.00
collision pairs : 604
The Following result uses KCBP(AABB) filter first
build AABB time 4 KCBP : 8.00
kcbp collision size(AABB filter) : 633
kcbp model check count: 199
total collision time(KCBP AABB filter) : 23.00
collision pairs : 598
The Following result uses KCBP(GJK) filter first
init GJK time 4 KCBP : 18.00
kcbp collision size(GJK filter) : 633
total collision time(KCBP GJK filter) : 27.00
collision pairs : 598
