models/budda.obj 	points number: 31232
K = 24
ModelNum = 2
Moving steps : 10
ach banchtest (2 times) totally: 4.00
cluster time (2 times) totally: 0.00
normalsize = 24
Projection time banchtest(2 times) CPU(SSE) totaly:4
duality mapping
duality mapping time (2 times) totally: 0.00
Polytopes: 24
reading 1 model configs(plus fixed one,total = 2)
build boundingbox time : 0.00
init time to build AABBTrees for model and GJK for kcbp (1 pairs): 188.00
reading dynamic config transforms : 10
Collision detection cost time: 0.00
Collisions of kcbp pairs: 0
Collisions of model pairs: 0
models/budda.obj 	points number: 31232
K = 24
ModelNum = 2
Moving steps : 50
ach banchtest (2 times) totally: 4.00
cluster time (2 times) totally: 0.00
normalsize = 24
Projection time banchtest(2 times) CPU(SSE) totaly:3
duality mapping
duality mapping time (2 times) totally: 0.00
Polytopes: 24
reading 1 model configs(plus fixed one,total = 2)
build boundingbox time : 0.00
init time to build AABBTrees for model and GJK for kcbp (1 pairs): 198.00
reading dynamic config transforms : 50
Collision detection cost time: 0.00
Collisions of kcbp pairs: 0
Collisions of model pairs: 0
models/budda.obj 	points number: 31232
K = 24
ModelNum = 2
Moving steps : 100
ach banchtest (2 times) totally: 4.00
cluster time (2 times) totally: 0.00
normalsize = 24
Projection time banchtest(2 times) CPU(SSE) totaly:3
duality mapping
duality mapping time (2 times) totally: 0.00
Polytopes: 24
reading 1 model configs(plus fixed one,total = 2)
build boundingbox time : 0.00
init time to build AABBTrees for model and GJK for kcbp (1 pairs): 192.00
reading dynamic config transforms : 100
Collision detection cost time: 3.00
Collisions of kcbp pairs: 3
Collisions of model pairs: 3
models/budda.obj 	points number: 31232
K = 24
ModelNum = 2
Moving steps : 200
ach banchtest (2 times) totally: 4.00
cluster time (2 times) totally: 0.00
normalsize = 24
Projection time banchtest(2 times) CPU(SSE) totaly:3
duality mapping
duality mapping time (2 times) totally: 0.00
Polytopes: 24
reading 1 model configs(plus fixed one,total = 2)
build boundingbox time : 0.00
init time to build AABBTrees for model and GJK for kcbp (1 pairs): 193.00
reading dynamic config transforms : 200
Collision detection cost time: 3.00
Collisions of kcbp pairs: 1
Collisions of model pairs: 1
models/budda.obj 	points number: 31232
K = 24
ModelNum = 2
Moving steps : 300
ach banchtest (2 times) totally: 4.00
cluster time (2 times) totally: 0.00
normalsize = 24
Projection time banchtest(2 times) CPU(SSE) totaly:4
duality mapping
duality mapping time (2 times) totally: 0.00
Polytopes: 24
reading 1 model configs(plus fixed one,total = 2)
build boundingbox time : 0.00
init time to build AABBTrees for model and GJK for kcbp (1 pairs): 190.00
reading dynamic config transforms : 300
Collision detection cost time: 1.00
Collisions of kcbp pairs: 0
Collisions of model pairs: 0
models/budda.obj 	points number: 31232
K = 24
ModelNum = 2
Moving steps : 400
ach banchtest (2 times) totally: 4.00
cluster time (2 times) totally: 0.00
normalsize = 24
Projection time banchtest(2 times) CPU(SSE) totaly:2
duality mapping
duality mapping time (2 times) totally: 1.00
Polytopes: 24
reading 1 model configs(plus fixed one,total = 2)
build boundingbox time : 0.00
init time to build AABBTrees for model and GJK for kcbp (1 pairs): 193.00
reading dynamic config transforms : 400
Collision detection cost time: 60.00
Collisions of kcbp pairs: 5
Collisions of model pairs: 4
models/budda.obj 	points number: 31232
K = 24
ModelNum = 2
Moving steps : 500
ach banchtest (2 times) totally: 4.00
cluster time (2 times) totally: 0.00
normalsize = 24
Projection time banchtest(2 times) CPU(SSE) totaly:3
duality mapping
duality mapping time (2 times) totally: 1.00
Polytopes: 24
reading 1 model configs(plus fixed one,total = 2)
build boundingbox time : 1.00
init time to build AABBTrees for model and GJK for kcbp (1 pairs): 198.00
reading dynamic config transforms : 500
Collision detection cost time: 20.00
Collisions of kcbp pairs: 7
Collisions of model pairs: 5
models/budda.obj 	points number: 31232
K = 24
ModelNum = 2
Moving steps : 600
ach banchtest (2 times) totally: 4.00
cluster time (2 times) totally: 0.00
normalsize = 24
Projection time banchtest(2 times) CPU(SSE) totaly:3
duality mapping
duality mapping time (2 times) totally: 0.00
Polytopes: 24
reading 1 model configs(plus fixed one,total = 2)
build boundingbox time : 0.00
init time to build AABBTrees for model and GJK for kcbp (1 pairs): 198.00
reading dynamic config transforms : 600
Collision detection cost time: 180.00
Collisions of kcbp pairs: 12
Collisions of model pairs: 12
models/budda.obj 	points number: 31232
K = 24
ModelNum = 2
Moving steps : 700
ach banchtest (2 times) totally: 6.00
cluster time (2 times) totally: 1.00
normalsize = 24
Projection time banchtest(2 times) CPU(SSE) totaly:2
duality mapping
duality mapping time (2 times) totally: 1.00
Polytopes: 24
reading 1 model configs(plus fixed one,total = 2)
build boundingbox time : 0.00
init time to build AABBTrees for model and GJK for kcbp (1 pairs): 197.00
reading dynamic config transforms : 700
Collision detection cost time: 270.00
Collisions of kcbp pairs: 10
Collisions of model pairs: 5
models/budda.obj 	points number: 31232
K = 24
ModelNum = 2
Moving steps : 800
ach banchtest (2 times) totally: 6.00
cluster time (2 times) totally: 1.00
normalsize = 24
Projection time banchtest(2 times) CPU(SSE) totaly:4
duality mapping
duality mapping time (2 times) totally: 0.00
Polytopes: 24
reading 1 model configs(plus fixed one,total = 2)
build boundingbox time : 0.00
init time to build AABBTrees for model and GJK for kcbp (1 pairs): 193.00
reading dynamic config transforms : 800
Collision detection cost time: 141.00
Collisions of kcbp pairs: 13
Collisions of model pairs: 10
models/budda.obj 	points number: 31232
K = 24
ModelNum = 2
Moving steps : 900
ach banchtest (2 times) totally: 3.00
cluster time (2 times) totally: 0.00
normalsize = 24
Projection time banchtest(2 times) CPU(SSE) totaly:3
duality mapping
duality mapping time (2 times) totally: 0.00
Polytopes: 24
reading 1 model configs(plus fixed one,total = 2)
build boundingbox time : 1.00
init time to build AABBTrees for model and GJK for kcbp (1 pairs): 191.00
reading dynamic config transforms : 900
Collision detection cost time: 74.00
Collisions of kcbp pairs: 8
Collisions of model pairs: 8
models/budda.obj 	points number: 31232
K = 24
ModelNum = 2
Moving steps : 1000
ach banchtest (2 times) totally: 3.00
cluster time (2 times) totally: 0.00
normalsize = 24
Projection time banchtest(2 times) CPU(SSE) totaly:3
duality mapping
duality mapping time (2 times) totally: 0.00
Polytopes: 24
reading 1 model configs(plus fixed one,total = 2)
build boundingbox time : 1.00
init time to build AABBTrees for model and GJK for kcbp (1 pairs): 192.00
reading dynamic config transforms : 1000
Collision detection cost time: 320.00
Collisions of kcbp pairs: 16
Collisions of model pairs: 14
