models/budda.obj 	points number: 31232
K = 24
ModelNum = 10
ach banchtest (10 times) totally: 18.00
cluster time (10 times) totally: 1.00
normalsize = 24
Projection time banchtest(10 times) CPU(SSE) totaly:12
duality mapping
duality mapping time (10 times) totally: 1.00
Polytopes: 24
reading 9 model configs(plus fixed one,total = 10)
build boundingbox time : 1.00
collision detection box time: 0.00
box collision size: 2
build AABB time : 284.00
build AABB count: 3
The Following result uses AABB directly
total collision time(AABB directly) : 0.00
collision pairs : 0
The Following result uses KCBP(AABB) filter first
build AABB time 4 KCBP : 0.00
kcbp collision size(AABB filter) : 0
kcbp model check count: 3
total collision time(KCBP AABB filter) : 0.00
collision pairs : 0
The Following result uses KCBP(GJK) filter first
init GJK time 4 KCBP : 0.00
kcbp collision size(GJK filter) : 0
total collision time(KCBP GJK filter) : 0.00
collision pairs : 0
models/budda.obj 	points number: 31232
K = 24
ModelNum = 30
ach banchtest (30 times) totally: 54.00
cluster time (30 times) totally: 3.00
normalsize = 24
Projection time banchtest(30 times) CPU(SSE) totaly:37
duality mapping
duality mapping time (30 times) totally: 3.00
Polytopes: 24
reading 29 model configs(plus fixed one,total = 30)
build boundingbox time : 4.00
collision detection box time: 0.00
box collision size: 34
build AABB time : 2293.00
build AABB count: 25
The Following result uses AABB directly
total collision time(AABB directly) : 15.00
collision pairs : 16
The Following result uses KCBP(AABB) filter first
build AABB time 4 KCBP : 1.00
kcbp collision size(AABB filter) : 18
kcbp model check count: 25
total collision time(KCBP AABB filter) : 16.00
collision pairs : 16
The Following result uses KCBP(GJK) filter first
init GJK time 4 KCBP : 1.00
kcbp collision size(GJK filter) : 18
total collision time(KCBP GJK filter) : 15.00
collision pairs : 16
models/budda.obj 	points number: 31232
K = 24
ModelNum = 50
ach banchtest (50 times) totally: 85.00
cluster time (50 times) totally: 4.00
normalsize = 24
Projection time banchtest(50 times) CPU(SSE) totaly:63
duality mapping
duality mapping time (50 times) totally: 5.00
Polytopes: 24
reading 49 model configs(plus fixed one,total = 50)
build boundingbox time : 6.00
collision detection box time: 0.00
box collision size: 52
build AABB time : 3949.00
build AABB count: 44
The Following result uses AABB directly
total collision time(AABB directly) : 8.00
collision pairs : 21
The Following result uses KCBP(AABB) filter first
build AABB time 4 KCBP : 2.00
kcbp collision size(AABB filter) : 29
kcbp model check count: 44
total collision time(KCBP AABB filter) : 6.00
collision pairs : 21
The Following result uses KCBP(GJK) filter first
init GJK time 4 KCBP : 1.00
kcbp collision size(GJK filter) : 29
total collision time(KCBP GJK filter) : 6.00
collision pairs : 21
models/budda.obj 	points number: 31232
K = 24
ModelNum = 70
ach banchtest (70 times) totally: 119.00
cluster time (70 times) totally: 6.00
normalsize = 24
Projection time banchtest(70 times) CPU(SSE) totaly:86
duality mapping
duality mapping time (70 times) totally: 7.00
Polytopes: 24
reading 69 model configs(plus fixed one,total = 70)
build boundingbox time : 7.00
collision detection box time: 0.00
box collision size: 100
build AABB time : 5790.00
build AABB count: 64
The Following result uses AABB directly
total collision time(AABB directly) : 60.00
collision pairs : 39
The Following result uses KCBP(AABB) filter first
build AABB time 4 KCBP : 3.00
kcbp collision size(AABB filter) : 51
kcbp model check count: 64
total collision time(KCBP AABB filter) : 59.00
collision pairs : 39
The Following result uses KCBP(GJK) filter first
init GJK time 4 KCBP : 2.00
kcbp collision size(GJK filter) : 51
total collision time(KCBP GJK filter) : 59.00
collision pairs : 39
models/budda.obj 	points number: 31232
K = 24
ModelNum = 90
ach banchtest (90 times) totally: 153.00
cluster time (90 times) totally: 7.00
normalsize = 24
Projection time banchtest(90 times) CPU(SSE) totaly:114
duality mapping
duality mapping time (90 times) totally: 9.00
Polytopes: 24
reading 89 model configs(plus fixed one,total = 90)
build boundingbox time : 8.00
collision detection box time: 0.00
box collision size: 145
build AABB time : 7516.00
build AABB count: 84
The Following result uses AABB directly
total collision time(AABB directly) : 82.00
collision pairs : 65
The Following result uses KCBP(AABB) filter first
build AABB time 4 KCBP : 4.00
kcbp collision size(AABB filter) : 84
kcbp model check count: 84
total collision time(KCBP AABB filter) : 72.00
collision pairs : 65
The Following result uses KCBP(GJK) filter first
init GJK time 4 KCBP : 3.00
kcbp collision size(GJK filter) : 84
total collision time(KCBP GJK filter) : 71.00
collision pairs : 65
models/budda.obj 	points number: 31232
K = 24
ModelNum = 100
ach banchtest (100 times) totally: 169.00
cluster time (100 times) totally: 8.00
normalsize = 24
Projection time banchtest(100 times) CPU(SSE) totaly:127
duality mapping
duality mapping time (100 times) totally: 11.00
Polytopes: 24
reading 99 model configs(plus fixed one,total = 100)
build boundingbox time : 10.00
collision detection box time: 0.00
box collision size: 237
build AABB time : 8340.00
build AABB count: 93
The Following result uses AABB directly
total collision time(AABB directly) : 127.00
collision pairs : 113
The Following result uses KCBP(AABB) filter first
build AABB time 4 KCBP : 4.00
kcbp collision size(AABB filter) : 140
kcbp model check count: 93
total collision time(KCBP AABB filter) : 94.00
collision pairs : 113
The Following result uses KCBP(GJK) filter first
init GJK time 4 KCBP : 5.00
kcbp collision size(GJK filter) : 140
total collision time(KCBP GJK filter) : 94.00
collision pairs : 113
models/budda.obj 	points number: 31232
K = 24
ModelNum = 110
ach banchtest (110 times) totally: 185.00
cluster time (110 times) totally: 8.00
normalsize = 24
Projection time banchtest(110 times) CPU(SSE) totaly:141
duality mapping
duality mapping time (110 times) totally: 11.00
Polytopes: 24
reading 109 model configs(plus fixed one,total = 110)
build boundingbox time : 11.00
collision detection box time: 0.00
box collision size: 244
build AABB time : 9188.00
build AABB count: 102
The Following result uses AABB directly
total collision time(AABB directly) : 115.00
collision pairs : 114
The Following result uses KCBP(AABB) filter first
build AABB time 4 KCBP : 4.00
kcbp collision size(AABB filter) : 149
kcbp model check count: 102
total collision time(KCBP AABB filter) : 101.00
collision pairs : 114
The Following result uses KCBP(GJK) filter first
init GJK time 4 KCBP : 5.00
kcbp collision size(GJK filter) : 149
total collision time(KCBP GJK filter) : 101.00
collision pairs : 114
models/budda.obj 	points number: 31232
K = 24
ModelNum = 130
ach banchtest (130 times) totally: 217.00
cluster time (130 times) totally: 10.00
normalsize = 24
Projection time banchtest(130 times) CPU(SSE) totaly:161
models/budda.obj 	points number: 31232
K = 24
ModelNum = 150
ach banchtest (150 times) totally: 255.00
cluster time (150 times) totally: 12.00
normalsize = 24
Projection time banchtest(150 times) CPU(SSE) totaly:193
models/budda.obj 	points number: 31232
K = 24
ModelNum = 170
ach banchtest (170 times) totally: 289.00
cluster time (170 times) totally: 13.00
normalsize = 24
Projection time banchtest(170 times) CPU(SSE) totaly:215
