models/bunny2.obj 	points number: 2503
K = 8
ModelNum = 40
ach banchtest (40 times) totally: 39.00
cluster time (40 times) totally: 2.00
normalsize = 8
Projection time banchtest(40 times) CPU(SSE) totaly:2
duality mapping
duality mapping time (40 times) totally: 1.00
Polytopes: 8
reading 39 model configs(plus fixed one,total = 40)
build boundingbox time : 0.00
collision detection box time: 0.00
box collision size: 42
build AABB time : 206.00
build AABB count: 38
The Following result uses KCBP(AABB) filter first
build AABB time 4 KCBP : 0.00
kcbp collision size(AABB filter) : 25
kcbp model check count: 38
total collision time(KCBP AABB filter) : 1.00
collision pairs : 19
The Following result uses KCBP(GJK) filter first
init GJK time 4 KCBP : 0.00
kcbp collision size(GJK filter) : 25
total collision time(KCBP GJK filter) : 1.00
collision pairs : 19
models/bunny2.obj 	points number: 2503
K = 10
ModelNum = 40
ach banchtest (40 times) totally: 22.00
cluster time (40 times) totally: 2.00
normalsize = 10
Projection time banchtest(40 times) CPU(SSE) totaly:2
duality mapping
duality mapping time (40 times) totally: 1.00
Polytopes: 10
reading 39 model configs(plus fixed one,total = 40)
build boundingbox time : 0.00
collision detection box time: 0.00
box collision size: 42
build AABB time : 205.00
build AABB count: 38
The Following result uses KCBP(AABB) filter first
build AABB time 4 KCBP : 1.00
kcbp collision size(AABB filter) : 24
kcbp model check count: 38
total collision time(KCBP AABB filter) : 0.00
collision pairs : 19
The Following result uses KCBP(GJK) filter first
init GJK time 4 KCBP : 1.00
kcbp collision size(GJK filter) : 24
total collision time(KCBP GJK filter) : 0.00
collision pairs : 19
models/bunny2.obj 	points number: 2503
K = 12
ModelNum = 40
ach banchtest (40 times) totally: 29.00
cluster time (40 times) totally: 3.00
normalsize = 12
Projection time banchtest(40 times) CPU(SSE) totaly:2
duality mapping
duality mapping time (40 times) totally: 2.00
Polytopes: 12
reading 39 model configs(plus fixed one,total = 40)
build boundingbox time : 0.00
collision detection box time: 0.00
box collision size: 42
build AABB time : 209.00
build AABB count: 38
The Following result uses KCBP(AABB) filter first
build AABB time 4 KCBP : 1.00
kcbp collision size(AABB filter) : 24
kcbp model check count: 38
total collision time(KCBP AABB filter) : 1.00
collision pairs : 19
The Following result uses KCBP(GJK) filter first
init GJK time 4 KCBP : 0.00
kcbp collision size(GJK filter) : 24
total collision time(KCBP GJK filter) : 1.00
collision pairs : 19
models/bunny2.obj 	points number: 2503
K = 14
ModelNum = 40
ach banchtest (40 times) totally: 22.00
cluster time (40 times) totally: 3.00
normalsize = 14
Projection time banchtest(40 times) CPU(SSE) totaly:3
duality mapping
duality mapping time (40 times) totally: 2.00
Polytopes: 14
reading 39 model configs(plus fixed one,total = 40)
build boundingbox time : 0.00
collision detection box time: 0.00
box collision size: 42
build AABB time : 205.00
build AABB count: 38
The Following result uses KCBP(AABB) filter first
build AABB time 4 KCBP : 0.00
kcbp collision size(AABB filter) : 23
kcbp model check count: 38
total collision time(KCBP AABB filter) : 1.00
collision pairs : 19
The Following result uses KCBP(GJK) filter first
init GJK time 4 KCBP : 1.00
kcbp collision size(GJK filter) : 23
total collision time(KCBP GJK filter) : 0.00
collision pairs : 19
models/bunny2.obj 	points number: 2503
K = 16
ModelNum = 40
ach banchtest (40 times) totally: 34.00
cluster time (40 times) totally: 3.00
normalsize = 16
Projection time banchtest(40 times) CPU(SSE) totaly:3
duality mapping
duality mapping time (40 times) totally: 3.00
Polytopes: 16
reading 39 model configs(plus fixed one,total = 40)
build boundingbox time : 0.00
collision detection box time: 0.00
box collision size: 42
build AABB time : 206.00
build AABB count: 38
The Following result uses KCBP(AABB) filter first
build AABB time 4 KCBP : 1.00
kcbp collision size(AABB filter) : 22
kcbp model check count: 38
total collision time(KCBP AABB filter) : 1.00
collision pairs : 19
The Following result uses KCBP(GJK) filter first
init GJK time 4 KCBP : 0.00
kcbp collision size(GJK filter) : 22
total collision time(KCBP GJK filter) : 1.00
collision pairs : 19
models/bunny2.obj 	points number: 2503
K = 18
ModelNum = 40
ach banchtest (40 times) totally: 35.00
cluster time (40 times) totally: 3.00
normalsize = 18
Projection time banchtest(40 times) CPU(SSE) totaly:3
duality mapping
duality mapping time (40 times) totally: 4.00
Polytopes: 18
reading 39 model configs(plus fixed one,total = 40)
build boundingbox time : 0.00
collision detection box time: 0.00
box collision size: 42
build AABB time : 205.00
build AABB count: 38
The Following result uses KCBP(AABB) filter first
build AABB time 4 KCBP : 1.00
kcbp collision size(AABB filter) : 22
kcbp model check count: 38
total collision time(KCBP AABB filter) : 1.00
collision pairs : 19
The Following result uses KCBP(GJK) filter first
init GJK time 4 KCBP : 1.00
kcbp collision size(GJK filter) : 22
total collision time(KCBP GJK filter) : 0.00
collision pairs : 19
models/bunny2.obj 	points number: 2503
K = 20
ModelNum = 40
ach banchtest (40 times) totally: 24.00
cluster time (40 times) totally: 3.00
normalsize = 20
Projection time banchtest(40 times) CPU(SSE) totaly:3
duality mapping
duality mapping time (40 times) totally: 4.00
Polytopes: 20
reading 39 model configs(plus fixed one,total = 40)
build boundingbox time : 1.00
collision detection box time: 0.00
box collision size: 42
build AABB time : 205.00
build AABB count: 38
The Following result uses KCBP(AABB) filter first
build AABB time 4 KCBP : 1.00
kcbp collision size(AABB filter) : 21
kcbp model check count: 38
total collision time(KCBP AABB filter) : 1.00
collision pairs : 19
The Following result uses KCBP(GJK) filter first
init GJK time 4 KCBP : 1.00
kcbp collision size(GJK filter) : 21
total collision time(KCBP GJK filter) : 0.00
collision pairs : 19
models/bunny2.obj 	points number: 2503
K = 22
ModelNum = 40
ach banchtest (40 times) totally: 33.00
cluster time (40 times) totally: 4.00
normalsize = 22
Projection time banchtest(40 times) CPU(SSE) totaly:5
duality mapping
duality mapping time (40 times) totally: 4.00
Polytopes: 22
reading 39 model configs(plus fixed one,total = 40)
build boundingbox time : 0.00
collision detection box time: 0.00
box collision size: 42
build AABB time : 204.00
build AABB count: 38
The Following result uses KCBP(AABB) filter first
build AABB time 4 KCBP : 2.00
kcbp collision size(AABB filter) : 21
kcbp model check count: 38
total collision time(KCBP AABB filter) : 0.00
collision pairs : 19
The Following result uses KCBP(GJK) filter first
init GJK time 4 KCBP : 1.00
kcbp collision size(GJK filter) : 21
total collision time(KCBP GJK filter) : 0.00
collision pairs : 19
models/bunny2.obj 	points number: 2503
K = 24
ModelNum = 40
ach banchtest (40 times) totally: 27.00
cluster time (40 times) totally: 3.00
normalsize = 24
Projection time banchtest(40 times) CPU(SSE) totaly:4
duality mapping
duality mapping time (40 times) totally: 5.00
Polytopes: 24
reading 39 model configs(plus fixed one,total = 40)
build boundingbox time : 0.00
collision detection box time: 0.00
box collision size: 42
build AABB time : 203.00
build AABB count: 38
The Following result uses KCBP(AABB) filter first
build AABB time 4 KCBP : 2.00
kcbp collision size(AABB filter) : 21
kcbp model check count: 38
total collision time(KCBP AABB filter) : 1.00
collision pairs : 19
The Following result uses KCBP(GJK) filter first
init GJK time 4 KCBP : 1.00
kcbp collision size(GJK filter) : 21
total collision time(KCBP GJK filter) : 0.00
collision pairs : 19
models/bunny2.obj 	points number: 2503
K = 26
ModelNum = 40
ach banchtest (40 times) totally: 32.00
cluster time (40 times) totally: 3.00
normalsize = 26
Projection time banchtest(40 times) CPU(SSE) totaly:4
duality mapping
duality mapping time (40 times) totally: 5.00
Polytopes: 26
reading 39 model configs(plus fixed one,total = 40)
build boundingbox time : 0.00
collision detection box time: 0.00
box collision size: 42
build AABB time : 204.00
build AABB count: 38
The Following result uses KCBP(AABB) filter first
build AABB time 4 KCBP : 2.00
kcbp collision size(AABB filter) : 21
kcbp model check count: 38
total collision time(KCBP AABB filter) : 1.00
collision pairs : 19
The Following result uses KCBP(GJK) filter first
init GJK time 4 KCBP : 1.00
kcbp collision size(GJK filter) : 21
total collision time(KCBP GJK filter) : 0.00
collision pairs : 19
models/bunny2.obj 	points number: 2503
K = 28
ModelNum = 40
ach banchtest (40 times) totally: 23.00
cluster time (40 times) totally: 4.00
normalsize = 28
Projection time banchtest(40 times) CPU(SSE) totaly:5
duality mapping
duality mapping time (40 times) totally: 6.00
Polytopes: 28
reading 39 model configs(plus fixed one,total = 40)
build boundingbox time : 1.00
collision detection box time: 0.00
box collision size: 42
build AABB time : 203.00
build AABB count: 38
The Following result uses KCBP(AABB) filter first
build AABB time 4 KCBP : 2.00
kcbp collision size(AABB filter) : 21
kcbp model check count: 38
total collision time(KCBP AABB filter) : 0.00
collision pairs : 19
The Following result uses KCBP(GJK) filter first
init GJK time 4 KCBP : 1.00
kcbp collision size(GJK filter) : 21
total collision time(KCBP GJK filter) : 0.00
collision pairs : 19
models/bunny2.obj 	points number: 2503
K = 30
ModelNum = 40
ach banchtest (40 times) totally: 30.00
cluster time (40 times) totally: 4.00
normalsize = 30
Projection time banchtest(40 times) CPU(SSE) totaly:5
duality mapping
duality mapping time (40 times) totally: 6.00
Polytopes: 30
reading 39 model configs(plus fixed one,total = 40)
build boundingbox time : 0.00
collision detection box time: 0.00
box collision size: 42
build AABB time : 205.00
build AABB count: 38
The Following result uses KCBP(AABB) filter first
build AABB time 4 KCBP : 2.00
kcbp collision size(AABB filter) : 21
kcbp model check count: 38
total collision time(KCBP AABB filter) : 1.00
collision pairs : 19
The Following result uses KCBP(GJK) filter first
init GJK time 4 KCBP : 2.00
kcbp collision size(GJK filter) : 21
total collision time(KCBP GJK filter) : 0.00
collision pairs : 19
models/bunny2.obj 	points number: 2503
K = 32
ModelNum = 40
ach banchtest (40 times) totally: 24.00
cluster time (40 times) totally: 4.00
normalsize = 32
Projection time banchtest(40 times) CPU(SSE) totaly:6
duality mapping
duality mapping time (40 times) totally: 6.00
Polytopes: 32
reading 39 model configs(plus fixed one,total = 40)
build boundingbox time : 1.00
collision detection box time: 0.00
box collision size: 42
build AABB time : 205.00
build AABB count: 38
The Following result uses KCBP(AABB) filter first
build AABB time 4 KCBP : 2.00
kcbp collision size(AABB filter) : 21
kcbp model check count: 38
total collision time(KCBP AABB filter) : 1.00
collision pairs : 19
The Following result uses KCBP(GJK) filter first
init GJK time 4 KCBP : 2.00
kcbp collision size(GJK filter) : 21
total collision time(KCBP GJK filter) : 0.00
collision pairs : 19
models/bunny2.obj 	points number: 2503
K = 34
ModelNum = 40
ach banchtest (40 times) totally: 44.00
cluster time (40 times) totally: 3.00
normalsize = 34
Projection time banchtest(40 times) CPU(SSE) totaly:6
duality mapping
duality mapping time (40 times) totally: 7.00
Polytopes: 34
reading 39 model configs(plus fixed one,total = 40)
build boundingbox time : 0.00
collision detection box time: 0.00
box collision size: 42
build AABB time : 207.00
build AABB count: 38
The Following result uses KCBP(AABB) filter first
build AABB time 4 KCBP : 3.00
kcbp collision size(AABB filter) : 21
kcbp model check count: 38
total collision time(KCBP AABB filter) : 1.00
collision pairs : 19
The Following result uses KCBP(GJK) filter first
init GJK time 4 KCBP : 1.00
kcbp collision size(GJK filter) : 21
total collision time(KCBP GJK filter) : 1.00
collision pairs : 19
models/bunny2.obj 	points number: 2503
K = 36
ModelNum = 40
ach banchtest (40 times) totally: 22.00
cluster time (40 times) totally: 4.00
normalsize = 35
Projection time banchtest(40 times) CPU(SSE) totaly:6
duality mapping
duality mapping time (40 times) totally: 7.00
Polytopes: 35
reading 39 model configs(plus fixed one,total = 40)
build boundingbox time : 0.00
collision detection box time: 0.00
box collision size: 42
build AABB time : 207.00
build AABB count: 38
The Following result uses KCBP(AABB) filter first
build AABB time 4 KCBP : 2.00
kcbp collision size(AABB filter) : 21
kcbp model check count: 38
total collision time(KCBP AABB filter) : 1.00
collision pairs : 19
The Following result uses KCBP(GJK) filter first
init GJK time 4 KCBP : 2.00
kcbp collision size(GJK filter) : 21
total collision time(KCBP GJK filter) : 0.00
collision pairs : 19
models/bunny2.obj 	points number: 2503
K = 38
ModelNum = 40
ach banchtest (40 times) totally: 28.00
cluster time (40 times) totally: 6.00
normalsize = 38
Projection time banchtest(40 times) CPU(SSE) totaly:6
duality mapping
duality mapping time (40 times) totally: 8.00
Polytopes: 38
reading 39 model configs(plus fixed one,total = 40)
build boundingbox time : 1.00
collision detection box time: 0.00
box collision size: 42
build AABB time : 205.00
build AABB count: 38
The Following result uses KCBP(AABB) filter first
build AABB time 4 KCBP : 3.00
kcbp collision size(AABB filter) : 21
kcbp model check count: 38
total collision time(KCBP AABB filter) : 1.00
collision pairs : 19
The Following result uses KCBP(GJK) filter first
init GJK time 4 KCBP : 2.00
kcbp collision size(GJK filter) : 21
total collision time(KCBP GJK filter) : 0.00
collision pairs : 19
models/bunny2.obj 	points number: 2503
K = 40
ModelNum = 40
ach banchtest (40 times) totally: 35.00
cluster time (40 times) totally: 5.00
normalsize = 39
Projection time banchtest(40 times) CPU(SSE) totaly:6
duality mapping
duality mapping time (40 times) totally: 8.00
Polytopes: 39
reading 39 model configs(plus fixed one,total = 40)
build boundingbox time : 0.00
collision detection box time: 0.00
box collision size: 42
build AABB time : 206.00
build AABB count: 38
The Following result uses KCBP(AABB) filter first
build AABB time 4 KCBP : 3.00
kcbp collision size(AABB filter) : 21
kcbp model check count: 38
total collision time(KCBP AABB filter) : 1.00
collision pairs : 19
The Following result uses KCBP(GJK) filter first
init GJK time 4 KCBP : 2.00
kcbp collision size(GJK filter) : 21
total collision time(KCBP GJK filter) : 0.00
collision pairs : 19
models/bunny2.obj 	points number: 2503
K = 42
ModelNum = 40
ach banchtest (40 times) totally: 37.00
cluster time (40 times) totally: 4.00
normalsize = 42
Projection time banchtest(40 times) CPU(SSE) totaly:7
duality mapping
duality mapping time (40 times) totally: 9.00
Polytopes: 42
reading 39 model configs(plus fixed one,total = 40)
build boundingbox time : 1.00
collision detection box time: 0.00
box collision size: 42
build AABB time : 205.00
build AABB count: 38
The Following result uses KCBP(AABB) filter first
build AABB time 4 KCBP : 3.00
kcbp collision size(AABB filter) : 21
kcbp model check count: 38
total collision time(KCBP AABB filter) : 1.00
collision pairs : 19
The Following result uses KCBP(GJK) filter first
init GJK time 4 KCBP : 1.00
kcbp collision size(GJK filter) : 21
total collision time(KCBP GJK filter) : 1.00
collision pairs : 19
models/bunny2.obj 	points number: 2503
K = 44
ModelNum = 40
ach banchtest (40 times) totally: 26.00
cluster time (40 times) totally: 3.00
normalsize = 44
Projection time banchtest(40 times) CPU(SSE) totaly:8
duality mapping
duality mapping time (40 times) totally: 9.00
Polytopes: 44
reading 39 model configs(plus fixed one,total = 40)
build boundingbox time : 0.00
collision detection box time: 0.00
box collision size: 42
build AABB time : 207.00
build AABB count: 38
The Following result uses KCBP(AABB) filter first
build AABB time 4 KCBP : 3.00
kcbp collision size(AABB filter) : 21
kcbp model check count: 38
total collision time(KCBP AABB filter) : 1.00
collision pairs : 19
The Following result uses KCBP(GJK) filter first
init GJK time 4 KCBP : 3.00
kcbp collision size(GJK filter) : 21
total collision time(KCBP GJK filter) : 1.00
collision pairs : 19
models/bunny2.obj 	points number: 2503
K = 46
ModelNum = 40
ach banchtest (40 times) totally: 39.00
cluster time (40 times) totally: 5.00
normalsize = 46
Projection time banchtest(40 times) CPU(SSE) totaly:7
duality mapping
duality mapping time (40 times) totally: 11.00
Polytopes: 46
reading 39 model configs(plus fixed one,total = 40)
build boundingbox time : 1.00
collision detection box time: 0.00
box collision size: 42
build AABB time : 205.00
build AABB count: 38
The Following result uses KCBP(AABB) filter first
build AABB time 4 KCBP : 4.00
kcbp collision size(AABB filter) : 21
kcbp model check count: 38
total collision time(KCBP AABB filter) : 1.00
collision pairs : 19
The Following result uses KCBP(GJK) filter first
init GJK time 4 KCBP : 2.00
kcbp collision size(GJK filter) : 21
total collision time(KCBP GJK filter) : 1.00
collision pairs : 19
