models/alice.obj 	points number: 224291
K = 16
ModelNum = 2
Moving steps : 10
ach banchtest (2 times) totally: 17.00
cluster time (2 times) totally: 0.00
normalsize = 16
Projection time banchtest(2 times) CPU(SSE) totaly:13
duality mapping
duality mapping time (2 times) totally: 0.00
Polytopes: 16
reading 1 model configs(plus fixed one,total = 2)
build boundingbox time : 1.00
init time to build AABBTrees for model and GJK for kcbp (1 pairs): 900.00
rand config write to :04-16-10-24-10-rand.config
reading dynamic config transforms : 10
Collision detection cost time: 0.00
Collisions of kcbp pairs: 0
Collisions of model pairs: 0
models/alice.obj 	points number: 224291
K = 16
ModelNum = 2
Moving steps : 50
ach banchtest (2 times) totally: 17.00
cluster time (2 times) totally: 0.00
normalsize = 16
Projection time banchtest(2 times) CPU(SSE) totaly:14
duality mapping
duality mapping time (2 times) totally: 0.00
Polytopes: 16
reading 1 model configs(plus fixed one,total = 2)
build boundingbox time : 1.00
init time to build AABBTrees for model and GJK for kcbp (1 pairs): 874.00
rand config write to :04-16-10-24-50-rand.config
reading dynamic config transforms : 50
Collision detection cost time: 0.00
Collisions of kcbp pairs: 0
Collisions of model pairs: 0
models/alice.obj 	points number: 224291
K = 16
ModelNum = 2
Moving steps : 100
ach banchtest (2 times) totally: 17.00
cluster time (2 times) totally: 1.00
normalsize = 16
Projection time banchtest(2 times) CPU(SSE) totaly:13
duality mapping
duality mapping time (2 times) totally: 0.00
Polytopes: 16
reading 1 model configs(plus fixed one,total = 2)
build boundingbox time : 1.00
init time to build AABBTrees for model and GJK for kcbp (1 pairs): 874.00
rand config write to :04-16-10-24-100-rand.config
reading dynamic config transforms : 100
Collision detection cost time: 174.00
Collisions of kcbp pairs: 2
Collisions of model pairs: 2
models/alice.obj 	points number: 224291
K = 16
ModelNum = 2
Moving steps : 200
ach banchtest (2 times) totally: 18.00
cluster time (2 times) totally: 1.00
normalsize = 16
Projection time banchtest(2 times) CPU(SSE) totaly:14
duality mapping
duality mapping time (2 times) totally: 0.00
Polytopes: 16
reading 1 model configs(plus fixed one,total = 2)
build boundingbox time : 1.00
init time to build AABBTrees for model and GJK for kcbp (1 pairs): 867.00
rand config write to :04-16-10-24-200-rand.config
reading dynamic config transforms : 200
Collision detection cost time: 433.00
Collisions of kcbp pairs: 1
Collisions of model pairs: 1
models/alice.obj 	points number: 224291
K = 16
ModelNum = 2
Moving steps : 300
ach banchtest (2 times) totally: 17.00
cluster time (2 times) totally: 0.00
normalsize = 16
Projection time banchtest(2 times) CPU(SSE) totaly:14
duality mapping
duality mapping time (2 times) totally: 0.00
Polytopes: 16
reading 1 model configs(plus fixed one,total = 2)
build boundingbox time : 2.00
init time to build AABBTrees for model and GJK for kcbp (1 pairs): 874.00
rand config write to :04-16-10-24-300-rand.config
reading dynamic config transforms : 300
Collision detection cost time: 0.00
Collisions of kcbp pairs: 0
Collisions of model pairs: 0
models/alice.obj 	points number: 224291
K = 16
ModelNum = 2
Moving steps : 400
ach banchtest (2 times) totally: 17.00
cluster time (2 times) totally: 0.00
normalsize = 16
Projection time banchtest(2 times) CPU(SSE) totaly:13
duality mapping
duality mapping time (2 times) totally: 1.00
Polytopes: 16
reading 1 model configs(plus fixed one,total = 2)
build boundingbox time : 1.00
init time to build AABBTrees for model and GJK for kcbp (1 pairs): 876.00
rand config write to :04-16-10-24-400-rand.config
reading dynamic config transforms : 400
Collision detection cost time: 170.00
Collisions of kcbp pairs: 3
Collisions of model pairs: 2
models/alice.obj 	points number: 224291
K = 16
ModelNum = 2
Moving steps : 500
ach banchtest (2 times) totally: 17.00
cluster time (2 times) totally: 0.00
normalsize = 16
Projection time banchtest(2 times) CPU(SSE) totaly:14
duality mapping
duality mapping time (2 times) totally: 0.00
Polytopes: 16
reading 1 model configs(plus fixed one,total = 2)
build boundingbox time : 1.00
init time to build AABBTrees for model and GJK for kcbp (1 pairs): 866.00
rand config write to :04-16-10-24-500-rand.config
reading dynamic config transforms : 500
Collision detection cost time: 826.00
Collisions of kcbp pairs: 5
Collisions of model pairs: 5
models/alice.obj 	points number: 224291
K = 16
ModelNum = 2
Moving steps : 600
ach banchtest (2 times) totally: 17.00
cluster time (2 times) totally: 0.00
normalsize = 16
Projection time banchtest(2 times) CPU(SSE) totaly:14
duality mapping
duality mapping time (2 times) totally: 0.00
Polytopes: 16
reading 1 model configs(plus fixed one,total = 2)
build boundingbox time : 2.00
init time to build AABBTrees for model and GJK for kcbp (1 pairs): 869.00
rand config write to :04-16-10-24-600-rand.config
reading dynamic config transforms : 600
Collision detection cost time: 709.00
Collisions of kcbp pairs: 5
Collisions of model pairs: 4
models/alice.obj 	points number: 224291
K = 16
ModelNum = 2
Moving steps : 700
ach banchtest (2 times) totally: 17.00
cluster time (2 times) totally: 0.00
normalsize = 16
Projection time banchtest(2 times) CPU(SSE) totaly:14
duality mapping
duality mapping time (2 times) totally: 0.00
Polytopes: 16
reading 1 model configs(plus fixed one,total = 2)
build boundingbox time : 2.00
init time to build AABBTrees for model and GJK for kcbp (1 pairs): 865.00
rand config write to :04-16-10-24-700-rand.config
reading dynamic config transforms : 700
Collision detection cost time: 703.00
Collisions of kcbp pairs: 4
Collisions of model pairs: 3
models/alice.obj 	points number: 224291
K = 16
ModelNum = 2
Moving steps : 800
ach banchtest (2 times) totally: 17.00
cluster time (2 times) totally: 0.00
normalsize = 16
Projection time banchtest(2 times) CPU(SSE) totaly:13
duality mapping
duality mapping time (2 times) totally: 1.00
Polytopes: 16
reading 1 model configs(plus fixed one,total = 2)
build boundingbox time : 2.00
init time to build AABBTrees for model and GJK for kcbp (1 pairs): 865.00
rand config write to :04-16-10-24-800-rand.config
reading dynamic config transforms : 800
Collision detection cost time: 1009.00
Collisions of kcbp pairs: 5
Collisions of model pairs: 4
models/alice.obj 	points number: 224291
K = 16
ModelNum = 2
Moving steps : 900
ach banchtest (2 times) totally: 17.00
cluster time (2 times) totally: 0.00
normalsize = 16
Projection time banchtest(2 times) CPU(SSE) totaly:13
duality mapping
duality mapping time (2 times) totally: 0.00
Polytopes: 16
reading 1 model configs(plus fixed one,total = 2)
build boundingbox time : 2.00
init time to build AABBTrees for model and GJK for kcbp (1 pairs): 867.00
rand config write to :04-16-10-24-900-rand.config
reading dynamic config transforms : 900
Collision detection cost time: 408.00
Collisions of kcbp pairs: 4
Collisions of model pairs: 3
models/alice.obj 	points number: 224291
K = 16
ModelNum = 2
Moving steps : 1000
ach banchtest (2 times) totally: 17.00
cluster time (2 times) totally: 0.00
normalsize = 16
Projection time banchtest(2 times) CPU(SSE) totaly:14
duality mapping
duality mapping time (2 times) totally: 0.00
Polytopes: 16
reading 1 model configs(plus fixed one,total = 2)
build boundingbox time : 1.00
init time to build AABBTrees for model and GJK for kcbp (1 pairs): 866.00
rand config write to :04-16-10-24-1000-rand.config
reading dynamic config transforms : 1000
Collision detection cost time: 1690.00
Collisions of kcbp pairs: 10
Collisions of model pairs: 8
