D:\github\libccd\build\Release\ccd.lib
D:\github\libccd\build\Release\ccd.exp
D:\GITHUB\LIBCCD\BUILD\CCD.DIR\RELEASE\VEC3.OBJ
D:\GITHUB\LIBCCD\BUILD\CCD.DIR\RELEASE\SUPPORT.OBJ
D:\GITHUB\LIBCCD\BUILD\CCD.DIR\RELEASE\POLYTOPE.OBJ
D:\GITHUB\LIBCCD\BUILD\CCD.DIR\RELEASE\MPR.OBJ
D:\GITHUB\LIBCCD\BUILD\CCD.DIR\RELEASE\CCD.OBJ
D:\GITHUB\LIBCCD\BUILD\CMAKEFILES\GENERATE.STAMP
D:\GITHUB\LIBCCD\BUILD\RELEASE\CCD.DLL
D:\github\libccd\build\ccd.dir\Release\ccd.obj
D:\github\libccd\build\ccd.dir\Release\mpr.obj
D:\github\libccd\build\ccd.dir\Release\polytope.obj
D:\github\libccd\build\ccd.dir\Release\support.obj
D:\github\libccd\build\ccd.dir\Release\vec3.obj
D:\github\libccd\build\ccd.dir\Release\ccd.write.1.tlog
D:\github\libccd\build\ccd.dir\Release\cl.command.1.tlog
D:\github\libccd\build\ccd.dir\Release\CL.read.1.tlog
D:\github\libccd\build\ccd.dir\Release\CL.write.1.tlog
D:\github\libccd\build\ccd.dir\Release\custombuild.command.1.tlog
D:\github\libccd\build\ccd.dir\Release\custombuild.read.1.tlog
D:\github\libccd\build\ccd.dir\Release\custombuild.write.1.tlog
D:\github\libccd\build\ccd.dir\Release\link-cvtres.read.1.tlog
D:\github\libccd\build\ccd.dir\Release\link-cvtres.write.1.tlog
D:\github\libccd\build\ccd.dir\Release\link-rc.read.1.tlog
D:\github\libccd\build\ccd.dir\Release\link-rc.write.1.tlog
D:\github\libccd\build\ccd.dir\Release\link.command.1.tlog
D:\github\libccd\build\ccd.dir\Release\link.read.1.tlog
D:\github\libccd\build\ccd.dir\Release\link.write.1.tlog
D:\github\libccd\build\Release\ccd.dll
