D:\GITHUB\LIBCCD\BUILD\CCD_STATIC.DIR\RELEASE\VEC3.OBJ
D:\GITHUB\LIBCCD\BUILD\CCD_STATIC.DIR\RELEASE\SUPPORT.OBJ
D:\GITHUB\LIBCCD\BUILD\CCD_STATIC.DIR\RELEASE\POLYTOPE.OBJ
D:\GITHUB\LIBCCD\BUILD\CCD_STATIC.DIR\RELEASE\MPR.OBJ
D:\GITHUB\LIBCCD\BUILD\CCD_STATIC.DIR\RELEASE\CCD.OBJ
D:\GITHUB\LIBCCD\BUILD\CMAKEFILES\GENERATE.STAMP
D:\GITHUB\LIBCCD\BUILD\RELEASE\CCD.LIB
D:\github\libccd\build\ccd_static.dir\Release\ccd.obj
D:\github\libccd\build\ccd_static.dir\Release\mpr.obj
D:\github\libccd\build\ccd_static.dir\Release\polytope.obj
D:\github\libccd\build\ccd_static.dir\Release\support.obj
D:\github\libccd\build\ccd_static.dir\Release\vec3.obj
D:\github\libccd\build\ccd_static.dir\Release\cl.command.1.tlog
D:\github\libccd\build\ccd_static.dir\Release\CL.read.1.tlog
D:\github\libccd\build\ccd_static.dir\Release\CL.write.1.tlog
D:\github\libccd\build\ccd_static.dir\Release\custombuild.command.1.tlog
D:\github\libccd\build\ccd_static.dir\Release\custombuild.read.1.tlog
D:\github\libccd\build\ccd_static.dir\Release\custombuild.write.1.tlog
D:\github\libccd\build\ccd_static.dir\Release\Lib-link.read.1.tlog
D:\github\libccd\build\ccd_static.dir\Release\Lib-link.write.1.tlog
D:\github\libccd\build\ccd_static.dir\Release\lib.command.1.tlog
