models/apple.obj 	points number: 8118
K = 46
ModelNum = 10
ach banchtest (10 times) totally: 9.00
cluster time (10 times) totally: 1.00
normalsize = 46
Projection time banchtest(10 times) CPU(SSE) totaly:6
duality mapping
duality mapping time (10 times) totally: 2.00
Polytopes: 46
reading 9 model configs(plus fixed one,total = 10)
build boundingbox time : 0.00
collision detection box time: 0.00
box collision size: 2
build AABB time : 33.00
build AABB count: 3
The Following result uses KCBP(AABB) filter first
build AABB time 4 KCBP : 1.00
kcbp collision size(AABB filter) : 2
kcbp model check count: 3
total collision time(KCBP AABB filter) : 0.00
collision pairs : 2
The Following result uses KCBP(GJK) filter first
init GJK time 4 KCBP : 0.00
kcbp collision size(GJK filter) : 2
total collision time(KCBP GJK filter) : 0.00
collision pairs : 2
models/apple.obj 	points number: 8118
K = 46
ModelNum = 20
ach banchtest (20 times) totally: 18.00
cluster time (20 times) totally: 2.00
normalsize = 46
Projection time banchtest(20 times) CPU(SSE) totaly:12
duality mapping
duality mapping time (20 times) totally: 7.00
Polytopes: 46
reading 19 model configs(plus fixed one,total = 20)
build boundingbox time : 0.00
collision detection box time: 0.00
box collision size: 5
build AABB time : 89.00
build AABB count: 8
The Following result uses KCBP(AABB) filter first
build AABB time 4 KCBP : 1.00
kcbp collision size(AABB filter) : 3
kcbp model check count: 8
total collision time(KCBP AABB filter) : 0.00
collision pairs : 2
The Following result uses KCBP(GJK) filter first
init GJK time 4 KCBP : 0.00
kcbp collision size(GJK filter) : 3
total collision time(KCBP GJK filter) : 0.00
collision pairs : 2
models/apple.obj 	points number: 8118
K = 46
ModelNum = 30
ach banchtest (30 times) totally: 47.00
cluster time (30 times) totally: 3.00
normalsize = 46
Projection time banchtest(30 times) CPU(SSE) totaly:18
duality mapping
duality mapping time (30 times) totally: 8.00
Polytopes: 46
reading 29 model configs(plus fixed one,total = 30)
build boundingbox time : 1.00
collision detection box time: 0.00
box collision size: 37
build AABB time : 289.00
build AABB count: 25
The Following result uses KCBP(AABB) filter first
build AABB time 4 KCBP : 3.00
kcbp collision size(AABB filter) : 28
kcbp model check count: 25
total collision time(KCBP AABB filter) : 1.00
collision pairs : 27
The Following result uses KCBP(GJK) filter first
init GJK time 4 KCBP : 1.00
kcbp collision size(GJK filter) : 28
total collision time(KCBP GJK filter) : 2.00
collision pairs : 27
models/apple.obj 	points number: 8118
K = 46
ModelNum = 40
ach banchtest (40 times) totally: 37.00
cluster time (40 times) totally: 4.00
normalsize = 46
Projection time banchtest(40 times) CPU(SSE) totaly:23
duality mapping
duality mapping time (40 times) totally: 11.00
Polytopes: 46
reading 39 model configs(plus fixed one,total = 40)
build boundingbox time : 1.00
collision detection box time: 0.00
box collision size: 26
build AABB time : 365.00
build AABB count: 33
The Following result uses KCBP(AABB) filter first
build AABB time 4 KCBP : 3.00
kcbp collision size(AABB filter) : 20
kcbp model check count: 33
total collision time(KCBP AABB filter) : 1.00
collision pairs : 20
The Following result uses KCBP(GJK) filter first
init GJK time 4 KCBP : 2.00
kcbp collision size(GJK filter) : 20
total collision time(KCBP GJK filter) : 0.00
collision pairs : 20
models/apple.obj 	points number: 8118
K = 46
ModelNum = 50
ach banchtest (50 times) totally: 44.00
cluster time (50 times) totally: 5.00
normalsize = 46
Projection time banchtest(50 times) CPU(SSE) totaly:29
duality mapping
duality mapping time (50 times) totally: 13.00
Polytopes: 46
reading 49 model configs(plus fixed one,total = 50)
build boundingbox time : 1.00
collision detection box time: 0.00
box collision size: 44
build AABB time : 445.00
build AABB count: 40
The Following result uses KCBP(AABB) filter first
build AABB time 4 KCBP : 4.00
kcbp collision size(AABB filter) : 35
kcbp model check count: 40
total collision time(KCBP AABB filter) : 1.00
collision pairs : 33
The Following result uses KCBP(GJK) filter first
init GJK time 4 KCBP : 2.00
kcbp collision size(GJK filter) : 35
total collision time(KCBP GJK filter) : 2.00
collision pairs : 33
models/apple.obj 	points number: 8118
K = 46
ModelNum = 60
ach banchtest (60 times) totally: 66.00
cluster time (60 times) totally: 5.00
normalsize = 46
Projection time banchtest(60 times) CPU(SSE) totaly:36
duality mapping
duality mapping time (60 times) totally: 16.00
Polytopes: 46
reading 59 model configs(plus fixed one,total = 60)
build boundingbox time : 2.00
collision detection box time: 0.00
box collision size: 70
build AABB time : 603.00
build AABB count: 55
The Following result uses KCBP(AABB) filter first
build AABB time 4 KCBP : 6.00
kcbp collision size(AABB filter) : 56
kcbp model check count: 55
total collision time(KCBP AABB filter) : 2.00
collision pairs : 53
The Following result uses KCBP(GJK) filter first
init GJK time 4 KCBP : 3.00
kcbp collision size(GJK filter) : 56
total collision time(KCBP GJK filter) : 2.00
collision pairs : 53
models/apple.obj 	points number: 8118
K = 46
ModelNum = 70
ach banchtest (70 times) totally: 62.00
cluster time (70 times) totally: 6.00
normalsize = 46
Projection time banchtest(70 times) CPU(SSE) totaly:41
duality mapping
duality mapping time (70 times) totally: 19.00
Polytopes: 46
reading 69 model configs(plus fixed one,total = 70)
build boundingbox time : 1.00
collision detection box time: 0.00
box collision size: 90
build AABB time : 692.00
build AABB count: 63
The Following result uses KCBP(AABB) filter first
build AABB time 4 KCBP : 6.00
kcbp collision size(AABB filter) : 64
kcbp model check count: 63
total collision time(KCBP AABB filter) : 3.00
collision pairs : 60
The Following result uses KCBP(GJK) filter first
init GJK time 4 KCBP : 5.00
kcbp collision size(GJK filter) : 64
total collision time(KCBP GJK filter) : 3.00
collision pairs : 60
models/apple.obj 	points number: 8118
K = 46
ModelNum = 80
ach banchtest (80 times) totally: 71.00
cluster time (80 times) totally: 7.00
normalsize = 46
Projection time banchtest(80 times) CPU(SSE) totaly:47
duality mapping
duality mapping time (80 times) totally: 21.00
Polytopes: 46
reading 79 model configs(plus fixed one,total = 80)
build boundingbox time : 2.00
collision detection box time: 0.00
box collision size: 123
build AABB time : 861.00
build AABB count: 78
The Following result uses KCBP(AABB) filter first
build AABB time 4 KCBP : 8.00
kcbp collision size(AABB filter) : 90
kcbp model check count: 78
total collision time(KCBP AABB filter) : 4.00
collision pairs : 86
The Following result uses KCBP(GJK) filter first
init GJK time 4 KCBP : 6.00
kcbp collision size(GJK filter) : 90
total collision time(KCBP GJK filter) : 5.00
collision pairs : 86
models/apple.obj 	points number: 8118
K = 46
ModelNum = 90
ach banchtest (90 times) totally: 90.00
cluster time (90 times) totally: 8.00
normalsize = 46
Projection time banchtest(90 times) CPU(SSE) totaly:53
duality mapping
duality mapping time (90 times) totally: 24.00
Polytopes: 46
reading 89 model configs(plus fixed one,total = 90)
build boundingbox time : 2.00
collision detection box time: 0.00
box collision size: 144
build AABB time : 921.00
build AABB count: 84
The Following result uses KCBP(AABB) filter first
build AABB time 4 KCBP : 8.00
kcbp collision size(AABB filter) : 106
kcbp model check count: 84
total collision time(KCBP AABB filter) : 4.00
collision pairs : 103
The Following result uses KCBP(GJK) filter first
init GJK time 4 KCBP : 7.00
kcbp collision size(GJK filter) : 106
total collision time(KCBP GJK filter) : 5.00
collision pairs : 103
models/apple.obj 	points number: 8118
K = 46
ModelNum = 100
ach banchtest (100 times) totally: 102.00
cluster time (100 times) totally: 9.00
normalsize = 46
Projection time banchtest(100 times) CPU(SSE) totaly:59
duality mapping
duality mapping time (100 times) totally: 26.00
Polytopes: 46
reading 99 model configs(plus fixed one,total = 100)
build boundingbox time : 2.00
collision detection box time: 0.00
box collision size: 220
build AABB time : 1019.00
build AABB count: 93
The Following result uses KCBP(AABB) filter first
build AABB time 4 KCBP : 10.00
kcbp collision size(AABB filter) : 175
kcbp model check count: 93
total collision time(KCBP AABB filter) : 7.00
collision pairs : 169
The Following result uses KCBP(GJK) filter first
init GJK time 4 KCBP : 10.00
kcbp collision size(GJK filter) : 175
total collision time(KCBP GJK filter) : 8.00
collision pairs : 169
