models/budda.obj 	points number: 31232
K = 46
ModelNum = 10
ach banchtest (10 times) totally: 18.00
cluster time (10 times) totally: 1.00
normalsize = 46
Projection time banchtest(10 times) CPU(SSE) totaly:23
duality mapping
duality mapping time (10 times) totally: 3.00
Polytopes: 46
reading 9 model configs(plus fixed one,total = 10)
build boundingbox time : 1.00
collision detection box time: 0.00
box collision size: 2
build AABB time : 281.00
build AABB count: 3
The Following result uses KCBP(AABB) filter first
build AABB time 4 KCBP : 1.00
kcbp collision size(AABB filter) : 0
kcbp model check count: 3
total collision time(KCBP AABB filter) : 0.00
collision pairs : 0
The Following result uses KCBP(GJK) filter first
init GJK time 4 KCBP : 0.00
kcbp collision size(GJK filter) : 0
total collision time(KCBP GJK filter) : 0.00
collision pairs : 0
models/budda.obj 	points number: 31232
K = 46
ModelNum = 20
ach banchtest (20 times) totally: 33.00
cluster time (20 times) totally: 2.00
normalsize = 46
Projection time banchtest(20 times) CPU(SSE) totaly:48
duality mapping
duality mapping time (20 times) totally: 5.00
Polytopes: 46
reading 19 model configs(plus fixed one,total = 20)
build boundingbox time : 3.00
collision detection box time: 0.00
box collision size: 3
build AABB time : 466.00
build AABB count: 5
The Following result uses KCBP(AABB) filter first
build AABB time 4 KCBP : 0.00
kcbp collision size(AABB filter) : 2
kcbp model check count: 5
total collision time(KCBP AABB filter) : 2.00
collision pairs : 2
The Following result uses KCBP(GJK) filter first
init GJK time 4 KCBP : 0.00
kcbp collision size(GJK filter) : 2
total collision time(KCBP GJK filter) : 2.00
collision pairs : 2
models/budda.obj 	points number: 31232
K = 46
ModelNum = 30
ach banchtest (30 times) totally: 51.00
cluster time (30 times) totally: 3.00
normalsize = 46
Projection time banchtest(30 times) CPU(SSE) totaly:71
duality mapping
duality mapping time (30 times) totally: 8.00
Polytopes: 46
reading 29 model configs(plus fixed one,total = 30)
build boundingbox time : 4.00
collision detection box time: 0.00
box collision size: 34
build AABB time : 2287.00
build AABB count: 25
The Following result uses KCBP(AABB) filter first
build AABB time 4 KCBP : 2.00
kcbp collision size(AABB filter) : 17
kcbp model check count: 25
total collision time(KCBP AABB filter) : 16.00
collision pairs : 16
The Following result uses KCBP(GJK) filter first
init GJK time 4 KCBP : 2.00
kcbp collision size(GJK filter) : 17
total collision time(KCBP GJK filter) : 15.00
collision pairs : 16
models/budda.obj 	points number: 31232
K = 46
ModelNum = 40
ach banchtest (40 times) totally: 65.00
cluster time (40 times) totally: 4.00
normalsize = 46
Projection time banchtest(40 times) CPU(SSE) totaly:96
duality mapping
duality mapping time (40 times) totally: 11.00
Polytopes: 46
reading 39 model configs(plus fixed one,total = 40)
build boundingbox time : 3.00
collision detection box time: 0.00
box collision size: 26
build AABB time : 3138.00
build AABB count: 34
The Following result uses KCBP(AABB) filter first
build AABB time 4 KCBP : 3.00
kcbp collision size(AABB filter) : 18
kcbp model check count: 34
total collision time(KCBP AABB filter) : 21.00
collision pairs : 15
The Following result uses KCBP(GJK) filter first
init GJK time 4 KCBP : 2.00
kcbp collision size(GJK filter) : 18
total collision time(KCBP GJK filter) : 20.00
collision pairs : 15
models/budda.obj 	points number: 31232
K = 46
ModelNum = 50
ach banchtest (50 times) totally: 82.00
cluster time (50 times) totally: 4.00
normalsize = 46
Projection time banchtest(50 times) CPU(SSE) totaly:119
duality mapping
duality mapping time (50 times) totally: 13.00
Polytopes: 46
reading 49 model configs(plus fixed one,total = 50)
build boundingbox time : 5.00
collision detection box time: 0.00
box collision size: 52
build AABB time : 4042.00
build AABB count: 44
The Following result uses KCBP(AABB) filter first
build AABB time 4 KCBP : 4.00
kcbp collision size(AABB filter) : 29
kcbp model check count: 44
total collision time(KCBP AABB filter) : 7.00
collision pairs : 21
The Following result uses KCBP(GJK) filter first
init GJK time 4 KCBP : 3.00
kcbp collision size(GJK filter) : 29
total collision time(KCBP GJK filter) : 6.00
collision pairs : 21
models/budda.obj 	points number: 31232
K = 46
ModelNum = 60
ach banchtest (60 times) totally: 97.00
cluster time (60 times) totally: 6.00
normalsize = 46
Projection time banchtest(60 times) CPU(SSE) totaly:142
duality mapping
duality mapping time (60 times) totally: 16.00
Polytopes: 46
reading 59 model configs(plus fixed one,total = 60)
build boundingbox time : 6.00
collision detection box time: 0.00
box collision size: 68
build AABB time : 4879.00
build AABB count: 53
The Following result uses KCBP(AABB) filter first
build AABB time 4 KCBP : 5.00
kcbp collision size(AABB filter) : 40
kcbp model check count: 53
total collision time(KCBP AABB filter) : 7.00
collision pairs : 34
The Following result uses KCBP(GJK) filter first
init GJK time 4 KCBP : 3.00
kcbp collision size(GJK filter) : 40
total collision time(KCBP GJK filter) : 7.00
collision pairs : 34
models/budda.obj 	points number: 31232
K = 46
ModelNum = 70
ach banchtest (70 times) totally: 113.00
cluster time (70 times) totally: 7.00
normalsize = 46
Projection time banchtest(70 times) CPU(SSE) totaly:167
duality mapping
duality mapping time (70 times) totally: 19.00
Polytopes: 46
reading 69 model configs(plus fixed one,total = 70)
build boundingbox time : 8.00
collision detection box time: 0.00
box collision size: 100
build AABB time : 5981.00
build AABB count: 64
The Following result uses KCBP(AABB) filter first
build AABB time 4 KCBP : 6.00
kcbp collision size(AABB filter) : 48
kcbp model check count: 64
total collision time(KCBP AABB filter) : 59.00
collision pairs : 39
The Following result uses KCBP(GJK) filter first
init GJK time 4 KCBP : 5.00
kcbp collision size(GJK filter) : 48
total collision time(KCBP GJK filter) : 59.00
collision pairs : 39
models/budda.obj 	points number: 31232
K = 46
ModelNum = 80
ach banchtest (80 times) totally: 130.00
cluster time (80 times) totally: 7.00
normalsize = 46
Projection time banchtest(80 times) CPU(SSE) totaly:191
duality mapping
duality mapping time (80 times) totally: 21.00
Polytopes: 46
reading 79 model configs(plus fixed one,total = 80)
build boundingbox time : 8.00
collision detection box time: 0.00
box collision size: 119
build AABB time : 7058.00
build AABB count: 76
The Following result uses KCBP(AABB) filter first
build AABB time 4 KCBP : 7.00
kcbp collision size(AABB filter) : 66
kcbp model check count: 76
total collision time(KCBP AABB filter) : 50.00
collision pairs : 57
The Following result uses KCBP(GJK) filter first
init GJK time 4 KCBP : 6.00
kcbp collision size(GJK filter) : 66
total collision time(KCBP GJK filter) : 49.00
collision pairs : 57
models/budda.obj 	points number: 31232
K = 46
ModelNum = 90
ach banchtest (90 times) totally: 146.00
cluster time (90 times) totally: 9.00
normalsize = 46
Projection time banchtest(90 times) CPU(SSE) totaly:217
duality mapping
duality mapping time (90 times) totally: 23.00
Polytopes: 46
reading 89 model configs(plus fixed one,total = 90)
build boundingbox time : 9.00
collision detection box time: 0.00
box collision size: 145
build AABB time : 7726.00
build AABB count: 84
The Following result uses KCBP(AABB) filter first
build AABB time 4 KCBP : 8.00
kcbp collision size(AABB filter) : 81
kcbp model check count: 84
total collision time(KCBP AABB filter) : 67.00
collision pairs : 65
The Following result uses KCBP(GJK) filter first
init GJK time 4 KCBP : 8.00
kcbp collision size(GJK filter) : 81
total collision time(KCBP GJK filter) : 66.00
collision pairs : 65
models/budda.obj 	points number: 31232
K = 46
ModelNum = 100
ach banchtest (100 times) totally: 164.00
cluster time (100 times) totally: 9.00
normalsize = 46
Projection time banchtest(100 times) CPU(SSE) totaly:266
duality mapping
duality mapping time (100 times) totally: 29.00
Polytopes: 46
reading 99 model configs(plus fixed one,total = 100)
build boundingbox time : 9.00
collision detection box time: 0.00
box collision size: 237
build AABB time : 8642.00
build AABB count: 93
The Following result uses KCBP(AABB) filter first
build AABB time 4 KCBP : 9.00
kcbp collision size(AABB filter) : 138
kcbp model check count: 93
total collision time(KCBP AABB filter) : 97.00
collision pairs : 113
The Following result uses KCBP(GJK) filter first
init GJK time 4 KCBP : 11.00
kcbp collision size(GJK filter) : 138
total collision time(KCBP GJK filter) : 95.00
collision pairs : 113
