models/hand.obj 	points number: 64349
K = 46
ModelNum = 10
ach banchtest (10 times) totally: 28.00
cluster time (10 times) totally: 0.00
normalsize = 46
Projection time banchtest(10 times) CPU(SSE) totaly:49
duality mapping
duality mapping time (10 times) totally: 3.00
Polytopes: 46
reading 9 model configs(plus fixed one,total = 10)
build boundingbox time : 2.00
collision detection box time: 0.00
box collision size: 1
build AABB time : 499.00
build AABB count: 2
The Following result uses KCBP(AABB) filter first
build AABB time 4 KCBP : 0.00
kcbp collision size(AABB filter) : 0
kcbp model check count: 2
total collision time(KCBP AABB filter) : 0.00
collision pairs : 0
The Following result uses KCBP(GJK) filter first
init GJK time 4 KCBP : 0.00
kcbp collision size(GJK filter) : 0
total collision time(KCBP GJK filter) : 0.00
collision pairs : 0
models/hand.obj 	points number: 64349
K = 46
ModelNum = 20
ach banchtest (20 times) totally: 68.00
cluster time (20 times) totally: 1.00
normalsize = 46
Projection time banchtest(20 times) CPU(SSE) totaly:97
duality mapping
duality mapping time (20 times) totally: 5.00
Polytopes: 46
reading 19 model configs(plus fixed one,total = 20)
build boundingbox time : 5.00
collision detection box time: 0.00
box collision size: 3
build AABB time : 1232.00
build AABB count: 5
The Following result uses KCBP(AABB) filter first
build AABB time 4 KCBP : 0.00
kcbp collision size(AABB filter) : 2
kcbp model check count: 5
total collision time(KCBP AABB filter) : 0.00
collision pairs : 2
The Following result uses KCBP(GJK) filter first
init GJK time 4 KCBP : 0.00
kcbp collision size(GJK filter) : 2
total collision time(KCBP GJK filter) : 0.00
collision pairs : 2
models/hand.obj 	points number: 64349
K = 46
ModelNum = 30
ach banchtest (30 times) totally: 84.00
cluster time (30 times) totally: 2.00
normalsize = 46
Projection time banchtest(30 times) CPU(SSE) totaly:161
duality mapping
duality mapping time (30 times) totally: 7.00
Polytopes: 46
reading 29 model configs(plus fixed one,total = 30)
build boundingbox time : 7.00
collision detection box time: 0.00
box collision size: 29
build AABB time : 5396.00
build AABB count: 22
The Following result uses KCBP(AABB) filter first
build AABB time 4 KCBP : 2.00
kcbp collision size(AABB filter) : 11
kcbp model check count: 22
total collision time(KCBP AABB filter) : 1.00
collision pairs : 7
The Following result uses KCBP(GJK) filter first
init GJK time 4 KCBP : 1.00
kcbp collision size(GJK filter) : 11
total collision time(KCBP GJK filter) : 0.00
collision pairs : 7
models/hand.obj 	points number: 64349
K = 46
ModelNum = 40
ach banchtest (40 times) totally: 108.00
cluster time (40 times) totally: 3.00
normalsize = 46
Projection time banchtest(40 times) CPU(SSE) totaly:193
duality mapping
duality mapping time (40 times) totally: 10.00
Polytopes: 46
reading 39 model configs(plus fixed one,total = 40)
build boundingbox time : 9.00
collision detection box time: 0.00
box collision size: 15
build AABB time : 6602.00
build AABB count: 27
The Following result uses KCBP(AABB) filter first
build AABB time 4 KCBP : 3.00
kcbp collision size(AABB filter) : 9
kcbp model check count: 27
total collision time(KCBP AABB filter) : 0.00
collision pairs : 8
The Following result uses KCBP(GJK) filter first
init GJK time 4 KCBP : 1.00
kcbp collision size(GJK filter) : 9
total collision time(KCBP GJK filter) : 0.00
collision pairs : 8
models/hand.obj 	points number: 64349
K = 46
ModelNum = 50
ach banchtest (50 times) totally: 132.00
cluster time (50 times) totally: 4.00
normalsize = 46
Projection time banchtest(50 times) CPU(SSE) totaly:241
duality mapping
duality mapping time (50 times) totally: 13.00
Polytopes: 46
reading 49 model configs(plus fixed one,total = 50)
build boundingbox time : 13.00
collision detection box time: 0.00
box collision size: 27
build AABB time : 7626.00
build AABB count: 31
The Following result uses KCBP(AABB) filter first
build AABB time 4 KCBP : 3.00
kcbp collision size(AABB filter) : 16
kcbp model check count: 31
total collision time(KCBP AABB filter) : 1.00
collision pairs : 11
The Following result uses KCBP(GJK) filter first
init GJK time 4 KCBP : 1.00
kcbp collision size(GJK filter) : 16
total collision time(KCBP GJK filter) : 1.00
collision pairs : 11
models/hand.obj 	points number: 64349
K = 46
ModelNum = 60
ach banchtest (60 times) totally: 161.00
cluster time (60 times) totally: 5.00
normalsize = 46
Projection time banchtest(60 times) CPU(SSE) totaly:298
duality mapping
duality mapping time (60 times) totally: 16.00
Polytopes: 46
reading 59 model configs(plus fixed one,total = 60)
build boundingbox time : 17.00
collision detection box time: 0.00
box collision size: 43
build AABB time : 11989.00
build AABB count: 48
The Following result uses KCBP(AABB) filter first
build AABB time 4 KCBP : 5.00
kcbp collision size(AABB filter) : 24
kcbp model check count: 48
total collision time(KCBP AABB filter) : 2.00
collision pairs : 16
The Following result uses KCBP(GJK) filter first
init GJK time 4 KCBP : 2.00
kcbp collision size(GJK filter) : 24
total collision time(KCBP GJK filter) : 1.00
collision pairs : 16
