D:\CPP\COLLISION DETECTION\COLLDET\COLLDET\COMMON\INSTALL\LIB\WIN\RELEASE\VERSION_DEF.OBJ
D:\CPP\COLLISION DETECTION\COLLDET\COLLDET\COMMON\INSTALL\LIB\WIN\RELEASE\USER.OBJ
D:\CPP\COLLISION DETECTION\COLLDET\COLLDET\COMMON\INSTALL\LIB\WIN\RELEASE\STAT.OBJ
D:\CPP\COLLISION DETECTION\COLLDET\COLLDET\COMMON\INSTALL\LIB\WIN\RELEASE\SET.OBJ
D:\CPP\COLLISION DETECTION\COLLDET\COLLDET\COMMON\INSTALL\LIB\WIN\RELEASE\QHULL_IO.OBJ
D:\CPP\COLLISION DETECTION\COLLDET\COLLDET\COMMON\INSTALL\LIB\WIN\RELEASE\QHULL.OBJ
D:\CPP\COLLISION DETECTION\COLLDET\COLLDET\COMMON\INSTALL\LIB\WIN\RELEASE\POLY2.OBJ
D:\CPP\COLLISION DETECTION\COLLDET\COLLDET\COMMON\INSTALL\LIB\WIN\RELEASE\POLY.OBJ
D:\CPP\COLLISION DETECTION\COLLDET\COLLDET\COMMON\INSTALL\LIB\WIN\RELEASE\MERGE.OBJ
D:\CPP\COLLISION DETECTION\COLLDET\COLLDET\COMMON\INSTALL\LIB\WIN\RELEASE\MEM.OBJ
D:\CPP\COLLISION DETECTION\COLLDET\COLLDET\COMMON\INSTALL\LIB\WIN\RELEASE\GLOBAL.OBJ
D:\CPP\COLLISION DETECTION\COLLDET\COLLDET\COMMON\INSTALL\LIB\WIN\RELEASE\GEOM2.OBJ
D:\CPP\COLLISION DETECTION\COLLDET\COLLDET\COMMON\INSTALL\LIB\WIN\RELEASE\GEOM.OBJ
D:\CPP\COLLISION DETECTION\COLLDET\COLLDET\COMMON\INSTALL\LIB\WIN\RELEASE\VC110.PDB
D:\cpp\collision detection\CollDet\CollDet\install\lib\win\Release\qhull.lib
D:\cpp\collision detection\CollDet\CollDet\install\lib\win\Release\qhull.exp
D:\CPP\COLLISION DETECTION\COLLDET\COLLDET\INSTALL\LIB\WIN\RELEASE\QHULL.DLL
D:\cpp\collision detection\CollDet\CollDet\common\install\lib\win\Release\geom.obj
D:\cpp\collision detection\CollDet\CollDet\common\install\lib\win\Release\geom2.obj
D:\cpp\collision detection\CollDet\CollDet\common\install\lib\win\Release\global.obj
D:\cpp\collision detection\CollDet\CollDet\common\install\lib\win\Release\mem.obj
D:\cpp\collision detection\CollDet\CollDet\common\install\lib\win\Release\merge.obj
D:\cpp\collision detection\CollDet\CollDet\common\install\lib\win\Release\poly.obj
D:\cpp\collision detection\CollDet\CollDet\common\install\lib\win\Release\poly2.obj
D:\cpp\collision detection\CollDet\CollDet\common\install\lib\win\Release\qhull.obj
D:\cpp\collision detection\CollDet\CollDet\common\install\lib\win\Release\qhull_io.obj
D:\cpp\collision detection\CollDet\CollDet\common\install\lib\win\Release\set.obj
D:\cpp\collision detection\CollDet\CollDet\common\install\lib\win\Release\stat.obj
D:\cpp\collision detection\CollDet\CollDet\common\install\lib\win\Release\user.obj
D:\cpp\collision detection\CollDet\CollDet\common\install\lib\win\Release\version_def.obj
D:\cpp\collision detection\CollDet\CollDet\common\install\lib\win\Release\cl.command.1.tlog
D:\cpp\collision detection\CollDet\CollDet\common\install\lib\win\Release\CL.read.1.tlog
D:\cpp\collision detection\CollDet\CollDet\common\install\lib\win\Release\CL.write.1.tlog
D:\cpp\collision detection\CollDet\CollDet\common\install\lib\win\Release\common.write.1.tlog
D:\cpp\collision detection\CollDet\CollDet\common\install\lib\win\Release\link-cvtres.read.1.tlog
D:\cpp\collision detection\CollDet\CollDet\common\install\lib\win\Release\link-cvtres.write.1.tlog
D:\cpp\collision detection\CollDet\CollDet\common\install\lib\win\Release\link-rc.read.1.tlog
D:\cpp\collision detection\CollDet\CollDet\common\install\lib\win\Release\link-rc.write.1.tlog
D:\cpp\collision detection\CollDet\CollDet\common\install\lib\win\Release\link.command.1.tlog
D:\cpp\collision detection\CollDet\CollDet\common\install\lib\win\Release\link.read.1.tlog
D:\cpp\collision detection\CollDet\CollDet\common\install\lib\win\Release\link.write.1.tlog
D:\cpp\collision detection\CollDet\CollDet\common\install\lib\win\Release\vc110.pdb
D:\cpp\collision detection\CollDet\CollDet\visual_studio\common\..\..\install\lib\win\Release\qhull.dll
